{"D:\\kerjaan\\h8_training\\final_project\\backend\\app.js": {"path":"D:\\kerjaan\\h8_training\\final_project\\backend\\app.js","statementMap":{"0":{"start":{"line":1,"column":0},"end":{"line":3,"column":1}},"1":{"start":{"line":2,"column":4},"end":{"line":2,"column":30}},"2":{"start":{"line":5,"column":13},"end":{"line":5,"column":28}},"3":{"start":{"line":6,"column":17},"end":{"line":6,"column":35}},"4":{"start":{"line":7,"column":12},"end":{"line":7,"column":21}},"5":{"start":{"line":8,"column":13},"end":{"line":8,"column":28}},"6":{"start":{"line":9,"column":15},"end":{"line":9,"column":42}},"7":{"start":{"line":10,"column":17},"end":{"line":10,"column":48}},"8":{"start":{"line":11,"column":16},"end":{"line":11,"column":25}},"9":{"start":{"line":13,"column":0},"end":{"line":13,"column":46}},"10":{"start":{"line":14,"column":0},"end":{"line":14,"column":44}},"11":{"start":{"line":15,"column":0},"end":{"line":15,"column":23}},"12":{"start":{"line":16,"column":0},"end":{"line":16,"column":64}},"13":{"start":{"line":17,"column":0},"end":{"line":17,"column":15}},"14":{"start":{"line":28,"column":0},"end":{"line":28,"column":30}}},"fnMap":{},"branchMap":{"0":{"loc":{"start":{"line":1,"column":0},"end":{"line":3,"column":1}},"type":"if","locations":[{"start":{"line":1,"column":0},"end":{"line":3,"column":1}},{"start":{},"end":{}}],"line":1}},"s":{"0":2,"1":2,"2":2,"3":2,"4":2,"5":2,"6":2,"7":2,"8":2,"9":2,"10":2,"11":2,"12":2,"13":2,"14":2},"f":{},"b":{"0":[2,0]},"_coverageSchema":"1a1c01bbd47fc00a2c39e90264f33305004495a9","hash":"e4e6a22428a89965f749058cf1f256f13b16ccce"}
,"D:\\kerjaan\\h8_training\\final_project\\backend\\controllers\\adminController.js": {"path":"D:\\kerjaan\\h8_training\\final_project\\backend\\controllers\\adminController.js","statementMap":{"0":{"start":{"line":1,"column":28},"end":{"line":1,"column":56}},"1":{"start":{"line":2,"column":21},"end":{"line":2,"column":50}},"2":{"start":{"line":3,"column":22},"end":{"line":3,"column":47}},"3":{"start":{"line":4,"column":48},"end":{"line":4,"column":68}},"4":{"start":{"line":5,"column":22},"end":{"line":5,"column":58}},"5":{"start":{"line":6,"column":21},"end":{"line":6,"column":56}},"6":{"start":{"line":7,"column":15},"end":{"line":7,"column":35}},"7":{"start":{"line":13,"column":8},"end":{"line":46,"column":9}},"8":{"start":{"line":14,"column":37},"end":{"line":14,"column":45}},"9":{"start":{"line":15,"column":12},"end":{"line":15,"column":71}},"10":{"start":{"line":15,"column":37},"end":{"line":15,"column":71}},"11":{"start":{"line":16,"column":32},"end":{"line":16,"column":71}},"12":{"start":{"line":17,"column":12},"end":{"line":17,"column":63}},"13":{"start":{"line":17,"column":30},"end":{"line":17,"column":63}},"14":{"start":{"line":18,"column":27},"end":{"line":18,"column":79}},"15":{"start":{"line":20,"column":12},"end":{"line":20,"column":61}},"16":{"start":{"line":20,"column":28},"end":{"line":20,"column":61}},"17":{"start":{"line":22,"column":30},"end":{"line":22,"column":76}},"18":{"start":{"line":24,"column":12},"end":{"line":24,"column":61}},"19":{"start":{"line":24,"column":28},"end":{"line":24,"column":61}},"20":{"start":{"line":26,"column":31},"end":{"line":26,"column":67}},"21":{"start":{"line":28,"column":33},"end":{"line":28,"column":57}},"22":{"start":{"line":29,"column":12},"end":{"line":29,"column":53}},"23":{"start":{"line":31,"column":12},"end":{"line":31,"column":62}},"24":{"start":{"line":33,"column":12},"end":{"line":33,"column":39}},"25":{"start":{"line":34,"column":12},"end":{"line":34,"column":40}},"26":{"start":{"line":35,"column":12},"end":{"line":35,"column":40}},"27":{"start":{"line":36,"column":30},"end":{"line":41,"column":13}},"28":{"start":{"line":43,"column":12},"end":{"line":43,"column":43}},"29":{"start":{"line":45,"column":12},"end":{"line":45,"column":21}},"30":{"start":{"line":50,"column":8},"end":{"line":66,"column":9}},"31":{"start":{"line":51,"column":60},"end":{"line":51,"column":68}},"32":{"start":{"line":52,"column":12},"end":{"line":52,"column":91}},"33":{"start":{"line":52,"column":66},"end":{"line":52,"column":91}},"34":{"start":{"line":54,"column":35},"end":{"line":54,"column":66}},"35":{"start":{"line":56,"column":32},"end":{"line":56,"column":78}},"36":{"start":{"line":58,"column":30},"end":{"line":61,"column":13}},"37":{"start":{"line":63,"column":12},"end":{"line":63,"column":43}},"38":{"start":{"line":65,"column":12},"end":{"line":65,"column":21}},"39":{"start":{"line":70,"column":46},"end":{"line":70,"column":55}},"40":{"start":{"line":71,"column":30},"end":{"line":71,"column":32}},"41":{"start":{"line":76,"column":8},"end":{"line":91,"column":9}},"42":{"start":{"line":78,"column":12},"end":{"line":86,"column":13}},"43":{"start":{"line":79,"column":16},"end":{"line":81,"column":19}},"44":{"start":{"line":79,"column":68},"end":{"line":81,"column":17}},"45":{"start":{"line":83,"column":16},"end":{"line":85,"column":19}},"46":{"start":{"line":83,"column":65},"end":{"line":85,"column":17}},"47":{"start":{"line":88,"column":12},"end":{"line":90,"column":14}},"48":{"start":{"line":94,"column":8},"end":{"line":105,"column":9}},"49":{"start":{"line":96,"column":12},"end":{"line":100,"column":13}},"50":{"start":{"line":97,"column":12},"end":{"line":97,"column":36}},"51":{"start":{"line":99,"column":12},"end":{"line":99,"column":54}},"52":{"start":{"line":102,"column":12},"end":{"line":102,"column":40}},"53":{"start":{"line":104,"column":12},"end":{"line":104,"column":48}},"54":{"start":{"line":107,"column":8},"end":{"line":110,"column":9}},"55":{"start":{"line":108,"column":12},"end":{"line":108,"column":51}},"56":{"start":{"line":109,"column":12},"end":{"line":109,"column":74}},"57":{"start":{"line":112,"column":28},"end":{"line":112,"column":46}},"58":{"start":{"line":115,"column":8},"end":{"line":130,"column":9}},"59":{"start":{"line":116,"column":12},"end":{"line":119,"column":13}},"60":{"start":{"line":117,"column":12},"end":{"line":117,"column":30}},"61":{"start":{"line":118,"column":12},"end":{"line":118,"column":40}},"62":{"start":{"line":121,"column":12},"end":{"line":124,"column":13}},"63":{"start":{"line":122,"column":12},"end":{"line":122,"column":49}},"64":{"start":{"line":123,"column":12},"end":{"line":123,"column":42}},"65":{"start":{"line":126,"column":12},"end":{"line":126,"column":22}},"66":{"start":{"line":127,"column":12},"end":{"line":127,"column":23}},"67":{"start":{"line":128,"column":12},"end":{"line":128,"column":40}},"68":{"start":{"line":129,"column":12},"end":{"line":129,"column":42}},"69":{"start":{"line":133,"column":8},"end":{"line":133,"column":83}},"70":{"start":{"line":135,"column":8},"end":{"line":152,"column":9}},"71":{"start":{"line":136,"column":29},"end":{"line":136,"column":62}},"72":{"start":{"line":138,"column":34},"end":{"line":138,"column":65}},"73":{"start":{"line":140,"column":31},"end":{"line":140,"column":51}},"74":{"start":{"line":142,"column":30},"end":{"line":147,"column":13}},"75":{"start":{"line":149,"column":12},"end":{"line":149,"column":43}},"76":{"start":{"line":151,"column":12},"end":{"line":151,"column":21}},"77":{"start":{"line":156,"column":21},"end":{"line":156,"column":29}},"78":{"start":{"line":157,"column":8},"end":{"line":177,"column":9}},"79":{"start":{"line":161,"column":12},"end":{"line":167,"column":13}},"80":{"start":{"line":162,"column":16},"end":{"line":163,"column":80}},"81":{"start":{"line":165,"column":16},"end":{"line":166,"column":80}},"82":{"start":{"line":169,"column":30},"end":{"line":173,"column":13}},"83":{"start":{"line":174,"column":12},"end":{"line":174,"column":43}},"84":{"start":{"line":176,"column":12},"end":{"line":176,"column":21}},"85":{"start":{"line":181,"column":22},"end":{"line":181,"column":30}},"86":{"start":{"line":182,"column":25},"end":{"line":182,"column":27}},"87":{"start":{"line":183,"column":20},"end":{"line":185,"column":10}},"88":{"start":{"line":184,"column":12},"end":{"line":184,"column":28}},"89":{"start":{"line":187,"column":8},"end":{"line":189,"column":10}},"90":{"start":{"line":188,"column":12},"end":{"line":188,"column":36}},"91":{"start":{"line":191,"column":18},"end":{"line":191,"column":47}},"92":{"start":{"line":192,"column":8},"end":{"line":229,"column":9}},"93":{"start":{"line":194,"column":32},"end":{"line":194,"column":78}},"94":{"start":{"line":196,"column":12},"end":{"line":196,"column":115}},"95":{"start":{"line":196,"column":93},"end":{"line":196,"column":115}},"96":{"start":{"line":198,"column":12},"end":{"line":202,"column":13}},"97":{"start":{"line":199,"column":16},"end":{"line":201,"column":17}},"98":{"start":{"line":200,"column":20},"end":{"line":200,"column":43}},"99":{"start":{"line":205,"column":12},"end":{"line":213,"column":13}},"100":{"start":{"line":206,"column":30},"end":{"line":206,"column":62}},"101":{"start":{"line":207,"column":16},"end":{"line":207,"column":62}},"102":{"start":{"line":207,"column":40},"end":{"line":207,"column":62}},"103":{"start":{"line":208,"column":29},"end":{"line":208,"column":40}},"104":{"start":{"line":209,"column":16},"end":{"line":209,"column":47}},"105":{"start":{"line":211,"column":16},"end":{"line":211,"column":56}},"106":{"start":{"line":212,"column":16},"end":{"line":212,"column":77}},"107":{"start":{"line":216,"column":12},"end":{"line":216,"column":28}},"108":{"start":{"line":220,"column":30},"end":{"line":223,"column":13}},"109":{"start":{"line":225,"column":12},"end":{"line":225,"column":43}},"110":{"start":{"line":227,"column":12},"end":{"line":227,"column":30}},"111":{"start":{"line":228,"column":12},"end":{"line":228,"column":21}},"112":{"start":{"line":233,"column":8},"end":{"line":246,"column":9}},"113":{"start":{"line":234,"column":28},"end":{"line":234,"column":62}},"114":{"start":{"line":236,"column":12},"end":{"line":236,"column":48}},"115":{"start":{"line":236,"column":26},"end":{"line":236,"column":48}},"116":{"start":{"line":238,"column":30},"end":{"line":242,"column":13}},"117":{"start":{"line":243,"column":12},"end":{"line":243,"column":43}},"118":{"start":{"line":245,"column":12},"end":{"line":245,"column":21}},"119":{"start":{"line":250,"column":18},"end":{"line":250,"column":47}},"120":{"start":{"line":251,"column":8},"end":{"line":280,"column":9}},"121":{"start":{"line":253,"column":32},"end":{"line":253,"column":66}},"122":{"start":{"line":255,"column":12},"end":{"line":255,"column":52}},"123":{"start":{"line":255,"column":30},"end":{"line":255,"column":52}},"124":{"start":{"line":257,"column":12},"end":{"line":259,"column":13}},"125":{"start":{"line":258,"column":16},"end":{"line":258,"column":45}},"126":{"start":{"line":261,"column":12},"end":{"line":261,"column":103}},"127":{"start":{"line":262,"column":28},"end":{"line":262,"column":67}},"128":{"start":{"line":263,"column":12},"end":{"line":263,"column":85}},"129":{"start":{"line":266,"column":12},"end":{"line":266,"column":28}},"130":{"start":{"line":270,"column":30},"end":{"line":273,"column":13}},"131":{"start":{"line":275,"column":12},"end":{"line":275,"column":43}},"132":{"start":{"line":277,"column":12},"end":{"line":277,"column":30}},"133":{"start":{"line":278,"column":12},"end":{"line":278,"column":21}},"134":{"start":{"line":284,"column":18},"end":{"line":284,"column":47}},"135":{"start":{"line":285,"column":8},"end":{"line":311,"column":9}},"136":{"start":{"line":286,"column":69},"end":{"line":286,"column":77}},"137":{"start":{"line":287,"column":27},"end":{"line":287,"column":53}},"138":{"start":{"line":289,"column":12},"end":{"line":291,"column":13}},"139":{"start":{"line":290,"column":16},"end":{"line":290,"column":41}},"140":{"start":{"line":293,"column":25},"end":{"line":293,"column":113}},"141":{"start":{"line":295,"column":12},"end":{"line":295,"column":28}},"142":{"start":{"line":299,"column":30},"end":{"line":303,"column":13}},"143":{"start":{"line":305,"column":12},"end":{"line":305,"column":43}},"144":{"start":{"line":309,"column":12},"end":{"line":309,"column":30}},"145":{"start":{"line":310,"column":12},"end":{"line":310,"column":21}},"146":{"start":{"line":315,"column":18},"end":{"line":315,"column":47}},"147":{"start":{"line":316,"column":8},"end":{"line":351,"column":9}},"148":{"start":{"line":317,"column":25},"end":{"line":317,"column":35}},"149":{"start":{"line":318,"column":28},"end":{"line":318,"column":51}},"150":{"start":{"line":319,"column":12},"end":{"line":321,"column":13}},"151":{"start":{"line":320,"column":16},"end":{"line":320,"column":38}},"152":{"start":{"line":322,"column":25},"end":{"line":322,"column":27}},"153":{"start":{"line":323,"column":69},"end":{"line":323,"column":77}},"154":{"start":{"line":324,"column":12},"end":{"line":329,"column":13}},"155":{"start":{"line":325,"column":16},"end":{"line":325,"column":39}},"156":{"start":{"line":328,"column":16},"end":{"line":328,"column":51}},"157":{"start":{"line":331,"column":12},"end":{"line":333,"column":13}},"158":{"start":{"line":332,"column":16},"end":{"line":332,"column":41}},"159":{"start":{"line":335,"column":27},"end":{"line":335,"column":127}},"160":{"start":{"line":336,"column":12},"end":{"line":336,"column":28}},"161":{"start":{"line":337,"column":25},"end":{"line":337,"column":48}},"162":{"start":{"line":340,"column":30},"end":{"line":344,"column":13}},"163":{"start":{"line":346,"column":12},"end":{"line":346,"column":43}},"164":{"start":{"line":349,"column":12},"end":{"line":349,"column":30}},"165":{"start":{"line":350,"column":12},"end":{"line":350,"column":21}},"166":{"start":{"line":355,"column":18},"end":{"line":355,"column":47}},"167":{"start":{"line":356,"column":8},"end":{"line":373,"column":9}},"168":{"start":{"line":357,"column":25},"end":{"line":357,"column":35}},"169":{"start":{"line":358,"column":28},"end":{"line":358,"column":51}},"170":{"start":{"line":359,"column":12},"end":{"line":359,"column":48}},"171":{"start":{"line":359,"column":26},"end":{"line":359,"column":48}},"172":{"start":{"line":361,"column":25},"end":{"line":361,"column":76}},"173":{"start":{"line":362,"column":12},"end":{"line":362,"column":28}},"174":{"start":{"line":364,"column":30},"end":{"line":367,"column":13}},"175":{"start":{"line":368,"column":12},"end":{"line":368,"column":43}},"176":{"start":{"line":371,"column":12},"end":{"line":371,"column":30}},"177":{"start":{"line":372,"column":12},"end":{"line":372,"column":21}},"178":{"start":{"line":377,"column":8},"end":{"line":390,"column":9}},"179":{"start":{"line":378,"column":29},"end":{"line":380,"column":14}},"180":{"start":{"line":382,"column":30},"end":{"line":386,"column":13}},"181":{"start":{"line":387,"column":12},"end":{"line":387,"column":43}},"182":{"start":{"line":389,"column":12},"end":{"line":389,"column":23}},"183":{"start":{"line":395,"column":0},"end":{"line":395,"column":32}}},"fnMap":{"0":{"name":"(anonymous_0)","decl":{"start":{"line":12,"column":4},"end":{"line":12,"column":5}},"loc":{"start":{"line":12,"column":40},"end":{"line":47,"column":5}},"line":12},"1":{"name":"(anonymous_1)","decl":{"start":{"line":49,"column":4},"end":{"line":49,"column":5}},"loc":{"start":{"line":49,"column":43},"end":{"line":67,"column":5}},"line":49},"2":{"name":"(anonymous_2)","decl":{"start":{"line":69,"column":4},"end":{"line":69,"column":5}},"loc":{"start":{"line":69,"column":42},"end":{"line":153,"column":5}},"line":69},"3":{"name":"(anonymous_3)","decl":{"start":{"line":79,"column":57},"end":{"line":79,"column":58}},"loc":{"start":{"line":79,"column":68},"end":{"line":81,"column":17}},"line":79},"4":{"name":"(anonymous_4)","decl":{"start":{"line":83,"column":54},"end":{"line":83,"column":55}},"loc":{"start":{"line":83,"column":65},"end":{"line":85,"column":17}},"line":83},"5":{"name":"(anonymous_5)","decl":{"start":{"line":155,"column":4},"end":{"line":155,"column":5}},"loc":{"start":{"line":155,"column":42},"end":{"line":178,"column":5}},"line":155},"6":{"name":"(anonymous_6)","decl":{"start":{"line":180,"column":4},"end":{"line":180,"column":5}},"loc":{"start":{"line":180,"column":43},"end":{"line":230,"column":5}},"line":180},"7":{"name":"(anonymous_7)","decl":{"start":{"line":183,"column":30},"end":{"line":183,"column":31}},"loc":{"start":{"line":183,"column":34},"end":{"line":185,"column":9}},"line":183},"8":{"name":"(anonymous_8)","decl":{"start":{"line":187,"column":22},"end":{"line":187,"column":23}},"loc":{"start":{"line":187,"column":26},"end":{"line":189,"column":9}},"line":187},"9":{"name":"(anonymous_9)","decl":{"start":{"line":232,"column":4},"end":{"line":232,"column":5}},"loc":{"start":{"line":232,"column":44},"end":{"line":247,"column":5}},"line":232},"10":{"name":"(anonymous_10)","decl":{"start":{"line":249,"column":4},"end":{"line":249,"column":5}},"loc":{"start":{"line":249,"column":46},"end":{"line":282,"column":5}},"line":249},"11":{"name":"(anonymous_11)","decl":{"start":{"line":283,"column":4},"end":{"line":283,"column":5}},"loc":{"start":{"line":283,"column":42},"end":{"line":312,"column":5}},"line":283},"12":{"name":"(anonymous_12)","decl":{"start":{"line":314,"column":4},"end":{"line":314,"column":5}},"loc":{"start":{"line":314,"column":43},"end":{"line":352,"column":5}},"line":314},"13":{"name":"(anonymous_13)","decl":{"start":{"line":354,"column":4},"end":{"line":354,"column":5}},"loc":{"start":{"line":354,"column":41},"end":{"line":374,"column":5}},"line":354},"14":{"name":"(anonymous_14)","decl":{"start":{"line":376,"column":4},"end":{"line":376,"column":5}},"loc":{"start":{"line":376,"column":41},"end":{"line":391,"column":5}},"line":376}},"branchMap":{"0":{"loc":{"start":{"line":15,"column":12},"end":{"line":15,"column":71}},"type":"if","locations":[{"start":{"line":15,"column":12},"end":{"line":15,"column":71}},{"start":{},"end":{}}],"line":15},"1":{"loc":{"start":{"line":15,"column":16},"end":{"line":15,"column":35}},"type":"binary-expr","locations":[{"start":{"line":15,"column":16},"end":{"line":15,"column":22}},{"start":{"line":15,"column":26},"end":{"line":15,"column":35}}],"line":15},"2":{"loc":{"start":{"line":17,"column":12},"end":{"line":17,"column":63}},"type":"if","locations":[{"start":{"line":17,"column":12},"end":{"line":17,"column":63}},{"start":{},"end":{}}],"line":17},"3":{"loc":{"start":{"line":20,"column":12},"end":{"line":20,"column":61}},"type":"if","locations":[{"start":{"line":20,"column":12},"end":{"line":20,"column":61}},{"start":{},"end":{}}],"line":20},"4":{"loc":{"start":{"line":24,"column":12},"end":{"line":24,"column":61}},"type":"if","locations":[{"start":{"line":24,"column":12},"end":{"line":24,"column":61}},{"start":{},"end":{}}],"line":24},"5":{"loc":{"start":{"line":52,"column":12},"end":{"line":52,"column":91}},"type":"if","locations":[{"start":{"line":52,"column":12},"end":{"line":52,"column":91}},{"start":{},"end":{}}],"line":52},"6":{"loc":{"start":{"line":52,"column":16},"end":{"line":52,"column":64}},"type":"binary-expr","locations":[{"start":{"line":52,"column":16},"end":{"line":52,"column":25}},{"start":{"line":52,"column":29},"end":{"line":52,"column":35}},{"start":{"line":52,"column":39},"end":{"line":52,"column":48}},{"start":{"line":52,"column":52},"end":{"line":52,"column":64}}],"line":52},"7":{"loc":{"start":{"line":76,"column":8},"end":{"line":91,"column":9}},"type":"if","locations":[{"start":{"line":76,"column":8},"end":{"line":91,"column":9}},{"start":{},"end":{}}],"line":76},"8":{"loc":{"start":{"line":76,"column":12},"end":{"line":76,"column":58}},"type":"binary-expr","locations":[{"start":{"line":76,"column":12},"end":{"line":76,"column":25}},{"start":{"line":76,"column":29},"end":{"line":76,"column":58}}],"line":76},"9":{"loc":{"start":{"line":78,"column":12},"end":{"line":86,"column":13}},"type":"if","locations":[{"start":{"line":78,"column":12},"end":{"line":86,"column":13}},{"start":{"line":82,"column":18},"end":{"line":86,"column":13}}],"line":78},"10":{"loc":{"start":{"line":94,"column":8},"end":{"line":105,"column":9}},"type":"if","locations":[{"start":{"line":94,"column":8},"end":{"line":105,"column":9}},{"start":{"line":103,"column":14},"end":{"line":105,"column":9}}],"line":94},"11":{"loc":{"start":{"line":94,"column":12},"end":{"line":94,"column":54}},"type":"binary-expr","locations":[{"start":{"line":94,"column":12},"end":{"line":94,"column":23}},{"start":{"line":94,"column":27},"end":{"line":94,"column":54}}],"line":94},"12":{"loc":{"start":{"line":96,"column":12},"end":{"line":100,"column":13}},"type":"if","locations":[{"start":{"line":96,"column":12},"end":{"line":100,"column":13}},{"start":{"line":98,"column":19},"end":{"line":100,"column":13}}],"line":96},"13":{"loc":{"start":{"line":107,"column":8},"end":{"line":110,"column":9}},"type":"if","locations":[{"start":{"line":107,"column":8},"end":{"line":110,"column":9}},{"start":{},"end":{}}],"line":107},"14":{"loc":{"start":{"line":107,"column":12},"end":{"line":107,"column":58}},"type":"binary-expr","locations":[{"start":{"line":107,"column":12},"end":{"line":107,"column":25}},{"start":{"line":107,"column":29},"end":{"line":107,"column":58}}],"line":107},"15":{"loc":{"start":{"line":115,"column":8},"end":{"line":130,"column":9}},"type":"if","locations":[{"start":{"line":115,"column":8},"end":{"line":130,"column":9}},{"start":{"line":125,"column":15},"end":{"line":130,"column":9}}],"line":115},"16":{"loc":{"start":{"line":115,"column":12},"end":{"line":115,"column":54}},"type":"binary-expr","locations":[{"start":{"line":115,"column":12},"end":{"line":115,"column":23}},{"start":{"line":115,"column":27},"end":{"line":115,"column":54}}],"line":115},"17":{"loc":{"start":{"line":116,"column":12},"end":{"line":119,"column":13}},"type":"if","locations":[{"start":{"line":116,"column":12},"end":{"line":119,"column":13}},{"start":{},"end":{}}],"line":116},"18":{"loc":{"start":{"line":116,"column":16},"end":{"line":116,"column":68}},"type":"binary-expr","locations":[{"start":{"line":116,"column":16},"end":{"line":116,"column":32}},{"start":{"line":116,"column":36},"end":{"line":116,"column":68}}],"line":116},"19":{"loc":{"start":{"line":121,"column":12},"end":{"line":124,"column":13}},"type":"if","locations":[{"start":{"line":121,"column":12},"end":{"line":124,"column":13}},{"start":{},"end":{}}],"line":121},"20":{"loc":{"start":{"line":121,"column":16},"end":{"line":121,"column":72}},"type":"binary-expr","locations":[{"start":{"line":121,"column":16},"end":{"line":121,"column":34}},{"start":{"line":121,"column":38},"end":{"line":121,"column":72}}],"line":121},"21":{"loc":{"start":{"line":161,"column":12},"end":{"line":167,"column":13}},"type":"if","locations":[{"start":{"line":161,"column":12},"end":{"line":167,"column":13}},{"start":{"line":164,"column":18},"end":{"line":167,"column":13}}],"line":161},"22":{"loc":{"start":{"line":196,"column":12},"end":{"line":196,"column":115}},"type":"if","locations":[{"start":{"line":196,"column":12},"end":{"line":196,"column":115}},{"start":{},"end":{}}],"line":196},"23":{"loc":{"start":{"line":196,"column":16},"end":{"line":196,"column":91}},"type":"binary-expr","locations":[{"start":{"line":196,"column":16},"end":{"line":196,"column":28}},{"start":{"line":196,"column":32},"end":{"line":196,"column":55}},{"start":{"line":196,"column":59},"end":{"line":196,"column":91}}],"line":196},"24":{"loc":{"start":{"line":199,"column":16},"end":{"line":201,"column":17}},"type":"if","locations":[{"start":{"line":199,"column":16},"end":{"line":201,"column":17}},{"start":{},"end":{}}],"line":199},"25":{"loc":{"start":{"line":207,"column":16},"end":{"line":207,"column":62}},"type":"if","locations":[{"start":{"line":207,"column":16},"end":{"line":207,"column":62}},{"start":{},"end":{}}],"line":207},"26":{"loc":{"start":{"line":236,"column":12},"end":{"line":236,"column":48}},"type":"if","locations":[{"start":{"line":236,"column":12},"end":{"line":236,"column":48}},{"start":{},"end":{}}],"line":236},"27":{"loc":{"start":{"line":255,"column":12},"end":{"line":255,"column":52}},"type":"if","locations":[{"start":{"line":255,"column":12},"end":{"line":255,"column":52}},{"start":{},"end":{}}],"line":255},"28":{"loc":{"start":{"line":257,"column":12},"end":{"line":259,"column":13}},"type":"if","locations":[{"start":{"line":257,"column":12},"end":{"line":259,"column":13}},{"start":{},"end":{}}],"line":257},"29":{"loc":{"start":{"line":289,"column":12},"end":{"line":291,"column":13}},"type":"if","locations":[{"start":{"line":289,"column":12},"end":{"line":291,"column":13}},{"start":{},"end":{}}],"line":289},"30":{"loc":{"start":{"line":289,"column":15},"end":{"line":289,"column":86}},"type":"binary-expr","locations":[{"start":{"line":289,"column":15},"end":{"line":289,"column":26}},{"start":{"line":289,"column":30},"end":{"line":289,"column":37}},{"start":{"line":289,"column":41},"end":{"line":289,"column":50}},{"start":{"line":289,"column":54},"end":{"line":289,"column":61}},{"start":{"line":289,"column":65},"end":{"line":289,"column":75}},{"start":{"line":289,"column":79},"end":{"line":289,"column":86}}],"line":289},"31":{"loc":{"start":{"line":319,"column":12},"end":{"line":321,"column":13}},"type":"if","locations":[{"start":{"line":319,"column":12},"end":{"line":321,"column":13}},{"start":{},"end":{}}],"line":319},"32":{"loc":{"start":{"line":324,"column":12},"end":{"line":329,"column":13}},"type":"if","locations":[{"start":{"line":324,"column":12},"end":{"line":329,"column":13}},{"start":{"line":327,"column":16},"end":{"line":329,"column":13}}],"line":324},"33":{"loc":{"start":{"line":331,"column":12},"end":{"line":333,"column":13}},"type":"if","locations":[{"start":{"line":331,"column":12},"end":{"line":333,"column":13}},{"start":{},"end":{}}],"line":331},"34":{"loc":{"start":{"line":331,"column":15},"end":{"line":331,"column":86}},"type":"binary-expr","locations":[{"start":{"line":331,"column":15},"end":{"line":331,"column":26}},{"start":{"line":331,"column":30},"end":{"line":331,"column":37}},{"start":{"line":331,"column":41},"end":{"line":331,"column":50}},{"start":{"line":331,"column":54},"end":{"line":331,"column":61}},{"start":{"line":331,"column":65},"end":{"line":331,"column":75}},{"start":{"line":331,"column":79},"end":{"line":331,"column":86}}],"line":331},"35":{"loc":{"start":{"line":359,"column":12},"end":{"line":359,"column":48}},"type":"if","locations":[{"start":{"line":359,"column":12},"end":{"line":359,"column":48}},{"start":{},"end":{}}],"line":359}},"s":{"0":2,"1":2,"2":2,"3":2,"4":2,"5":2,"6":2,"7":5,"8":5,"9":5,"10":2,"11":3,"12":3,"13":1,"14":2,"15":2,"16":0,"17":2,"18":2,"19":1,"20":1,"21":1,"22":1,"23":1,"24":1,"25":1,"26":1,"27":1,"28":1,"29":4,"30":9,"31":9,"32":9,"33":3,"34":6,"35":1,"36":1,"37":1,"38":8,"39":6,"40":6,"41":6,"42":3,"43":2,"44":2,"45":1,"46":1,"47":3,"48":6,"49":3,"50":2,"51":1,"52":3,"53":3,"54":6,"55":1,"56":1,"57":6,"58":6,"59":1,"60":1,"61":1,"62":1,"63":1,"64":1,"65":5,"66":5,"67":5,"68":5,"69":6,"70":6,"71":6,"72":6,"73":6,"74":6,"75":6,"76":0,"77":1,"78":1,"79":1,"80":1,"81":0,"82":1,"83":1,"84":0,"85":12,"86":12,"87":12,"88":24,"89":12,"90":24,"91":12,"92":12,"93":12,"94":12,"95":2,"96":10,"97":14,"98":6,"99":4,"100":6,"101":6,"102":1,"103":5,"104":5,"105":5,"106":4,"107":2,"108":2,"109":2,"110":10,"111":10,"112":2,"113":2,"114":2,"115":1,"116":1,"117":1,"118":1,"119":3,"120":3,"121":3,"122":3,"123":1,"124":2,"125":1,"126":1,"127":1,"128":1,"129":1,"130":1,"131":1,"132":2,"133":2,"134":2,"135":2,"136":2,"137":2,"138":2,"139":1,"140":1,"141":1,"142":1,"143":1,"144":1,"145":1,"146":3,"147":3,"148":3,"149":3,"150":3,"151":1,"152":2,"153":2,"154":2,"155":1,"156":1,"157":2,"158":1,"159":1,"160":1,"161":1,"162":1,"163":1,"164":2,"165":2,"166":2,"167":2,"168":2,"169":2,"170":2,"171":1,"172":1,"173":1,"174":1,"175":1,"176":1,"177":1,"178":1,"179":1,"180":1,"181":1,"182":0,"183":2},"f":{"0":5,"1":9,"2":6,"3":2,"4":1,"5":1,"6":12,"7":24,"8":24,"9":2,"10":3,"11":2,"12":3,"13":2,"14":1},"b":{"0":[2,3],"1":[5,4],"2":[1,2],"3":[0,2],"4":[1,1],"5":[3,6],"6":[9,9,8,7],"7":[3,3],"8":[6,6],"9":[2,1],"10":[3,3],"11":[6,6],"12":[2,1],"13":[1,5],"14":[6,6],"15":[1,5],"16":[6,6],"17":[1,0],"18":[1,1],"19":[1,0],"20":[1,1],"21":[1,0],"22":[2,10],"23":[12,12,12],"24":[6,8],"25":[1,5],"26":[1,1],"27":[1,2],"28":[1,1],"29":[1,1],"30":[2,1,1,1,1,1],"31":[1,2],"32":[1,1],"33":[1,1],"34":[2,1,1,1,1,1],"35":[1,1]},"_coverageSchema":"1a1c01bbd47fc00a2c39e90264f33305004495a9","hash":"c18e6b4d5e325d279335b0994c83d9ad65cf697d"}
,"D:\\kerjaan\\h8_training\\final_project\\backend\\controllers\\userController.js": {"path":"D:\\kerjaan\\h8_training\\final_project\\backend\\controllers\\userController.js","statementMap":{"0":{"start":{"line":1,"column":28},"end":{"line":1,"column":56}},"1":{"start":{"line":2,"column":23},"end":{"line":2,"column":52}},"2":{"start":{"line":3,"column":22},"end":{"line":3,"column":47}},"3":{"start":{"line":4,"column":46},"end":{"line":4,"column":66}},"4":{"start":{"line":5,"column":21},"end":{"line":5,"column":56}},"5":{"start":{"line":6,"column":15},"end":{"line":6,"column":32}},"6":{"start":{"line":7,"column":15},"end":{"line":7,"column":35}},"7":{"start":{"line":10,"column":0},"end":{"line":10,"column":10}},"8":{"start":{"line":14,"column":8},"end":{"line":46,"column":9}},"9":{"start":{"line":15,"column":37},"end":{"line":15,"column":45}},"10":{"start":{"line":16,"column":12},"end":{"line":16,"column":71}},"11":{"start":{"line":16,"column":37},"end":{"line":16,"column":71}},"12":{"start":{"line":17,"column":30},"end":{"line":17,"column":69}},"13":{"start":{"line":18,"column":12},"end":{"line":18,"column":63}},"14":{"start":{"line":18,"column":30},"end":{"line":18,"column":63}},"15":{"start":{"line":19,"column":28},"end":{"line":19,"column":79}},"16":{"start":{"line":21,"column":12},"end":{"line":21,"column":60}},"17":{"start":{"line":21,"column":27},"end":{"line":21,"column":60}},"18":{"start":{"line":23,"column":30},"end":{"line":23,"column":76}},"19":{"start":{"line":25,"column":12},"end":{"line":25,"column":61}},"20":{"start":{"line":25,"column":28},"end":{"line":25,"column":61}},"21":{"start":{"line":27,"column":33},"end":{"line":27,"column":69}},"22":{"start":{"line":28,"column":33},"end":{"line":28,"column":57}},"23":{"start":{"line":29,"column":12},"end":{"line":29,"column":53}},"24":{"start":{"line":31,"column":12},"end":{"line":31,"column":65}},"25":{"start":{"line":32,"column":12},"end":{"line":32,"column":42}},"26":{"start":{"line":33,"column":12},"end":{"line":33,"column":43}},"27":{"start":{"line":34,"column":12},"end":{"line":34,"column":43}},"28":{"start":{"line":35,"column":30},"end":{"line":40,"column":13}},"29":{"start":{"line":42,"column":12},"end":{"line":42,"column":43}},"30":{"start":{"line":45,"column":12},"end":{"line":45,"column":21}},"31":{"start":{"line":50,"column":8},"end":{"line":65,"column":9}},"32":{"start":{"line":51,"column":60},"end":{"line":51,"column":68}},"33":{"start":{"line":52,"column":12},"end":{"line":52,"column":91}},"34":{"start":{"line":52,"column":66},"end":{"line":52,"column":91}},"35":{"start":{"line":54,"column":35},"end":{"line":54,"column":66}},"36":{"start":{"line":56,"column":31},"end":{"line":56,"column":76}},"37":{"start":{"line":58,"column":28},"end":{"line":61,"column":13}},"38":{"start":{"line":62,"column":12},"end":{"line":62,"column":43}},"39":{"start":{"line":64,"column":12},"end":{"line":64,"column":21}},"40":{"start":{"line":69,"column":47},"end":{"line":69,"column":56}},"41":{"start":{"line":70,"column":30},"end":{"line":70,"column":32}},"42":{"start":{"line":75,"column":8},"end":{"line":90,"column":9}},"43":{"start":{"line":77,"column":12},"end":{"line":85,"column":13}},"44":{"start":{"line":78,"column":16},"end":{"line":80,"column":19}},"45":{"start":{"line":78,"column":68},"end":{"line":80,"column":17}},"46":{"start":{"line":82,"column":16},"end":{"line":84,"column":19}},"47":{"start":{"line":82,"column":65},"end":{"line":84,"column":17}},"48":{"start":{"line":87,"column":12},"end":{"line":89,"column":14}},"49":{"start":{"line":93,"column":8},"end":{"line":105,"column":9}},"50":{"start":{"line":95,"column":12},"end":{"line":99,"column":13}},"51":{"start":{"line":96,"column":12},"end":{"line":96,"column":36}},"52":{"start":{"line":98,"column":12},"end":{"line":98,"column":54}},"53":{"start":{"line":101,"column":12},"end":{"line":101,"column":40}},"54":{"start":{"line":104,"column":12},"end":{"line":104,"column":48}},"55":{"start":{"line":109,"column":8},"end":{"line":112,"column":9}},"56":{"start":{"line":110,"column":12},"end":{"line":110,"column":51}},"57":{"start":{"line":111,"column":12},"end":{"line":111,"column":74}},"58":{"start":{"line":114,"column":28},"end":{"line":114,"column":46}},"59":{"start":{"line":117,"column":8},"end":{"line":132,"column":9}},"60":{"start":{"line":118,"column":12},"end":{"line":121,"column":13}},"61":{"start":{"line":119,"column":12},"end":{"line":119,"column":30}},"62":{"start":{"line":120,"column":12},"end":{"line":120,"column":40}},"63":{"start":{"line":123,"column":12},"end":{"line":126,"column":13}},"64":{"start":{"line":124,"column":12},"end":{"line":124,"column":49}},"65":{"start":{"line":125,"column":12},"end":{"line":125,"column":42}},"66":{"start":{"line":128,"column":12},"end":{"line":128,"column":22}},"67":{"start":{"line":129,"column":12},"end":{"line":129,"column":23}},"68":{"start":{"line":130,"column":12},"end":{"line":130,"column":40}},"69":{"start":{"line":131,"column":12},"end":{"line":131,"column":42}},"70":{"start":{"line":136,"column":8},"end":{"line":136,"column":83}},"71":{"start":{"line":137,"column":8},"end":{"line":153,"column":9}},"72":{"start":{"line":138,"column":29},"end":{"line":138,"column":62}},"73":{"start":{"line":140,"column":34},"end":{"line":140,"column":65}},"74":{"start":{"line":142,"column":31},"end":{"line":142,"column":51}},"75":{"start":{"line":144,"column":30},"end":{"line":149,"column":13}},"76":{"start":{"line":150,"column":12},"end":{"line":150,"column":43}},"77":{"start":{"line":152,"column":12},"end":{"line":152,"column":21}},"78":{"start":{"line":157,"column":8},"end":{"line":170,"column":9}},"79":{"start":{"line":158,"column":28},"end":{"line":158,"column":62}},"80":{"start":{"line":160,"column":12},"end":{"line":160,"column":48}},"81":{"start":{"line":160,"column":26},"end":{"line":160,"column":48}},"82":{"start":{"line":162,"column":30},"end":{"line":166,"column":13}},"83":{"start":{"line":167,"column":12},"end":{"line":167,"column":43}},"84":{"start":{"line":169,"column":12},"end":{"line":169,"column":21}},"85":{"start":{"line":174,"column":21},"end":{"line":174,"column":29}},"86":{"start":{"line":176,"column":8},"end":{"line":191,"column":9}},"87":{"start":{"line":177,"column":12},"end":{"line":179,"column":13}},"88":{"start":{"line":178,"column":16},"end":{"line":178,"column":39}},"89":{"start":{"line":180,"column":31},"end":{"line":181,"column":76}},"90":{"start":{"line":183,"column":30},"end":{"line":187,"column":13}},"91":{"start":{"line":188,"column":12},"end":{"line":188,"column":43}},"92":{"start":{"line":190,"column":12},"end":{"line":190,"column":21}},"93":{"start":{"line":195,"column":22},"end":{"line":195,"column":30}},"94":{"start":{"line":196,"column":25},"end":{"line":196,"column":27}},"95":{"start":{"line":197,"column":20},"end":{"line":199,"column":10}},"96":{"start":{"line":198,"column":12},"end":{"line":198,"column":28}},"97":{"start":{"line":201,"column":8},"end":{"line":203,"column":10}},"98":{"start":{"line":202,"column":12},"end":{"line":202,"column":36}},"99":{"start":{"line":206,"column":18},"end":{"line":206,"column":47}},"100":{"start":{"line":207,"column":8},"end":{"line":242,"column":9}},"101":{"start":{"line":208,"column":32},"end":{"line":208,"column":78}},"102":{"start":{"line":210,"column":12},"end":{"line":210,"column":115}},"103":{"start":{"line":210,"column":93},"end":{"line":210,"column":115}},"104":{"start":{"line":212,"column":12},"end":{"line":216,"column":13}},"105":{"start":{"line":213,"column":16},"end":{"line":215,"column":17}},"106":{"start":{"line":214,"column":20},"end":{"line":214,"column":43}},"107":{"start":{"line":217,"column":12},"end":{"line":225,"column":13}},"108":{"start":{"line":218,"column":30},"end":{"line":218,"column":62}},"109":{"start":{"line":219,"column":16},"end":{"line":219,"column":62}},"110":{"start":{"line":219,"column":40},"end":{"line":219,"column":62}},"111":{"start":{"line":220,"column":29},"end":{"line":220,"column":40}},"112":{"start":{"line":221,"column":16},"end":{"line":221,"column":47}},"113":{"start":{"line":223,"column":16},"end":{"line":223,"column":56}},"114":{"start":{"line":224,"column":16},"end":{"line":224,"column":77}},"115":{"start":{"line":227,"column":12},"end":{"line":227,"column":28}},"116":{"start":{"line":233,"column":30},"end":{"line":236,"column":13}},"117":{"start":{"line":238,"column":12},"end":{"line":238,"column":43}},"118":{"start":{"line":240,"column":12},"end":{"line":240,"column":30}},"119":{"start":{"line":241,"column":12},"end":{"line":241,"column":21}},"120":{"start":{"line":246,"column":18},"end":{"line":246,"column":47}},"121":{"start":{"line":247,"column":8},"end":{"line":277,"column":9}},"122":{"start":{"line":249,"column":32},"end":{"line":249,"column":66}},"123":{"start":{"line":251,"column":12},"end":{"line":251,"column":52}},"124":{"start":{"line":251,"column":30},"end":{"line":251,"column":52}},"125":{"start":{"line":253,"column":12},"end":{"line":255,"column":13}},"126":{"start":{"line":254,"column":16},"end":{"line":254,"column":45}},"127":{"start":{"line":257,"column":28},"end":{"line":257,"column":119}},"128":{"start":{"line":258,"column":28},"end":{"line":258,"column":62}},"129":{"start":{"line":259,"column":28},"end":{"line":259,"column":63}},"130":{"start":{"line":260,"column":12},"end":{"line":260,"column":81}},"131":{"start":{"line":262,"column":12},"end":{"line":262,"column":28}},"132":{"start":{"line":267,"column":30},"end":{"line":270,"column":13}},"133":{"start":{"line":272,"column":12},"end":{"line":272,"column":43}},"134":{"start":{"line":274,"column":12},"end":{"line":274,"column":30}},"135":{"start":{"line":275,"column":12},"end":{"line":275,"column":21}},"136":{"start":{"line":281,"column":0},"end":{"line":281,"column":31}}},"fnMap":{"0":{"name":"(anonymous_0)","decl":{"start":{"line":13,"column":4},"end":{"line":13,"column":5}},"loc":{"start":{"line":13,"column":40},"end":{"line":47,"column":5}},"line":13},"1":{"name":"(anonymous_1)","decl":{"start":{"line":49,"column":4},"end":{"line":49,"column":5}},"loc":{"start":{"line":49,"column":43},"end":{"line":66,"column":5}},"line":49},"2":{"name":"(anonymous_2)","decl":{"start":{"line":68,"column":4},"end":{"line":68,"column":5}},"loc":{"start":{"line":68,"column":42},"end":{"line":154,"column":5}},"line":68},"3":{"name":"(anonymous_3)","decl":{"start":{"line":78,"column":57},"end":{"line":78,"column":58}},"loc":{"start":{"line":78,"column":68},"end":{"line":80,"column":17}},"line":78},"4":{"name":"(anonymous_4)","decl":{"start":{"line":82,"column":54},"end":{"line":82,"column":55}},"loc":{"start":{"line":82,"column":65},"end":{"line":84,"column":17}},"line":82},"5":{"name":"(anonymous_5)","decl":{"start":{"line":156,"column":4},"end":{"line":156,"column":5}},"loc":{"start":{"line":156,"column":44},"end":{"line":171,"column":5}},"line":156},"6":{"name":"(anonymous_6)","decl":{"start":{"line":173,"column":4},"end":{"line":173,"column":5}},"loc":{"start":{"line":173,"column":42},"end":{"line":192,"column":5}},"line":173},"7":{"name":"(anonymous_7)","decl":{"start":{"line":194,"column":4},"end":{"line":194,"column":5}},"loc":{"start":{"line":194,"column":43},"end":{"line":243,"column":5}},"line":194},"8":{"name":"(anonymous_8)","decl":{"start":{"line":197,"column":30},"end":{"line":197,"column":31}},"loc":{"start":{"line":197,"column":34},"end":{"line":199,"column":9}},"line":197},"9":{"name":"(anonymous_9)","decl":{"start":{"line":201,"column":22},"end":{"line":201,"column":23}},"loc":{"start":{"line":201,"column":26},"end":{"line":203,"column":9}},"line":201},"10":{"name":"(anonymous_10)","decl":{"start":{"line":245,"column":4},"end":{"line":245,"column":5}},"loc":{"start":{"line":245,"column":46},"end":{"line":278,"column":5}},"line":245}},"branchMap":{"0":{"loc":{"start":{"line":16,"column":12},"end":{"line":16,"column":71}},"type":"if","locations":[{"start":{"line":16,"column":12},"end":{"line":16,"column":71}},{"start":{},"end":{}}],"line":16},"1":{"loc":{"start":{"line":16,"column":16},"end":{"line":16,"column":35}},"type":"binary-expr","locations":[{"start":{"line":16,"column":16},"end":{"line":16,"column":22}},{"start":{"line":16,"column":26},"end":{"line":16,"column":35}}],"line":16},"2":{"loc":{"start":{"line":18,"column":12},"end":{"line":18,"column":63}},"type":"if","locations":[{"start":{"line":18,"column":12},"end":{"line":18,"column":63}},{"start":{},"end":{}}],"line":18},"3":{"loc":{"start":{"line":21,"column":12},"end":{"line":21,"column":60}},"type":"if","locations":[{"start":{"line":21,"column":12},"end":{"line":21,"column":60}},{"start":{},"end":{}}],"line":21},"4":{"loc":{"start":{"line":25,"column":12},"end":{"line":25,"column":61}},"type":"if","locations":[{"start":{"line":25,"column":12},"end":{"line":25,"column":61}},{"start":{},"end":{}}],"line":25},"5":{"loc":{"start":{"line":52,"column":12},"end":{"line":52,"column":91}},"type":"if","locations":[{"start":{"line":52,"column":12},"end":{"line":52,"column":91}},{"start":{},"end":{}}],"line":52},"6":{"loc":{"start":{"line":52,"column":16},"end":{"line":52,"column":64}},"type":"binary-expr","locations":[{"start":{"line":52,"column":16},"end":{"line":52,"column":25}},{"start":{"line":52,"column":29},"end":{"line":52,"column":35}},{"start":{"line":52,"column":39},"end":{"line":52,"column":48}},{"start":{"line":52,"column":52},"end":{"line":52,"column":64}}],"line":52},"7":{"loc":{"start":{"line":75,"column":8},"end":{"line":90,"column":9}},"type":"if","locations":[{"start":{"line":75,"column":8},"end":{"line":90,"column":9}},{"start":{},"end":{}}],"line":75},"8":{"loc":{"start":{"line":75,"column":12},"end":{"line":75,"column":58}},"type":"binary-expr","locations":[{"start":{"line":75,"column":12},"end":{"line":75,"column":25}},{"start":{"line":75,"column":29},"end":{"line":75,"column":58}}],"line":75},"9":{"loc":{"start":{"line":77,"column":12},"end":{"line":85,"column":13}},"type":"if","locations":[{"start":{"line":77,"column":12},"end":{"line":85,"column":13}},{"start":{"line":81,"column":18},"end":{"line":85,"column":13}}],"line":77},"10":{"loc":{"start":{"line":93,"column":8},"end":{"line":105,"column":9}},"type":"if","locations":[{"start":{"line":93,"column":8},"end":{"line":105,"column":9}},{"start":{"line":103,"column":12},"end":{"line":105,"column":9}}],"line":93},"11":{"loc":{"start":{"line":93,"column":12},"end":{"line":93,"column":54}},"type":"binary-expr","locations":[{"start":{"line":93,"column":12},"end":{"line":93,"column":23}},{"start":{"line":93,"column":27},"end":{"line":93,"column":54}}],"line":93},"12":{"loc":{"start":{"line":95,"column":12},"end":{"line":99,"column":13}},"type":"if","locations":[{"start":{"line":95,"column":12},"end":{"line":99,"column":13}},{"start":{"line":97,"column":19},"end":{"line":99,"column":13}}],"line":95},"13":{"loc":{"start":{"line":109,"column":8},"end":{"line":112,"column":9}},"type":"if","locations":[{"start":{"line":109,"column":8},"end":{"line":112,"column":9}},{"start":{},"end":{}}],"line":109},"14":{"loc":{"start":{"line":109,"column":12},"end":{"line":109,"column":58}},"type":"binary-expr","locations":[{"start":{"line":109,"column":12},"end":{"line":109,"column":25}},{"start":{"line":109,"column":29},"end":{"line":109,"column":58}}],"line":109},"15":{"loc":{"start":{"line":117,"column":8},"end":{"line":132,"column":9}},"type":"if","locations":[{"start":{"line":117,"column":8},"end":{"line":132,"column":9}},{"start":{"line":127,"column":15},"end":{"line":132,"column":9}}],"line":117},"16":{"loc":{"start":{"line":117,"column":12},"end":{"line":117,"column":54}},"type":"binary-expr","locations":[{"start":{"line":117,"column":12},"end":{"line":117,"column":23}},{"start":{"line":117,"column":27},"end":{"line":117,"column":54}}],"line":117},"17":{"loc":{"start":{"line":118,"column":12},"end":{"line":121,"column":13}},"type":"if","locations":[{"start":{"line":118,"column":12},"end":{"line":121,"column":13}},{"start":{},"end":{}}],"line":118},"18":{"loc":{"start":{"line":118,"column":16},"end":{"line":118,"column":68}},"type":"binary-expr","locations":[{"start":{"line":118,"column":16},"end":{"line":118,"column":32}},{"start":{"line":118,"column":36},"end":{"line":118,"column":68}}],"line":118},"19":{"loc":{"start":{"line":123,"column":12},"end":{"line":126,"column":13}},"type":"if","locations":[{"start":{"line":123,"column":12},"end":{"line":126,"column":13}},{"start":{},"end":{}}],"line":123},"20":{"loc":{"start":{"line":123,"column":16},"end":{"line":123,"column":72}},"type":"binary-expr","locations":[{"start":{"line":123,"column":16},"end":{"line":123,"column":34}},{"start":{"line":123,"column":38},"end":{"line":123,"column":72}}],"line":123},"21":{"loc":{"start":{"line":160,"column":12},"end":{"line":160,"column":48}},"type":"if","locations":[{"start":{"line":160,"column":12},"end":{"line":160,"column":48}},{"start":{},"end":{}}],"line":160},"22":{"loc":{"start":{"line":177,"column":12},"end":{"line":179,"column":13}},"type":"if","locations":[{"start":{"line":177,"column":12},"end":{"line":179,"column":13}},{"start":{},"end":{}}],"line":177},"23":{"loc":{"start":{"line":210,"column":12},"end":{"line":210,"column":115}},"type":"if","locations":[{"start":{"line":210,"column":12},"end":{"line":210,"column":115}},{"start":{},"end":{}}],"line":210},"24":{"loc":{"start":{"line":210,"column":16},"end":{"line":210,"column":91}},"type":"binary-expr","locations":[{"start":{"line":210,"column":16},"end":{"line":210,"column":28}},{"start":{"line":210,"column":32},"end":{"line":210,"column":55}},{"start":{"line":210,"column":59},"end":{"line":210,"column":91}}],"line":210},"25":{"loc":{"start":{"line":213,"column":16},"end":{"line":215,"column":17}},"type":"if","locations":[{"start":{"line":213,"column":16},"end":{"line":215,"column":17}},{"start":{},"end":{}}],"line":213},"26":{"loc":{"start":{"line":219,"column":16},"end":{"line":219,"column":62}},"type":"if","locations":[{"start":{"line":219,"column":16},"end":{"line":219,"column":62}},{"start":{},"end":{}}],"line":219},"27":{"loc":{"start":{"line":251,"column":12},"end":{"line":251,"column":52}},"type":"if","locations":[{"start":{"line":251,"column":12},"end":{"line":251,"column":52}},{"start":{},"end":{}}],"line":251},"28":{"loc":{"start":{"line":253,"column":12},"end":{"line":255,"column":13}},"type":"if","locations":[{"start":{"line":253,"column":12},"end":{"line":255,"column":13}},{"start":{},"end":{}}],"line":253}},"s":{"0":2,"1":2,"2":2,"3":2,"4":2,"5":2,"6":2,"7":2,"8":5,"9":5,"10":5,"11":2,"12":3,"13":3,"14":1,"15":2,"16":2,"17":0,"18":2,"19":2,"20":1,"21":1,"22":1,"23":1,"24":1,"25":1,"26":1,"27":1,"28":1,"29":1,"30":4,"31":7,"32":7,"33":7,"34":3,"35":4,"36":1,"37":1,"38":1,"39":6,"40":6,"41":6,"42":6,"43":3,"44":2,"45":2,"46":1,"47":1,"48":3,"49":6,"50":3,"51":2,"52":1,"53":3,"54":3,"55":6,"56":1,"57":1,"58":6,"59":6,"60":1,"61":1,"62":1,"63":1,"64":1,"65":1,"66":5,"67":5,"68":5,"69":5,"70":6,"71":6,"72":6,"73":6,"74":6,"75":6,"76":6,"77":0,"78":2,"79":2,"80":2,"81":1,"82":1,"83":1,"84":1,"85":2,"86":2,"87":2,"88":1,"89":1,"90":1,"91":1,"92":1,"93":13,"94":13,"95":13,"96":26,"97":13,"98":26,"99":13,"100":13,"101":13,"102":13,"103":1,"104":12,"105":16,"106":8,"107":4,"108":6,"109":6,"110":1,"111":5,"112":5,"113":5,"114":4,"115":2,"116":2,"117":2,"118":11,"119":11,"120":3,"121":3,"122":3,"123":3,"124":1,"125":2,"126":1,"127":1,"128":1,"129":1,"130":1,"131":1,"132":1,"133":1,"134":2,"135":2,"136":2},"f":{"0":5,"1":7,"2":6,"3":2,"4":1,"5":2,"6":2,"7":13,"8":26,"9":26,"10":3},"b":{"0":[2,3],"1":[5,4],"2":[1,2],"3":[0,2],"4":[1,1],"5":[3,4],"6":[7,7,6,5],"7":[3,3],"8":[6,6],"9":[2,1],"10":[3,3],"11":[6,6],"12":[2,1],"13":[1,5],"14":[6,6],"15":[1,5],"16":[6,6],"17":[1,0],"18":[1,1],"19":[1,0],"20":[1,1],"21":[1,1],"22":[1,1],"23":[1,12],"24":[13,13,13],"25":[8,8],"26":[1,5],"27":[1,2],"28":[1,1]},"_coverageSchema":"1a1c01bbd47fc00a2c39e90264f33305004495a9","hash":"17d0dbe380acdce7a5bb5a5ab3d9b681167a62e5"}
,"D:\\kerjaan\\h8_training\\final_project\\backend\\helpers\\bcrypt.js": {"path":"D:\\kerjaan\\h8_training\\final_project\\backend\\helpers\\bcrypt.js","statementMap":{"0":{"start":{"line":1,"column":15},"end":{"line":1,"column":34}},"1":{"start":{"line":2,"column":13},"end":{"line":2,"column":34}},"2":{"start":{"line":5,"column":4},"end":{"line":5,"column":42}},"3":{"start":{"line":9,"column":4},"end":{"line":9,"column":48}},"4":{"start":{"line":12,"column":0},"end":{"line":15,"column":1}}},"fnMap":{"0":{"name":"hashPassword","decl":{"start":{"line":4,"column":9},"end":{"line":4,"column":21}},"loc":{"start":{"line":4,"column":32},"end":{"line":6,"column":1}},"line":4},"1":{"name":"comparePassword","decl":{"start":{"line":8,"column":9},"end":{"line":8,"column":24}},"loc":{"start":{"line":8,"column":44},"end":{"line":10,"column":1}},"line":8}},"branchMap":{},"s":{"0":2,"1":2,"2":14,"3":4,"4":2},"f":{"0":14,"1":4},"b":{},"_coverageSchema":"1a1c01bbd47fc00a2c39e90264f33305004495a9","hash":"61cbb484941ef4f90663470732a2999f7cf72b0d"}
,"D:\\kerjaan\\h8_training\\final_project\\backend\\helpers\\cookies.js": {"path":"D:\\kerjaan\\h8_training\\final_project\\backend\\helpers\\cookies.js","statementMap":{"0":{"start":{"line":1,"column":15},"end":{"line":1,"column":32}},"1":{"start":{"line":4,"column":25},"end":{"line":4,"column":29}},"2":{"start":{"line":5,"column":27},"end":{"line":5,"column":31}},"3":{"start":{"line":6,"column":26},"end":{"line":10,"column":5}},"4":{"start":{"line":12,"column":25},"end":{"line":12,"column":90}},"5":{"start":{"line":14,"column":4},"end":{"line":14,"column":23}},"6":{"start":{"line":18,"column":16},"end":{"line":18,"column":33}},"7":{"start":{"line":20,"column":4},"end":{"line":20,"column":14}},"8":{"start":{"line":25,"column":0},"end":{"line":25,"column":43}}},"fnMap":{"0":{"name":"cookienize","decl":{"start":{"line":3,"column":9},"end":{"line":3,"column":19}},"loc":{"start":{"line":3,"column":26},"end":{"line":15,"column":1}},"line":3},"1":{"name":"decookienize","decl":{"start":{"line":17,"column":9},"end":{"line":17,"column":21}},"loc":{"start":{"line":17,"column":26},"end":{"line":22,"column":1}},"line":17}},"branchMap":{},"s":{"0":2,"1":52,"2":52,"3":52,"4":52,"5":52,"6":57,"7":57,"8":2},"f":{"0":52,"1":57},"b":{},"_coverageSchema":"1a1c01bbd47fc00a2c39e90264f33305004495a9","hash":"305d6b9365e60b81eb52124eb9faf427b121de94"}
,"D:\\kerjaan\\h8_training\\final_project\\backend\\helpers\\imageUploader.js": {"path":"D:\\kerjaan\\h8_training\\final_project\\backend\\helpers\\imageUploader.js","statementMap":{"0":{"start":{"line":1,"column":15},"end":{"line":1,"column":32}},"1":{"start":{"line":2,"column":13},"end":{"line":2,"column":28}},"2":{"start":{"line":4,"column":24},"end":{"line":11,"column":2}},"3":{"start":{"line":6,"column":8},"end":{"line":6,"column":55}},"4":{"start":{"line":9,"column":8},"end":{"line":9,"column":83}},"5":{"start":{"line":13,"column":24},"end":{"line":13,"column":75}},"6":{"start":{"line":15,"column":0},"end":{"line":15,"column":34}}},"fnMap":{"0":{"name":"(anonymous_0)","decl":{"start":{"line":5,"column":17},"end":{"line":5,"column":18}},"loc":{"start":{"line":5,"column":32},"end":{"line":7,"column":5}},"line":5},"1":{"name":"(anonymous_1)","decl":{"start":{"line":8,"column":13},"end":{"line":8,"column":14}},"loc":{"start":{"line":8,"column":34},"end":{"line":10,"column":5}},"line":8}},"branchMap":{},"s":{"0":2,"1":2,"2":2,"3":3,"4":3,"5":2,"6":2},"f":{"0":3,"1":3},"b":{},"_coverageSchema":"1a1c01bbd47fc00a2c39e90264f33305004495a9","hash":"159ceed26d21fbb3c078597da75d8f1e5469bf3d"}
,"D:\\kerjaan\\h8_training\\final_project\\backend\\helpers\\jwt.js": {"path":"D:\\kerjaan\\h8_training\\final_project\\backend\\helpers\\jwt.js","statementMap":{"0":{"start":{"line":1,"column":12},"end":{"line":1,"column":35}},"1":{"start":{"line":2,"column":20},"end":{"line":2,"column":43}},"2":{"start":{"line":5,"column":4},"end":{"line":5,"column":56}},"3":{"start":{"line":9,"column":4},"end":{"line":9,"column":41}},"4":{"start":{"line":12,"column":0},"end":{"line":15,"column":1}}},"fnMap":{"0":{"name":"signToken","decl":{"start":{"line":4,"column":9},"end":{"line":4,"column":18}},"loc":{"start":{"line":4,"column":25},"end":{"line":6,"column":1}},"line":4},"1":{"name":"verifyToken","decl":{"start":{"line":8,"column":9},"end":{"line":8,"column":20}},"loc":{"start":{"line":8,"column":28},"end":{"line":10,"column":1}},"line":8}},"branchMap":{},"s":{"0":2,"1":2,"2":38,"3":54,"4":2},"f":{"0":38,"1":54},"b":{},"_coverageSchema":"1a1c01bbd47fc00a2c39e90264f33305004495a9","hash":"99df10d1a3d8339d3fd53ed65b1398489f543a2c"}
,"D:\\kerjaan\\h8_training\\final_project\\backend\\helpers\\nodeMailer.js": {"path":"D:\\kerjaan\\h8_training\\final_project\\backend\\helpers\\nodeMailer.js","statementMap":{},"fnMap":{},"branchMap":{},"s":{},"f":{},"b":{},"_coverageSchema":"1a1c01bbd47fc00a2c39e90264f33305004495a9","hash":"b2f0180179891ae6aa0dfe85d68648beb4e9f058"}
,"D:\\kerjaan\\h8_training\\final_project\\backend\\middlewares\\authentication.js": {"path":"D:\\kerjaan\\h8_training\\final_project\\backend\\middlewares\\authentication.js","statementMap":{"0":{"start":{"line":1,"column":24},"end":{"line":1,"column":49}},"1":{"start":{"line":2,"column":21},"end":{"line":2,"column":41}},"2":{"start":{"line":3,"column":25},"end":{"line":3,"column":54}},"3":{"start":{"line":6,"column":4},"end":{"line":30,"column":5}},"4":{"start":{"line":7,"column":21},"end":{"line":7,"column":39}},"5":{"start":{"line":8,"column":8},"end":{"line":10,"column":9}},"6":{"start":{"line":9,"column":12},"end":{"line":9,"column":47}},"7":{"start":{"line":12,"column":29},"end":{"line":12,"column":49}},"8":{"start":{"line":14,"column":8},"end":{"line":14,"column":49}},"9":{"start":{"line":15,"column":8},"end":{"line":15,"column":61}},"10":{"start":{"line":15,"column":26},"end":{"line":15,"column":61}},"11":{"start":{"line":17,"column":25},"end":{"line":17,"column":50}},"12":{"start":{"line":19,"column":21},"end":{"line":19,"column":75}},"13":{"start":{"line":21,"column":8},"end":{"line":21,"column":58}},"14":{"start":{"line":21,"column":19},"end":{"line":21,"column":58}},"15":{"start":{"line":22,"column":8},"end":{"line":25,"column":9}},"16":{"start":{"line":27,"column":8},"end":{"line":27,"column":14}},"17":{"start":{"line":29,"column":8},"end":{"line":29,"column":19}},"18":{"start":{"line":33,"column":0},"end":{"line":33,"column":31}}},"fnMap":{"0":{"name":"authentication","decl":{"start":{"line":5,"column":15},"end":{"line":5,"column":29}},"loc":{"start":{"line":5,"column":46},"end":{"line":31,"column":1}},"line":5}},"branchMap":{"0":{"loc":{"start":{"line":8,"column":8},"end":{"line":10,"column":9}},"type":"if","locations":[{"start":{"line":8,"column":8},"end":{"line":10,"column":9}},{"start":{},"end":{}}],"line":8},"1":{"loc":{"start":{"line":15,"column":8},"end":{"line":15,"column":61}},"type":"if","locations":[{"start":{"line":15,"column":8},"end":{"line":15,"column":61}},{"start":{},"end":{}}],"line":15},"2":{"loc":{"start":{"line":21,"column":8},"end":{"line":21,"column":58}},"type":"if","locations":[{"start":{"line":21,"column":8},"end":{"line":21,"column":58}},{"start":{},"end":{}}],"line":21}},"s":{"0":2,"1":2,"2":2,"3":24,"4":24,"5":24,"6":1,"7":23,"8":23,"9":23,"10":1,"11":22,"12":19,"13":19,"14":1,"15":18,"16":18,"17":6,"18":2},"f":{"0":24},"b":{"0":[1,23],"1":[1,22],"2":[1,18]},"_coverageSchema":"1a1c01bbd47fc00a2c39e90264f33305004495a9","hash":"50461e4b9ddc710b46d427579179c1177a823cbf"}
,"D:\\kerjaan\\h8_training\\final_project\\backend\\middlewares\\authenticationAdmin.js": {"path":"D:\\kerjaan\\h8_training\\final_project\\backend\\middlewares\\authenticationAdmin.js","statementMap":{"0":{"start":{"line":1,"column":25},"end":{"line":1,"column":54}},"1":{"start":{"line":2,"column":24},"end":{"line":2,"column":49}},"2":{"start":{"line":3,"column":28},"end":{"line":3,"column":48}},"3":{"start":{"line":8,"column":4},"end":{"line":37,"column":5}},"4":{"start":{"line":10,"column":21},"end":{"line":10,"column":39}},"5":{"start":{"line":11,"column":8},"end":{"line":13,"column":9}},"6":{"start":{"line":12,"column":12},"end":{"line":12,"column":47}},"7":{"start":{"line":15,"column":29},"end":{"line":15,"column":49}},"8":{"start":{"line":17,"column":8},"end":{"line":17,"column":49}},"9":{"start":{"line":18,"column":8},"end":{"line":18,"column":61}},"10":{"start":{"line":18,"column":26},"end":{"line":18,"column":61}},"11":{"start":{"line":20,"column":25},"end":{"line":20,"column":50}},"12":{"start":{"line":23,"column":21},"end":{"line":23,"column":75}},"13":{"start":{"line":25,"column":8},"end":{"line":25,"column":58}},"14":{"start":{"line":25,"column":19},"end":{"line":25,"column":58}},"15":{"start":{"line":27,"column":25},"end":{"line":27,"column":70}},"16":{"start":{"line":28,"column":8},"end":{"line":28,"column":62}},"17":{"start":{"line":28,"column":23},"end":{"line":28,"column":62}},"18":{"start":{"line":30,"column":8},"end":{"line":33,"column":9}},"19":{"start":{"line":34,"column":8},"end":{"line":34,"column":14}},"20":{"start":{"line":36,"column":8},"end":{"line":36,"column":19}},"21":{"start":{"line":40,"column":0},"end":{"line":40,"column":36}}},"fnMap":{"0":{"name":"authenticationAdmin","decl":{"start":{"line":7,"column":15},"end":{"line":7,"column":34}},"loc":{"start":{"line":7,"column":51},"end":{"line":38,"column":1}},"line":7}},"branchMap":{"0":{"loc":{"start":{"line":11,"column":8},"end":{"line":13,"column":9}},"type":"if","locations":[{"start":{"line":11,"column":8},"end":{"line":13,"column":9}},{"start":{},"end":{}}],"line":11},"1":{"loc":{"start":{"line":18,"column":8},"end":{"line":18,"column":61}},"type":"if","locations":[{"start":{"line":18,"column":8},"end":{"line":18,"column":61}},{"start":{},"end":{}}],"line":18},"2":{"loc":{"start":{"line":25,"column":8},"end":{"line":25,"column":58}},"type":"if","locations":[{"start":{"line":25,"column":8},"end":{"line":25,"column":58}},{"start":{},"end":{}}],"line":25},"3":{"loc":{"start":{"line":28,"column":8},"end":{"line":28,"column":62}},"type":"if","locations":[{"start":{"line":28,"column":8},"end":{"line":28,"column":62}},{"start":{},"end":{}}],"line":28}},"s":{"0":2,"1":2,"2":2,"3":35,"4":35,"5":35,"6":1,"7":34,"8":34,"9":34,"10":2,"11":32,"12":26,"13":26,"14":1,"15":25,"16":25,"17":1,"18":24,"19":24,"20":11,"21":2},"f":{"0":35},"b":{"0":[1,34],"1":[2,32],"2":[1,25],"3":[1,24]},"_coverageSchema":"1a1c01bbd47fc00a2c39e90264f33305004495a9","hash":"e7e33ffc70957fd7f117a68ea3953d6faa682c92"}
,"D:\\kerjaan\\h8_training\\final_project\\backend\\middlewares\\errorHandler.js": {"path":"D:\\kerjaan\\h8_training\\final_project\\backend\\middlewares\\errorHandler.js","statementMap":{"0":{"start":{"line":2,"column":17},"end":{"line":2,"column":20}},"1":{"start":{"line":3,"column":18},"end":{"line":3,"column":41}},"2":{"start":{"line":4,"column":4},"end":{"line":4,"column":33}},"3":{"start":{"line":5,"column":4},"end":{"line":53,"column":5}},"4":{"start":{"line":7,"column":12},"end":{"line":7,"column":24}},"5":{"start":{"line":8,"column":12},"end":{"line":8,"column":52}},"6":{"start":{"line":9,"column":12},"end":{"line":9,"column":18}},"7":{"start":{"line":11,"column":12},"end":{"line":11,"column":24}},"8":{"start":{"line":12,"column":12},"end":{"line":12,"column":49}},"9":{"start":{"line":13,"column":12},"end":{"line":13,"column":18}},"10":{"start":{"line":15,"column":12},"end":{"line":15,"column":24}},"11":{"start":{"line":16,"column":12},"end":{"line":16,"column":44}},"12":{"start":{"line":18,"column":12},"end":{"line":18,"column":24}},"13":{"start":{"line":19,"column":12},"end":{"line":19,"column":44}},"14":{"start":{"line":20,"column":12},"end":{"line":20,"column":18}},"15":{"start":{"line":22,"column":12},"end":{"line":22,"column":24}},"16":{"start":{"line":23,"column":12},"end":{"line":23,"column":44}},"17":{"start":{"line":24,"column":12},"end":{"line":24,"column":18}},"18":{"start":{"line":26,"column":12},"end":{"line":26,"column":24}},"19":{"start":{"line":27,"column":12},"end":{"line":27,"column":43}},"20":{"start":{"line":28,"column":12},"end":{"line":28,"column":18}},"21":{"start":{"line":30,"column":12},"end":{"line":30,"column":24}},"22":{"start":{"line":31,"column":12},"end":{"line":31,"column":43}},"23":{"start":{"line":32,"column":12},"end":{"line":32,"column":18}},"24":{"start":{"line":34,"column":12},"end":{"line":34,"column":24}},"25":{"start":{"line":35,"column":12},"end":{"line":35,"column":38}},"26":{"start":{"line":36,"column":12},"end":{"line":36,"column":18}},"27":{"start":{"line":38,"column":12},"end":{"line":38,"column":24}},"28":{"start":{"line":39,"column":12},"end":{"line":39,"column":42}},"29":{"start":{"line":40,"column":12},"end":{"line":40,"column":18}},"30":{"start":{"line":42,"column":12},"end":{"line":42,"column":24}},"31":{"start":{"line":43,"column":12},"end":{"line":43,"column":40}},"32":{"start":{"line":44,"column":12},"end":{"line":44,"column":18}},"33":{"start":{"line":46,"column":12},"end":{"line":46,"column":24}},"34":{"start":{"line":47,"column":12},"end":{"line":47,"column":54}},"35":{"start":{"line":48,"column":12},"end":{"line":48,"column":18}},"36":{"start":{"line":50,"column":12},"end":{"line":50,"column":24}},"37":{"start":{"line":51,"column":12},"end":{"line":51,"column":40}},"38":{"start":{"line":52,"column":12},"end":{"line":52,"column":18}},"39":{"start":{"line":55,"column":4},"end":{"line":55,"column":38}},"40":{"start":{"line":58,"column":0},"end":{"line":58,"column":29}}},"fnMap":{"0":{"name":"errorHandler","decl":{"start":{"line":1,"column":9},"end":{"line":1,"column":21}},"loc":{"start":{"line":1,"column":39},"end":{"line":56,"column":1}},"line":1}},"branchMap":{"0":{"loc":{"start":{"line":5,"column":4},"end":{"line":53,"column":5}},"type":"switch","locations":[{"start":{"line":6,"column":8},"end":{"line":9,"column":18}},{"start":{"line":10,"column":8},"end":{"line":13,"column":18}},{"start":{"line":14,"column":8},"end":{"line":16,"column":44}},{"start":{"line":17,"column":8},"end":{"line":20,"column":18}},{"start":{"line":21,"column":8},"end":{"line":24,"column":18}},{"start":{"line":25,"column":8},"end":{"line":28,"column":18}},{"start":{"line":29,"column":8},"end":{"line":32,"column":18}},{"start":{"line":33,"column":8},"end":{"line":36,"column":18}},{"start":{"line":37,"column":8},"end":{"line":40,"column":18}},{"start":{"line":41,"column":8},"end":{"line":44,"column":18}},{"start":{"line":45,"column":8},"end":{"line":48,"column":18}},{"start":{"line":49,"column":8},"end":{"line":52,"column":18}}],"line":5}},"s":{"0":71,"1":71,"2":71,"3":71,"4":8,"5":8,"6":8,"7":4,"8":4,"9":4,"10":0,"11":0,"12":9,"13":9,"14":9,"15":12,"16":12,"17":12,"18":6,"19":6,"20":6,"21":4,"22":4,"23":4,"24":9,"25":9,"26":9,"27":2,"28":2,"29":2,"30":14,"31":14,"32":14,"33":2,"34":2,"35":2,"36":1,"37":1,"38":1,"39":71,"40":2},"f":{"0":71},"b":{"0":[8,4,0,9,12,6,4,9,2,14,2,1]},"_coverageSchema":"1a1c01bbd47fc00a2c39e90264f33305004495a9","hash":"a805bd395b03b6f8bf263ff3b261a8ac55e22b40"}
,"D:\\kerjaan\\h8_training\\final_project\\backend\\models\\admin.js": {"path":"D:\\kerjaan\\h8_training\\final_project\\backend\\models\\admin.js","statementMap":{"0":{"start":{"line":4,"column":4},"end":{"line":4,"column":24}},"1":{"start":{"line":5,"column":0},"end":{"line":30,"column":2}},"2":{"start":{"line":14,"column":6},"end":{"line":14,"column":60}},"3":{"start":{"line":17,"column":2},"end":{"line":28,"column":5}},"4":{"start":{"line":25,"column":8},"end":{"line":25,"column":28}},"5":{"start":{"line":29,"column":2},"end":{"line":29,"column":15}}},"fnMap":{"0":{"name":"(anonymous_0)","decl":{"start":{"line":5,"column":17},"end":{"line":5,"column":18}},"loc":{"start":{"line":5,"column":43},"end":{"line":30,"column":1}},"line":5},"1":{"name":"(anonymous_1)","decl":{"start":{"line":12,"column":4},"end":{"line":12,"column":5}},"loc":{"start":{"line":12,"column":29},"end":{"line":15,"column":5}},"line":12},"2":{"name":"(anonymous_2)","decl":{"start":{"line":24,"column":19},"end":{"line":24,"column":20}},"loc":{"start":{"line":24,"column":28},"end":{"line":26,"column":7}},"line":24}},"branchMap":{},"s":{"0":2,"1":2,"2":2,"3":2,"4":1,"5":2},"f":{"0":2,"1":2,"2":1},"b":{},"_coverageSchema":"1a1c01bbd47fc00a2c39e90264f33305004495a9","hash":"30ec5dbd7fb9e220d90058ce9f52a519fbb7159e"}
,"D:\\kerjaan\\h8_training\\final_project\\backend\\models\\index.js": {"path":"D:\\kerjaan\\h8_training\\final_project\\backend\\models\\index.js","statementMap":{"0":{"start":{"line":3,"column":11},"end":{"line":3,"column":24}},"1":{"start":{"line":4,"column":13},"end":{"line":4,"column":28}},"2":{"start":{"line":5,"column":18},"end":{"line":5,"column":38}},"3":{"start":{"line":6,"column":16},"end":{"line":6,"column":34}},"4":{"start":{"line":7,"column":17},"end":{"line":7,"column":42}},"5":{"start":{"line":8,"column":12},"end":{"line":8,"column":49}},"6":{"start":{"line":9,"column":15},"end":{"line":9,"column":65}},"7":{"start":{"line":10,"column":11},"end":{"line":10,"column":13}},"8":{"start":{"line":13,"column":0},"end":{"line":17,"column":1}},"9":{"start":{"line":14,"column":2},"end":{"line":14,"column":74}},"10":{"start":{"line":16,"column":2},"end":{"line":16,"column":87}},"11":{"start":{"line":19,"column":0},"end":{"line":32,"column":5}},"12":{"start":{"line":22,"column":4},"end":{"line":27,"column":6}},"13":{"start":{"line":30,"column":18},"end":{"line":30,"column":85}},"14":{"start":{"line":31,"column":4},"end":{"line":31,"column":27}},"15":{"start":{"line":34,"column":0},"end":{"line":38,"column":3}},"16":{"start":{"line":35,"column":2},"end":{"line":37,"column":3}},"17":{"start":{"line":36,"column":4},"end":{"line":36,"column":32}},"18":{"start":{"line":40,"column":0},"end":{"line":40,"column":25}},"19":{"start":{"line":41,"column":0},"end":{"line":41,"column":25}},"20":{"start":{"line":43,"column":0},"end":{"line":43,"column":20}}},"fnMap":{"0":{"name":"(anonymous_0)","decl":{"start":{"line":21,"column":10},"end":{"line":21,"column":11}},"loc":{"start":{"line":21,"column":18},"end":{"line":28,"column":3}},"line":21},"1":{"name":"(anonymous_1)","decl":{"start":{"line":29,"column":11},"end":{"line":29,"column":12}},"loc":{"start":{"line":29,"column":19},"end":{"line":32,"column":3}},"line":29},"2":{"name":"(anonymous_2)","decl":{"start":{"line":34,"column":24},"end":{"line":34,"column":25}},"loc":{"start":{"line":34,"column":37},"end":{"line":38,"column":1}},"line":34}},"branchMap":{"0":{"loc":{"start":{"line":8,"column":12},"end":{"line":8,"column":49}},"type":"binary-expr","locations":[{"start":{"line":8,"column":12},"end":{"line":8,"column":32}},{"start":{"line":8,"column":36},"end":{"line":8,"column":49}}],"line":8},"1":{"loc":{"start":{"line":13,"column":0},"end":{"line":17,"column":1}},"type":"if","locations":[{"start":{"line":13,"column":0},"end":{"line":17,"column":1}},{"start":{"line":15,"column":7},"end":{"line":17,"column":1}}],"line":13},"2":{"loc":{"start":{"line":23,"column":6},"end":{"line":26,"column":37}},"type":"binary-expr","locations":[{"start":{"line":23,"column":6},"end":{"line":23,"column":29}},{"start":{"line":24,"column":6},"end":{"line":24,"column":23}},{"start":{"line":25,"column":6},"end":{"line":25,"column":30}},{"start":{"line":26,"column":6},"end":{"line":26,"column":37}}],"line":23},"3":{"loc":{"start":{"line":35,"column":2},"end":{"line":37,"column":3}},"type":"if","locations":[{"start":{"line":35,"column":2},"end":{"line":37,"column":3}},{"start":{},"end":{}}],"line":35}},"s":{"0":2,"1":2,"2":2,"3":2,"4":2,"5":2,"6":2,"7":2,"8":2,"9":0,"10":2,"11":2,"12":12,"13":10,"14":10,"15":2,"16":10,"17":10,"18":2,"19":2,"20":2},"f":{"0":12,"1":10,"2":10},"b":{"0":[2,0],"1":[0,2],"2":[12,12,10,10],"3":[10,0]},"_coverageSchema":"1a1c01bbd47fc00a2c39e90264f33305004495a9","hash":"d8fd5362891a5739fd1edba27cd9b89333469b62"}
,"D:\\kerjaan\\h8_training\\final_project\\backend\\models\\item.js": {"path":"D:\\kerjaan\\h8_training\\final_project\\backend\\models\\item.js","statementMap":{"0":{"start":{"line":4,"column":4},"end":{"line":4,"column":24}},"1":{"start":{"line":5,"column":0},"end":{"line":90,"column":2}},"2":{"start":{"line":14,"column":6},"end":{"line":14,"column":53}},"3":{"start":{"line":17,"column":2},"end":{"line":88,"column":5}},"4":{"start":{"line":89,"column":2},"end":{"line":89,"column":14}}},"fnMap":{"0":{"name":"(anonymous_0)","decl":{"start":{"line":5,"column":17},"end":{"line":5,"column":18}},"loc":{"start":{"line":5,"column":43},"end":{"line":90,"column":1}},"line":5},"1":{"name":"(anonymous_1)","decl":{"start":{"line":12,"column":4},"end":{"line":12,"column":5}},"loc":{"start":{"line":12,"column":29},"end":{"line":15,"column":5}},"line":12}},"branchMap":{},"s":{"0":2,"1":2,"2":2,"3":2,"4":2},"f":{"0":2,"1":2},"b":{},"_coverageSchema":"1a1c01bbd47fc00a2c39e90264f33305004495a9","hash":"c7e7c308cfdc73da386d4e08d1c74d09a80aab29"}
,"D:\\kerjaan\\h8_training\\final_project\\backend\\models\\rent.js": {"path":"D:\\kerjaan\\h8_training\\final_project\\backend\\models\\rent.js","statementMap":{"0":{"start":{"line":2,"column":15},"end":{"line":2,"column":32}},"1":{"start":{"line":5,"column":4},"end":{"line":5,"column":24}},"2":{"start":{"line":6,"column":0},"end":{"line":110,"column":2}},"3":{"start":{"line":15,"column":6},"end":{"line":15,"column":55}},"4":{"start":{"line":16,"column":6},"end":{"line":16,"column":59}},"5":{"start":{"line":19,"column":2},"end":{"line":108,"column":5}},"6":{"start":{"line":109,"column":2},"end":{"line":109,"column":14}}},"fnMap":{"0":{"name":"(anonymous_0)","decl":{"start":{"line":6,"column":17},"end":{"line":6,"column":18}},"loc":{"start":{"line":6,"column":43},"end":{"line":110,"column":1}},"line":6},"1":{"name":"(anonymous_1)","decl":{"start":{"line":13,"column":4},"end":{"line":13,"column":5}},"loc":{"start":{"line":13,"column":29},"end":{"line":17,"column":5}},"line":13}},"branchMap":{},"s":{"0":2,"1":2,"2":2,"3":2,"4":2,"5":2,"6":2},"f":{"0":2,"1":2},"b":{},"_coverageSchema":"1a1c01bbd47fc00a2c39e90264f33305004495a9","hash":"e447b8e7707955a461b1dbc09f0a204e671309e2"}
,"D:\\kerjaan\\h8_training\\final_project\\backend\\models\\user.js": {"path":"D:\\kerjaan\\h8_training\\final_project\\backend\\models\\user.js","statementMap":{"0":{"start":{"line":4,"column":4},"end":{"line":4,"column":24}},"1":{"start":{"line":5,"column":0},"end":{"line":31,"column":2}},"2":{"start":{"line":14,"column":6},"end":{"line":14,"column":59}},"3":{"start":{"line":17,"column":2},"end":{"line":29,"column":5}},"4":{"start":{"line":26,"column":8},"end":{"line":26,"column":26}},"5":{"start":{"line":30,"column":2},"end":{"line":30,"column":14}}},"fnMap":{"0":{"name":"(anonymous_0)","decl":{"start":{"line":5,"column":17},"end":{"line":5,"column":18}},"loc":{"start":{"line":5,"column":43},"end":{"line":31,"column":1}},"line":5},"1":{"name":"(anonymous_1)","decl":{"start":{"line":12,"column":4},"end":{"line":12,"column":5}},"loc":{"start":{"line":12,"column":29},"end":{"line":15,"column":5}},"line":12},"2":{"name":"(anonymous_2)","decl":{"start":{"line":25,"column":19},"end":{"line":25,"column":20}},"loc":{"start":{"line":25,"column":27},"end":{"line":27,"column":7}},"line":25}},"branchMap":{},"s":{"0":2,"1":2,"2":2,"3":2,"4":1,"5":2},"f":{"0":2,"1":2,"2":1},"b":{},"_coverageSchema":"1a1c01bbd47fc00a2c39e90264f33305004495a9","hash":"0f012d63894b22eaff19210da4de3475631e58d7"}
,"D:\\kerjaan\\h8_training\\final_project\\backend\\models\\userdata.js": {"path":"D:\\kerjaan\\h8_training\\final_project\\backend\\models\\userdata.js","statementMap":{"0":{"start":{"line":4,"column":4},"end":{"line":4,"column":24}},"1":{"start":{"line":5,"column":25},"end":{"line":5,"column":53}},"2":{"start":{"line":6,"column":0},"end":{"line":95,"column":2}},"3":{"start":{"line":15,"column":6},"end":{"line":15,"column":56}},"4":{"start":{"line":16,"column":6},"end":{"line":16,"column":57}},"5":{"start":{"line":17,"column":6},"end":{"line":17,"column":57}},"6":{"start":{"line":20,"column":2},"end":{"line":93,"column":5}},"7":{"start":{"line":65,"column":10},"end":{"line":67,"column":9}},"8":{"start":{"line":66,"column":12},"end":{"line":66,"column":50}},"9":{"start":{"line":90,"column":8},"end":{"line":90,"column":59}},"10":{"start":{"line":94,"column":2},"end":{"line":94,"column":18}}},"fnMap":{"0":{"name":"(anonymous_0)","decl":{"start":{"line":6,"column":17},"end":{"line":6,"column":18}},"loc":{"start":{"line":6,"column":43},"end":{"line":95,"column":1}},"line":6},"1":{"name":"(anonymous_1)","decl":{"start":{"line":13,"column":4},"end":{"line":13,"column":5}},"loc":{"start":{"line":13,"column":29},"end":{"line":18,"column":5}},"line":13},"2":{"name":"(anonymous_2)","decl":{"start":{"line":64,"column":8},"end":{"line":64,"column":9}},"loc":{"start":{"line":64,"column":22},"end":{"line":68,"column":7}},"line":64},"3":{"name":"(anonymous_3)","decl":{"start":{"line":89,"column":20},"end":{"line":89,"column":21}},"loc":{"start":{"line":89,"column":32},"end":{"line":91,"column":7}},"line":89}},"branchMap":{"0":{"loc":{"start":{"line":65,"column":10},"end":{"line":67,"column":9}},"type":"if","locations":[{"start":{"line":65,"column":10},"end":{"line":67,"column":9}},{"start":{},"end":{}}],"line":65}},"s":{"0":2,"1":2,"2":2,"3":2,"4":2,"5":2,"6":2,"7":10,"8":2,"9":6,"10":2},"f":{"0":2,"1":2,"2":10,"3":6},"b":{"0":[2,8]},"_coverageSchema":"1a1c01bbd47fc00a2c39e90264f33305004495a9","hash":"2e54b85f1c0fadab936ef5d6b599f2a079dfd3a7"}
,"D:\\kerjaan\\h8_training\\final_project\\backend\\routers\\adminRouter.js": {"path":"D:\\kerjaan\\h8_training\\final_project\\backend\\routers\\adminRouter.js","statementMap":{"0":{"start":{"line":1,"column":16},"end":{"line":1,"column":34}},"1":{"start":{"line":2,"column":24},"end":{"line":2,"column":65}},"2":{"start":{"line":3,"column":28},"end":{"line":3,"column":73}},"3":{"start":{"line":4,"column":28},"end":{"line":4,"column":63}},"4":{"start":{"line":5,"column":20},"end":{"line":5,"column":36}},"5":{"start":{"line":7,"column":0},"end":{"line":7,"column":52}},"6":{"start":{"line":8,"column":0},"end":{"line":8,"column":58}},"7":{"start":{"line":9,"column":0},"end":{"line":9,"column":53}},"8":{"start":{"line":10,"column":0},"end":{"line":10,"column":58}},"9":{"start":{"line":11,"column":0},"end":{"line":11,"column":36}},"10":{"start":{"line":12,"column":0},"end":{"line":12,"column":60}},"11":{"start":{"line":13,"column":0},"end":{"line":13,"column":64}},"12":{"start":{"line":14,"column":0},"end":{"line":14,"column":73}},"13":{"start":{"line":15,"column":0},"end":{"line":15,"column":56}},"14":{"start":{"line":16,"column":0},"end":{"line":16,"column":78}},"15":{"start":{"line":17,"column":0},"end":{"line":17,"column":69}},"16":{"start":{"line":18,"column":0},"end":{"line":18,"column":65}},"17":{"start":{"line":20,"column":0},"end":{"line":20,"column":28}}},"fnMap":{},"branchMap":{},"s":{"0":2,"1":2,"2":2,"3":2,"4":2,"5":2,"6":2,"7":2,"8":2,"9":2,"10":2,"11":2,"12":2,"13":2,"14":2,"15":2,"16":2,"17":2},"f":{},"b":{},"_coverageSchema":"1a1c01bbd47fc00a2c39e90264f33305004495a9","hash":"167c1f24403ae884a0f9e0f26bda006886698cd5"}
,"D:\\kerjaan\\h8_training\\final_project\\backend\\routers\\router.js": {"path":"D:\\kerjaan\\h8_training\\final_project\\backend\\routers\\router.js","statementMap":{"0":{"start":{"line":1,"column":16},"end":{"line":1,"column":34}},"1":{"start":{"line":2,"column":19},"end":{"line":2,"column":42}},"2":{"start":{"line":3,"column":20},"end":{"line":3,"column":44}},"3":{"start":{"line":4,"column":21},"end":{"line":4,"column":59}},"4":{"start":{"line":5,"column":15},"end":{"line":5,"column":31}},"5":{"start":{"line":6,"column":48},"end":{"line":6,"column":68}},"6":{"start":{"line":7,"column":23},"end":{"line":7,"column":43}},"7":{"start":{"line":10,"column":0},"end":{"line":10,"column":30}},"8":{"start":{"line":11,"column":0},"end":{"line":11,"column":32}},"9":{"start":{"line":14,"column":0},"end":{"line":14,"column":24}},"10":{"start":{"line":17,"column":0},"end":{"line":17,"column":23}}},"fnMap":{},"branchMap":{},"s":{"0":2,"1":2,"2":2,"3":2,"4":2,"5":2,"6":2,"7":2,"8":2,"9":2,"10":2},"f":{},"b":{},"_coverageSchema":"1a1c01bbd47fc00a2c39e90264f33305004495a9","hash":"374d7601d839ec365d1ef6258561decc715b52c2"}
,"D:\\kerjaan\\h8_training\\final_project\\backend\\routers\\userRouter.js": {"path":"D:\\kerjaan\\h8_training\\final_project\\backend\\routers\\userRouter.js","statementMap":{"0":{"start":{"line":1,"column":16},"end":{"line":1,"column":34}},"1":{"start":{"line":2,"column":23},"end":{"line":2,"column":63}},"2":{"start":{"line":3,"column":23},"end":{"line":3,"column":63}},"3":{"start":{"line":4,"column":19},"end":{"line":4,"column":35}},"4":{"start":{"line":6,"column":0},"end":{"line":6,"column":51}},"5":{"start":{"line":7,"column":0},"end":{"line":7,"column":56}},"6":{"start":{"line":8,"column":0},"end":{"line":8,"column":51}},"7":{"start":{"line":9,"column":0},"end":{"line":9,"column":56}},"8":{"start":{"line":10,"column":0},"end":{"line":10,"column":30}},"9":{"start":{"line":11,"column":0},"end":{"line":11,"column":58}},"10":{"start":{"line":12,"column":0},"end":{"line":12,"column":62}},"11":{"start":{"line":13,"column":0},"end":{"line":13,"column":67}},"12":{"start":{"line":16,"column":0},"end":{"line":16,"column":27}}},"fnMap":{},"branchMap":{},"s":{"0":2,"1":2,"2":2,"3":2,"4":2,"5":2,"6":2,"7":2,"8":2,"9":2,"10":2,"11":2,"12":2},"f":{},"b":{},"_coverageSchema":"1a1c01bbd47fc00a2c39e90264f33305004495a9","hash":"cbc1ea5cba73bc247e5dfa2fd3f01ae401e3b3bc"}
,"D:\\kerjaan\\h8_training\\final_project\\backend\\services\\adminServices.js": {"path":"D:\\kerjaan\\h8_training\\final_project\\backend\\services\\adminServices.js","statementMap":{"0":{"start":{"line":1,"column":47},"end":{"line":1,"column":67}},"1":{"start":{"line":2,"column":15},"end":{"line":2,"column":35}},"2":{"start":{"line":191,"column":0},"end":{"line":191,"column":30}}},"fnMap":{},"branchMap":{},"s":{"0":2,"1":2,"2":2},"f":{},"b":{},"_coverageSchema":"1a1c01bbd47fc00a2c39e90264f33305004495a9","hash":"8643136d357dbf6cb76f902cd5e87202d1afc7a4"}
,"D:\\kerjaan\\h8_training\\final_project\\backend\\services\\userServices.js": {"path":"D:\\kerjaan\\h8_training\\final_project\\backend\\services\\userServices.js","statementMap":{"0":{"start":{"line":1,"column":21},"end":{"line":1,"column":59}},"1":{"start":{"line":2,"column":47},"end":{"line":2,"column":67}},"2":{"start":{"line":3,"column":15},"end":{"line":3,"column":35}},"3":{"start":{"line":168,"column":0},"end":{"line":168,"column":29}}},"fnMap":{},"branchMap":{},"s":{"0":2,"1":2,"2":2,"3":2},"f":{},"b":{},"_coverageSchema":"1a1c01bbd47fc00a2c39e90264f33305004495a9","hash":"78df47e979c7ecd4d47a5f57465ba45d21d06de3"}
}
