{"D:\\kerjaan\\h8_training\\final_project\\backend\\app.js": {"path":"D:\\kerjaan\\h8_training\\final_project\\backend\\app.js","statementMap":{"0":{"start":{"line":1,"column":0},"end":{"line":3,"column":1}},"1":{"start":{"line":2,"column":4},"end":{"line":2,"column":30}},"2":{"start":{"line":5,"column":13},"end":{"line":5,"column":28}},"3":{"start":{"line":6,"column":17},"end":{"line":6,"column":35}},"4":{"start":{"line":7,"column":12},"end":{"line":7,"column":21}},"5":{"start":{"line":8,"column":13},"end":{"line":8,"column":28}},"6":{"start":{"line":9,"column":15},"end":{"line":9,"column":42}},"7":{"start":{"line":11,"column":0},"end":{"line":11,"column":15}},"8":{"start":{"line":12,"column":0},"end":{"line":12,"column":44}},"9":{"start":{"line":13,"column":0},"end":{"line":13,"column":23}},"10":{"start":{"line":14,"column":0},"end":{"line":14,"column":64}},"11":{"start":{"line":15,"column":0},"end":{"line":15,"column":15}},"12":{"start":{"line":18,"column":4},"end":{"line":18,"column":38}},"13":{"start":{"line":23,"column":0},"end":{"line":23,"column":20}}},"fnMap":{"0":{"name":"testInterval","decl":{"start":{"line":17,"column":9},"end":{"line":17,"column":21}},"loc":{"start":{"line":17,"column":23},"end":{"line":19,"column":1}},"line":17}},"branchMap":{"0":{"loc":{"start":{"line":1,"column":0},"end":{"line":3,"column":1}},"type":"if","locations":[{"start":{"line":1,"column":0},"end":{"line":3,"column":1}},{"start":{},"end":{}}],"line":1}},"s":{"0":2,"1":2,"2":2,"3":2,"4":2,"5":2,"6":2,"7":2,"8":2,"9":2,"10":2,"11":2,"12":0,"13":2},"f":{"0":0},"b":{"0":[2,0]},"_coverageSchema":"1a1c01bbd47fc00a2c39e90264f33305004495a9","hash":"10086642f881c9092984a93769af710835907da4"}
,"D:\\kerjaan\\h8_training\\final_project\\backend\\controllers\\adminController.js": {"path":"D:\\kerjaan\\h8_training\\final_project\\backend\\controllers\\adminController.js","statementMap":{"0":{"start":{"line":1,"column":28},"end":{"line":1,"column":56}},"1":{"start":{"line":2,"column":22},"end":{"line":2,"column":47}},"2":{"start":{"line":3,"column":42},"end":{"line":3,"column":62}},"3":{"start":{"line":4,"column":22},"end":{"line":4,"column":58}},"4":{"start":{"line":9,"column":8},"end":{"line":27,"column":9}},"5":{"start":{"line":10,"column":37},"end":{"line":10,"column":45}},"6":{"start":{"line":11,"column":12},"end":{"line":11,"column":71}},"7":{"start":{"line":11,"column":37},"end":{"line":11,"column":71}},"8":{"start":{"line":12,"column":32},"end":{"line":12,"column":71}},"9":{"start":{"line":13,"column":12},"end":{"line":13,"column":63}},"10":{"start":{"line":13,"column":30},"end":{"line":13,"column":63}},"11":{"start":{"line":14,"column":29},"end":{"line":14,"column":81}},"12":{"start":{"line":16,"column":12},"end":{"line":16,"column":61}},"13":{"start":{"line":16,"column":28},"end":{"line":16,"column":61}},"14":{"start":{"line":18,"column":30},"end":{"line":18,"column":76}},"15":{"start":{"line":20,"column":12},"end":{"line":20,"column":61}},"16":{"start":{"line":20,"column":28},"end":{"line":20,"column":61}},"17":{"start":{"line":22,"column":33},"end":{"line":22,"column":69}},"18":{"start":{"line":24,"column":12},"end":{"line":24,"column":73}},"19":{"start":{"line":26,"column":12},"end":{"line":26,"column":21}},"20":{"start":{"line":31,"column":8},"end":{"line":42,"column":9}},"21":{"start":{"line":32,"column":51},"end":{"line":32,"column":59}},"22":{"start":{"line":33,"column":12},"end":{"line":33,"column":78}},"23":{"start":{"line":33,"column":53},"end":{"line":33,"column":78}},"24":{"start":{"line":35,"column":35},"end":{"line":35,"column":66}},"25":{"start":{"line":37,"column":32},"end":{"line":37,"column":78}},"26":{"start":{"line":39,"column":12},"end":{"line":39,"column":73}},"27":{"start":{"line":41,"column":12},"end":{"line":41,"column":21}},"28":{"start":{"line":46,"column":8},"end":{"line":52,"column":9}},"29":{"start":{"line":47,"column":29},"end":{"line":47,"column":79}},"30":{"start":{"line":49,"column":12},"end":{"line":49,"column":42}},"31":{"start":{"line":51,"column":12},"end":{"line":51,"column":21}},"32":{"start":{"line":56,"column":21},"end":{"line":56,"column":29}},"33":{"start":{"line":57,"column":8},"end":{"line":62,"column":9}},"34":{"start":{"line":58,"column":32},"end":{"line":58,"column":70}},"35":{"start":{"line":59,"column":12},"end":{"line":59,"column":45}},"36":{"start":{"line":61,"column":12},"end":{"line":61,"column":21}},"37":{"start":{"line":66,"column":22},"end":{"line":66,"column":30}},"38":{"start":{"line":67,"column":20},"end":{"line":69,"column":10}},"39":{"start":{"line":68,"column":12},"end":{"line":68,"column":28}},"40":{"start":{"line":71,"column":8},"end":{"line":82,"column":9}},"41":{"start":{"line":72,"column":22},"end":{"line":72,"column":51}},"42":{"start":{"line":73,"column":32},"end":{"line":73,"column":71}},"43":{"start":{"line":74,"column":12},"end":{"line":74,"column":36}},"44":{"start":{"line":75,"column":12},"end":{"line":75,"column":115}},"45":{"start":{"line":75,"column":93},"end":{"line":75,"column":115}},"46":{"start":{"line":77,"column":12},"end":{"line":77,"column":53}},"47":{"start":{"line":79,"column":12},"end":{"line":79,"column":66}},"48":{"start":{"line":81,"column":12},"end":{"line":81,"column":21}},"49":{"start":{"line":86,"column":8},"end":{"line":93,"column":9}},"50":{"start":{"line":87,"column":28},"end":{"line":87,"column":62}},"51":{"start":{"line":89,"column":12},"end":{"line":89,"column":48}},"52":{"start":{"line":89,"column":26},"end":{"line":89,"column":48}},"53":{"start":{"line":90,"column":12},"end":{"line":90,"column":41}},"54":{"start":{"line":92,"column":12},"end":{"line":92,"column":21}},"55":{"start":{"line":97,"column":8},"end":{"line":113,"column":9}},"56":{"start":{"line":98,"column":22},"end":{"line":98,"column":51}},"57":{"start":{"line":99,"column":32},"end":{"line":99,"column":78}},"58":{"start":{"line":101,"column":12},"end":{"line":101,"column":52}},"59":{"start":{"line":101,"column":30},"end":{"line":101,"column":52}},"60":{"start":{"line":103,"column":12},"end":{"line":105,"column":13}},"61":{"start":{"line":104,"column":16},"end":{"line":104,"column":45}},"62":{"start":{"line":107,"column":12},"end":{"line":107,"column":64}},"63":{"start":{"line":109,"column":12},"end":{"line":109,"column":68}},"64":{"start":{"line":111,"column":12},"end":{"line":111,"column":21}},"65":{"start":{"line":117,"column":0},"end":{"line":117,"column":32}}},"fnMap":{"0":{"name":"(anonymous_0)","decl":{"start":{"line":8,"column":4},"end":{"line":8,"column":5}},"loc":{"start":{"line":8,"column":40},"end":{"line":28,"column":5}},"line":8},"1":{"name":"(anonymous_1)","decl":{"start":{"line":30,"column":4},"end":{"line":30,"column":5}},"loc":{"start":{"line":30,"column":43},"end":{"line":43,"column":5}},"line":30},"2":{"name":"(anonymous_2)","decl":{"start":{"line":45,"column":4},"end":{"line":45,"column":5}},"loc":{"start":{"line":45,"column":42},"end":{"line":53,"column":5}},"line":45},"3":{"name":"(anonymous_3)","decl":{"start":{"line":55,"column":4},"end":{"line":55,"column":5}},"loc":{"start":{"line":55,"column":42},"end":{"line":63,"column":5}},"line":55},"4":{"name":"(anonymous_4)","decl":{"start":{"line":65,"column":4},"end":{"line":65,"column":5}},"loc":{"start":{"line":65,"column":43},"end":{"line":83,"column":5}},"line":65},"5":{"name":"(anonymous_5)","decl":{"start":{"line":67,"column":30},"end":{"line":67,"column":31}},"loc":{"start":{"line":67,"column":34},"end":{"line":69,"column":9}},"line":67},"6":{"name":"(anonymous_6)","decl":{"start":{"line":85,"column":4},"end":{"line":85,"column":5}},"loc":{"start":{"line":85,"column":44},"end":{"line":94,"column":5}},"line":85},"7":{"name":"(anonymous_7)","decl":{"start":{"line":96,"column":4},"end":{"line":96,"column":5}},"loc":{"start":{"line":96,"column":46},"end":{"line":114,"column":5}},"line":96}},"branchMap":{"0":{"loc":{"start":{"line":11,"column":12},"end":{"line":11,"column":71}},"type":"if","locations":[{"start":{"line":11,"column":12},"end":{"line":11,"column":71}},{"start":{},"end":{}}],"line":11},"1":{"loc":{"start":{"line":11,"column":16},"end":{"line":11,"column":35}},"type":"binary-expr","locations":[{"start":{"line":11,"column":16},"end":{"line":11,"column":22}},{"start":{"line":11,"column":26},"end":{"line":11,"column":35}}],"line":11},"2":{"loc":{"start":{"line":13,"column":12},"end":{"line":13,"column":63}},"type":"if","locations":[{"start":{"line":13,"column":12},"end":{"line":13,"column":63}},{"start":{},"end":{}}],"line":13},"3":{"loc":{"start":{"line":16,"column":12},"end":{"line":16,"column":61}},"type":"if","locations":[{"start":{"line":16,"column":12},"end":{"line":16,"column":61}},{"start":{},"end":{}}],"line":16},"4":{"loc":{"start":{"line":20,"column":12},"end":{"line":20,"column":61}},"type":"if","locations":[{"start":{"line":20,"column":12},"end":{"line":20,"column":61}},{"start":{},"end":{}}],"line":20},"5":{"loc":{"start":{"line":33,"column":12},"end":{"line":33,"column":78}},"type":"if","locations":[{"start":{"line":33,"column":12},"end":{"line":33,"column":78}},{"start":{},"end":{}}],"line":33},"6":{"loc":{"start":{"line":33,"column":16},"end":{"line":33,"column":51}},"type":"binary-expr","locations":[{"start":{"line":33,"column":16},"end":{"line":33,"column":22}},{"start":{"line":33,"column":26},"end":{"line":33,"column":35}},{"start":{"line":33,"column":39},"end":{"line":33,"column":51}}],"line":33},"7":{"loc":{"start":{"line":75,"column":12},"end":{"line":75,"column":115}},"type":"if","locations":[{"start":{"line":75,"column":12},"end":{"line":75,"column":115}},{"start":{},"end":{}}],"line":75},"8":{"loc":{"start":{"line":75,"column":16},"end":{"line":75,"column":91}},"type":"binary-expr","locations":[{"start":{"line":75,"column":16},"end":{"line":75,"column":28}},{"start":{"line":75,"column":32},"end":{"line":75,"column":55}},{"start":{"line":75,"column":59},"end":{"line":75,"column":91}}],"line":75},"9":{"loc":{"start":{"line":89,"column":12},"end":{"line":89,"column":48}},"type":"if","locations":[{"start":{"line":89,"column":12},"end":{"line":89,"column":48}},{"start":{},"end":{}}],"line":89},"10":{"loc":{"start":{"line":101,"column":12},"end":{"line":101,"column":52}},"type":"if","locations":[{"start":{"line":101,"column":12},"end":{"line":101,"column":52}},{"start":{},"end":{}}],"line":101},"11":{"loc":{"start":{"line":103,"column":12},"end":{"line":105,"column":13}},"type":"if","locations":[{"start":{"line":103,"column":12},"end":{"line":105,"column":13}},{"start":{},"end":{}}],"line":103}},"s":{"0":2,"1":2,"2":2,"3":2,"4":5,"5":5,"6":5,"7":2,"8":3,"9":3,"10":1,"11":2,"12":2,"13":0,"14":2,"15":2,"16":1,"17":1,"18":1,"19":4,"20":7,"21":7,"22":7,"23":3,"24":4,"25":1,"26":1,"27":6,"28":1,"29":1,"30":1,"31":0,"32":1,"33":1,"34":1,"35":1,"36":0,"37":7,"38":7,"39":14,"40":7,"41":7,"42":7,"43":7,"44":7,"45":1,"46":6,"47":2,"48":5,"49":2,"50":2,"51":2,"52":1,"53":1,"54":1,"55":2,"56":2,"57":2,"58":2,"59":1,"60":1,"61":0,"62":1,"63":1,"64":1,"65":2},"f":{"0":5,"1":7,"2":1,"3":1,"4":7,"5":14,"6":2,"7":2},"b":{"0":[2,3],"1":[5,4],"2":[1,2],"3":[0,2],"4":[1,1],"5":[3,4],"6":[7,6,5],"7":[1,6],"8":[7,7,7],"9":[1,1],"10":[1,1],"11":[0,1]},"_coverageSchema":"1a1c01bbd47fc00a2c39e90264f33305004495a9","hash":"fd87cd8147a70750a8bdd27f4822e2523ff36fec"}
,"D:\\kerjaan\\h8_training\\final_project\\backend\\controllers\\userController.js": {"path":"D:\\kerjaan\\h8_training\\final_project\\backend\\controllers\\userController.js","statementMap":{"0":{"start":{"line":1,"column":28},"end":{"line":1,"column":56}},"1":{"start":{"line":2,"column":22},"end":{"line":2,"column":47}},"2":{"start":{"line":3,"column":41},"end":{"line":3,"column":61}},"3":{"start":{"line":4,"column":21},"end":{"line":4,"column":56}},"4":{"start":{"line":10,"column":8},"end":{"line":29,"column":9}},"5":{"start":{"line":11,"column":37},"end":{"line":11,"column":45}},"6":{"start":{"line":12,"column":12},"end":{"line":12,"column":71}},"7":{"start":{"line":12,"column":37},"end":{"line":12,"column":71}},"8":{"start":{"line":13,"column":32},"end":{"line":13,"column":71}},"9":{"start":{"line":14,"column":12},"end":{"line":14,"column":63}},"10":{"start":{"line":14,"column":30},"end":{"line":14,"column":63}},"11":{"start":{"line":15,"column":28},"end":{"line":15,"column":79}},"12":{"start":{"line":17,"column":12},"end":{"line":17,"column":60}},"13":{"start":{"line":17,"column":27},"end":{"line":17,"column":60}},"14":{"start":{"line":19,"column":30},"end":{"line":19,"column":76}},"15":{"start":{"line":21,"column":12},"end":{"line":21,"column":61}},"16":{"start":{"line":21,"column":28},"end":{"line":21,"column":61}},"17":{"start":{"line":23,"column":33},"end":{"line":23,"column":69}},"18":{"start":{"line":25,"column":12},"end":{"line":25,"column":73}},"19":{"start":{"line":28,"column":12},"end":{"line":28,"column":21}},"20":{"start":{"line":33,"column":8},"end":{"line":44,"column":9}},"21":{"start":{"line":34,"column":51},"end":{"line":34,"column":59}},"22":{"start":{"line":35,"column":12},"end":{"line":35,"column":78}},"23":{"start":{"line":35,"column":53},"end":{"line":35,"column":78}},"24":{"start":{"line":37,"column":35},"end":{"line":37,"column":66}},"25":{"start":{"line":39,"column":31},"end":{"line":39,"column":76}},"26":{"start":{"line":41,"column":12},"end":{"line":41,"column":73}},"27":{"start":{"line":43,"column":12},"end":{"line":43,"column":21}},"28":{"start":{"line":48,"column":8},"end":{"line":54,"column":9}},"29":{"start":{"line":49,"column":29},"end":{"line":49,"column":78}},"30":{"start":{"line":51,"column":12},"end":{"line":51,"column":42}},"31":{"start":{"line":53,"column":12},"end":{"line":53,"column":21}},"32":{"start":{"line":58,"column":8},"end":{"line":65,"column":9}},"33":{"start":{"line":59,"column":28},"end":{"line":59,"column":62}},"34":{"start":{"line":61,"column":12},"end":{"line":61,"column":48}},"35":{"start":{"line":61,"column":26},"end":{"line":61,"column":48}},"36":{"start":{"line":62,"column":12},"end":{"line":62,"column":41}},"37":{"start":{"line":64,"column":12},"end":{"line":64,"column":21}},"38":{"start":{"line":69,"column":21},"end":{"line":69,"column":29}},"39":{"start":{"line":70,"column":8},"end":{"line":75,"column":9}},"40":{"start":{"line":71,"column":32},"end":{"line":71,"column":69}},"41":{"start":{"line":72,"column":12},"end":{"line":72,"column":45}},"42":{"start":{"line":74,"column":12},"end":{"line":74,"column":21}},"43":{"start":{"line":79,"column":22},"end":{"line":79,"column":30}},"44":{"start":{"line":80,"column":20},"end":{"line":82,"column":10}},"45":{"start":{"line":81,"column":12},"end":{"line":81,"column":28}},"46":{"start":{"line":84,"column":8},"end":{"line":95,"column":9}},"47":{"start":{"line":85,"column":22},"end":{"line":85,"column":51}},"48":{"start":{"line":86,"column":32},"end":{"line":86,"column":70}},"49":{"start":{"line":87,"column":12},"end":{"line":87,"column":36}},"50":{"start":{"line":88,"column":12},"end":{"line":88,"column":115}},"51":{"start":{"line":88,"column":93},"end":{"line":88,"column":115}},"52":{"start":{"line":90,"column":12},"end":{"line":90,"column":52}},"53":{"start":{"line":92,"column":12},"end":{"line":92,"column":66}},"54":{"start":{"line":94,"column":12},"end":{"line":94,"column":21}},"55":{"start":{"line":99,"column":8},"end":{"line":115,"column":9}},"56":{"start":{"line":100,"column":22},"end":{"line":100,"column":51}},"57":{"start":{"line":101,"column":32},"end":{"line":101,"column":77}},"58":{"start":{"line":103,"column":12},"end":{"line":103,"column":52}},"59":{"start":{"line":103,"column":30},"end":{"line":103,"column":52}},"60":{"start":{"line":105,"column":12},"end":{"line":107,"column":13}},"61":{"start":{"line":106,"column":16},"end":{"line":106,"column":45}},"62":{"start":{"line":109,"column":12},"end":{"line":109,"column":63}},"63":{"start":{"line":111,"column":12},"end":{"line":111,"column":68}},"64":{"start":{"line":113,"column":12},"end":{"line":113,"column":21}},"65":{"start":{"line":119,"column":0},"end":{"line":119,"column":31}}},"fnMap":{"0":{"name":"(anonymous_0)","decl":{"start":{"line":9,"column":4},"end":{"line":9,"column":5}},"loc":{"start":{"line":9,"column":40},"end":{"line":30,"column":5}},"line":9},"1":{"name":"(anonymous_1)","decl":{"start":{"line":32,"column":4},"end":{"line":32,"column":5}},"loc":{"start":{"line":32,"column":43},"end":{"line":45,"column":5}},"line":32},"2":{"name":"(anonymous_2)","decl":{"start":{"line":47,"column":4},"end":{"line":47,"column":5}},"loc":{"start":{"line":47,"column":42},"end":{"line":55,"column":5}},"line":47},"3":{"name":"(anonymous_3)","decl":{"start":{"line":57,"column":4},"end":{"line":57,"column":5}},"loc":{"start":{"line":57,"column":44},"end":{"line":66,"column":5}},"line":57},"4":{"name":"(anonymous_4)","decl":{"start":{"line":68,"column":4},"end":{"line":68,"column":5}},"loc":{"start":{"line":68,"column":42},"end":{"line":76,"column":5}},"line":68},"5":{"name":"(anonymous_5)","decl":{"start":{"line":78,"column":4},"end":{"line":78,"column":5}},"loc":{"start":{"line":78,"column":43},"end":{"line":96,"column":5}},"line":78},"6":{"name":"(anonymous_6)","decl":{"start":{"line":80,"column":30},"end":{"line":80,"column":31}},"loc":{"start":{"line":80,"column":34},"end":{"line":82,"column":9}},"line":80},"7":{"name":"(anonymous_7)","decl":{"start":{"line":98,"column":4},"end":{"line":98,"column":5}},"loc":{"start":{"line":98,"column":46},"end":{"line":116,"column":5}},"line":98}},"branchMap":{"0":{"loc":{"start":{"line":12,"column":12},"end":{"line":12,"column":71}},"type":"if","locations":[{"start":{"line":12,"column":12},"end":{"line":12,"column":71}},{"start":{},"end":{}}],"line":12},"1":{"loc":{"start":{"line":12,"column":16},"end":{"line":12,"column":35}},"type":"binary-expr","locations":[{"start":{"line":12,"column":16},"end":{"line":12,"column":22}},{"start":{"line":12,"column":26},"end":{"line":12,"column":35}}],"line":12},"2":{"loc":{"start":{"line":14,"column":12},"end":{"line":14,"column":63}},"type":"if","locations":[{"start":{"line":14,"column":12},"end":{"line":14,"column":63}},{"start":{},"end":{}}],"line":14},"3":{"loc":{"start":{"line":17,"column":12},"end":{"line":17,"column":60}},"type":"if","locations":[{"start":{"line":17,"column":12},"end":{"line":17,"column":60}},{"start":{},"end":{}}],"line":17},"4":{"loc":{"start":{"line":21,"column":12},"end":{"line":21,"column":61}},"type":"if","locations":[{"start":{"line":21,"column":12},"end":{"line":21,"column":61}},{"start":{},"end":{}}],"line":21},"5":{"loc":{"start":{"line":35,"column":12},"end":{"line":35,"column":78}},"type":"if","locations":[{"start":{"line":35,"column":12},"end":{"line":35,"column":78}},{"start":{},"end":{}}],"line":35},"6":{"loc":{"start":{"line":35,"column":16},"end":{"line":35,"column":51}},"type":"binary-expr","locations":[{"start":{"line":35,"column":16},"end":{"line":35,"column":22}},{"start":{"line":35,"column":26},"end":{"line":35,"column":35}},{"start":{"line":35,"column":39},"end":{"line":35,"column":51}}],"line":35},"7":{"loc":{"start":{"line":61,"column":12},"end":{"line":61,"column":48}},"type":"if","locations":[{"start":{"line":61,"column":12},"end":{"line":61,"column":48}},{"start":{},"end":{}}],"line":61},"8":{"loc":{"start":{"line":88,"column":12},"end":{"line":88,"column":115}},"type":"if","locations":[{"start":{"line":88,"column":12},"end":{"line":88,"column":115}},{"start":{},"end":{}}],"line":88},"9":{"loc":{"start":{"line":88,"column":16},"end":{"line":88,"column":91}},"type":"binary-expr","locations":[{"start":{"line":88,"column":16},"end":{"line":88,"column":28}},{"start":{"line":88,"column":32},"end":{"line":88,"column":55}},{"start":{"line":88,"column":59},"end":{"line":88,"column":91}}],"line":88},"10":{"loc":{"start":{"line":103,"column":12},"end":{"line":103,"column":52}},"type":"if","locations":[{"start":{"line":103,"column":12},"end":{"line":103,"column":52}},{"start":{},"end":{}}],"line":103},"11":{"loc":{"start":{"line":105,"column":12},"end":{"line":107,"column":13}},"type":"if","locations":[{"start":{"line":105,"column":12},"end":{"line":107,"column":13}},{"start":{},"end":{}}],"line":105}},"s":{"0":2,"1":2,"2":2,"3":2,"4":5,"5":5,"6":5,"7":2,"8":3,"9":3,"10":1,"11":2,"12":2,"13":0,"14":2,"15":2,"16":1,"17":1,"18":1,"19":4,"20":7,"21":7,"22":7,"23":3,"24":4,"25":1,"26":1,"27":6,"28":1,"29":1,"30":1,"31":0,"32":2,"33":2,"34":2,"35":1,"36":1,"37":1,"38":1,"39":1,"40":1,"41":1,"42":0,"43":7,"44":7,"45":14,"46":7,"47":7,"48":7,"49":7,"50":7,"51":1,"52":6,"53":2,"54":5,"55":2,"56":2,"57":2,"58":2,"59":1,"60":1,"61":0,"62":1,"63":1,"64":1,"65":2},"f":{"0":5,"1":7,"2":1,"3":2,"4":1,"5":7,"6":14,"7":2},"b":{"0":[2,3],"1":[5,4],"2":[1,2],"3":[0,2],"4":[1,1],"5":[3,4],"6":[7,6,5],"7":[1,1],"8":[1,6],"9":[7,7,7],"10":[1,1],"11":[0,1]},"_coverageSchema":"1a1c01bbd47fc00a2c39e90264f33305004495a9","hash":"e5b50b64c3eb6d8598d936498f0a546a888e21ef"}
,"D:\\kerjaan\\h8_training\\final_project\\backend\\helpers\\bcrypt.js": {"path":"D:\\kerjaan\\h8_training\\final_project\\backend\\helpers\\bcrypt.js","statementMap":{"0":{"start":{"line":1,"column":15},"end":{"line":1,"column":34}},"1":{"start":{"line":2,"column":13},"end":{"line":2,"column":34}},"2":{"start":{"line":5,"column":4},"end":{"line":5,"column":42}},"3":{"start":{"line":9,"column":4},"end":{"line":9,"column":48}},"4":{"start":{"line":12,"column":0},"end":{"line":15,"column":1}}},"fnMap":{"0":{"name":"hashPassword","decl":{"start":{"line":4,"column":9},"end":{"line":4,"column":21}},"loc":{"start":{"line":4,"column":32},"end":{"line":6,"column":1}},"line":4},"1":{"name":"comparePassword","decl":{"start":{"line":8,"column":9},"end":{"line":8,"column":24}},"loc":{"start":{"line":8,"column":44},"end":{"line":10,"column":1}},"line":8}},"branchMap":{},"s":{"0":2,"1":2,"2":10,"3":4,"4":2},"f":{"0":10,"1":4},"b":{},"_coverageSchema":"1a1c01bbd47fc00a2c39e90264f33305004495a9","hash":"61cbb484941ef4f90663470732a2999f7cf72b0d"}
,"D:\\kerjaan\\h8_training\\final_project\\backend\\helpers\\jwt.js": {"path":"D:\\kerjaan\\h8_training\\final_project\\backend\\helpers\\jwt.js","statementMap":{"0":{"start":{"line":1,"column":12},"end":{"line":1,"column":35}},"1":{"start":{"line":2,"column":20},"end":{"line":2,"column":43}},"2":{"start":{"line":5,"column":4},"end":{"line":5,"column":56}},"3":{"start":{"line":9,"column":4},"end":{"line":9,"column":41}},"4":{"start":{"line":12,"column":0},"end":{"line":15,"column":1}}},"fnMap":{"0":{"name":"signToken","decl":{"start":{"line":4,"column":9},"end":{"line":4,"column":18}},"loc":{"start":{"line":4,"column":25},"end":{"line":6,"column":1}},"line":4},"1":{"name":"verifyToken","decl":{"start":{"line":8,"column":9},"end":{"line":8,"column":20}},"loc":{"start":{"line":8,"column":28},"end":{"line":10,"column":1}},"line":8}},"branchMap":{},"s":{"0":2,"1":2,"2":16,"3":26,"4":2},"f":{"0":16,"1":26},"b":{},"_coverageSchema":"1a1c01bbd47fc00a2c39e90264f33305004495a9","hash":"99df10d1a3d8339d3fd53ed65b1398489f543a2c"}
,"D:\\kerjaan\\h8_training\\final_project\\backend\\middlewares\\authentication.js": {"path":"D:\\kerjaan\\h8_training\\final_project\\backend\\middlewares\\authentication.js","statementMap":{"0":{"start":{"line":1,"column":24},"end":{"line":1,"column":49}},"1":{"start":{"line":2,"column":21},"end":{"line":2,"column":41}},"2":{"start":{"line":5,"column":4},"end":{"line":24,"column":5}},"3":{"start":{"line":6,"column":31},"end":{"line":6,"column":42}},"4":{"start":{"line":8,"column":8},"end":{"line":8,"column":66}},"5":{"start":{"line":8,"column":27},"end":{"line":8,"column":66}},"6":{"start":{"line":10,"column":8},"end":{"line":10,"column":49}},"7":{"start":{"line":11,"column":25},"end":{"line":11,"column":50}},"8":{"start":{"line":12,"column":8},"end":{"line":12,"column":62}},"9":{"start":{"line":12,"column":23},"end":{"line":12,"column":62}},"10":{"start":{"line":14,"column":21},"end":{"line":14,"column":75}},"11":{"start":{"line":16,"column":8},"end":{"line":16,"column":58}},"12":{"start":{"line":16,"column":19},"end":{"line":16,"column":58}},"13":{"start":{"line":17,"column":8},"end":{"line":20,"column":9}},"14":{"start":{"line":21,"column":8},"end":{"line":21,"column":14}},"15":{"start":{"line":23,"column":8},"end":{"line":23,"column":19}},"16":{"start":{"line":27,"column":0},"end":{"line":27,"column":31}}},"fnMap":{"0":{"name":"authentication","decl":{"start":{"line":4,"column":15},"end":{"line":4,"column":29}},"loc":{"start":{"line":4,"column":46},"end":{"line":25,"column":1}},"line":4}},"branchMap":{"0":{"loc":{"start":{"line":8,"column":8},"end":{"line":8,"column":66}},"type":"if","locations":[{"start":{"line":8,"column":8},"end":{"line":8,"column":66}},{"start":{},"end":{}}],"line":8},"1":{"loc":{"start":{"line":12,"column":8},"end":{"line":12,"column":62}},"type":"if","locations":[{"start":{"line":12,"column":8},"end":{"line":12,"column":62}},{"start":{},"end":{}}],"line":12},"2":{"loc":{"start":{"line":16,"column":8},"end":{"line":16,"column":58}},"type":"if","locations":[{"start":{"line":16,"column":8},"end":{"line":16,"column":58}},{"start":{},"end":{}}],"line":16}},"s":{"0":2,"1":2,"2":13,"3":13,"4":13,"5":0,"6":13,"7":13,"8":10,"9":0,"10":10,"11":10,"12":0,"13":10,"14":10,"15":3,"16":2},"f":{"0":13},"b":{"0":[0,13],"1":[0,10],"2":[0,10]},"_coverageSchema":"1a1c01bbd47fc00a2c39e90264f33305004495a9","hash":"01b2c0eb009ec8e89b33afc077a1b84813c853a0"}
,"D:\\kerjaan\\h8_training\\final_project\\backend\\middlewares\\authenticationAdmin.js": {"path":"D:\\kerjaan\\h8_training\\final_project\\backend\\middlewares\\authenticationAdmin.js","statementMap":{"0":{"start":{"line":1,"column":24},"end":{"line":1,"column":49}},"1":{"start":{"line":2,"column":28},"end":{"line":2,"column":48}},"2":{"start":{"line":5,"column":4},"end":{"line":28,"column":5}},"3":{"start":{"line":6,"column":31},"end":{"line":6,"column":42}},"4":{"start":{"line":8,"column":8},"end":{"line":8,"column":66}},"5":{"start":{"line":8,"column":27},"end":{"line":8,"column":66}},"6":{"start":{"line":10,"column":8},"end":{"line":10,"column":49}},"7":{"start":{"line":11,"column":25},"end":{"line":11,"column":50}},"8":{"start":{"line":12,"column":8},"end":{"line":12,"column":62}},"9":{"start":{"line":12,"column":23},"end":{"line":12,"column":62}},"10":{"start":{"line":14,"column":21},"end":{"line":14,"column":75}},"11":{"start":{"line":16,"column":8},"end":{"line":16,"column":58}},"12":{"start":{"line":16,"column":19},"end":{"line":16,"column":58}},"13":{"start":{"line":18,"column":25},"end":{"line":18,"column":70}},"14":{"start":{"line":19,"column":8},"end":{"line":19,"column":90}},"15":{"start":{"line":19,"column":51},"end":{"line":19,"column":90}},"16":{"start":{"line":21,"column":8},"end":{"line":24,"column":9}},"17":{"start":{"line":25,"column":8},"end":{"line":25,"column":14}},"18":{"start":{"line":27,"column":8},"end":{"line":27,"column":19}},"19":{"start":{"line":31,"column":0},"end":{"line":31,"column":36}}},"fnMap":{"0":{"name":"authenticationAdmin","decl":{"start":{"line":4,"column":15},"end":{"line":4,"column":34}},"loc":{"start":{"line":4,"column":51},"end":{"line":29,"column":1}},"line":4}},"branchMap":{"0":{"loc":{"start":{"line":8,"column":8},"end":{"line":8,"column":66}},"type":"if","locations":[{"start":{"line":8,"column":8},"end":{"line":8,"column":66}},{"start":{},"end":{}}],"line":8},"1":{"loc":{"start":{"line":12,"column":8},"end":{"line":12,"column":62}},"type":"if","locations":[{"start":{"line":12,"column":8},"end":{"line":12,"column":62}},{"start":{},"end":{}}],"line":12},"2":{"loc":{"start":{"line":16,"column":8},"end":{"line":16,"column":58}},"type":"if","locations":[{"start":{"line":16,"column":8},"end":{"line":16,"column":58}},{"start":{},"end":{}}],"line":16},"3":{"loc":{"start":{"line":19,"column":8},"end":{"line":19,"column":90}},"type":"if","locations":[{"start":{"line":19,"column":8},"end":{"line":19,"column":90}},{"start":{},"end":{}}],"line":19},"4":{"loc":{"start":{"line":19,"column":12},"end":{"line":19,"column":49}},"type":"binary-expr","locations":[{"start":{"line":19,"column":12},"end":{"line":19,"column":21}},{"start":{"line":19,"column":25},"end":{"line":19,"column":49}}],"line":19}},"s":{"0":2,"1":2,"2":13,"3":13,"4":13,"5":0,"6":13,"7":13,"8":10,"9":0,"10":10,"11":10,"12":0,"13":10,"14":10,"15":0,"16":10,"17":10,"18":3,"19":2},"f":{"0":13},"b":{"0":[0,13],"1":[0,10],"2":[0,10],"3":[0,10],"4":[10,0]},"_coverageSchema":"1a1c01bbd47fc00a2c39e90264f33305004495a9","hash":"a08f0baef88700ed07926255d66dd295e5008580"}
,"D:\\kerjaan\\h8_training\\final_project\\backend\\middlewares\\errorHandler.js": {"path":"D:\\kerjaan\\h8_training\\final_project\\backend\\middlewares\\errorHandler.js","statementMap":{"0":{"start":{"line":2,"column":17},"end":{"line":2,"column":20}},"1":{"start":{"line":3,"column":18},"end":{"line":3,"column":41}},"2":{"start":{"line":4,"column":4},"end":{"line":4,"column":33}},"3":{"start":{"line":5,"column":4},"end":{"line":51,"column":5}},"4":{"start":{"line":7,"column":12},"end":{"line":7,"column":24}},"5":{"start":{"line":8,"column":12},"end":{"line":8,"column":52}},"6":{"start":{"line":9,"column":12},"end":{"line":9,"column":18}},"7":{"start":{"line":11,"column":12},"end":{"line":11,"column":24}},"8":{"start":{"line":12,"column":12},"end":{"line":12,"column":49}},"9":{"start":{"line":13,"column":12},"end":{"line":13,"column":18}},"10":{"start":{"line":15,"column":12},"end":{"line":15,"column":24}},"11":{"start":{"line":16,"column":12},"end":{"line":16,"column":44}},"12":{"start":{"line":19,"column":12},"end":{"line":19,"column":24}},"13":{"start":{"line":20,"column":12},"end":{"line":20,"column":44}},"14":{"start":{"line":21,"column":12},"end":{"line":21,"column":18}},"15":{"start":{"line":23,"column":12},"end":{"line":23,"column":24}},"16":{"start":{"line":24,"column":12},"end":{"line":24,"column":43}},"17":{"start":{"line":25,"column":12},"end":{"line":25,"column":18}},"18":{"start":{"line":27,"column":12},"end":{"line":28,"column":73}},"19":{"start":{"line":29,"column":12},"end":{"line":29,"column":18}},"20":{"start":{"line":32,"column":12},"end":{"line":32,"column":24}},"21":{"start":{"line":33,"column":12},"end":{"line":33,"column":43}},"22":{"start":{"line":34,"column":12},"end":{"line":34,"column":18}},"23":{"start":{"line":36,"column":12},"end":{"line":36,"column":24}},"24":{"start":{"line":37,"column":12},"end":{"line":37,"column":38}},"25":{"start":{"line":38,"column":12},"end":{"line":38,"column":18}},"26":{"start":{"line":40,"column":12},"end":{"line":40,"column":24}},"27":{"start":{"line":41,"column":12},"end":{"line":41,"column":42}},"28":{"start":{"line":42,"column":12},"end":{"line":42,"column":18}},"29":{"start":{"line":44,"column":12},"end":{"line":44,"column":24}},"30":{"start":{"line":45,"column":12},"end":{"line":45,"column":54}},"31":{"start":{"line":46,"column":12},"end":{"line":46,"column":18}},"32":{"start":{"line":48,"column":12},"end":{"line":48,"column":24}},"33":{"start":{"line":49,"column":12},"end":{"line":49,"column":40}},"34":{"start":{"line":50,"column":12},"end":{"line":50,"column":18}},"35":{"start":{"line":53,"column":4},"end":{"line":53,"column":38}},"36":{"start":{"line":56,"column":0},"end":{"line":56,"column":29}}},"fnMap":{"0":{"name":"errorHandler","decl":{"start":{"line":1,"column":9},"end":{"line":1,"column":21}},"loc":{"start":{"line":1,"column":39},"end":{"line":54,"column":1}},"line":1}},"branchMap":{"0":{"loc":{"start":{"line":5,"column":4},"end":{"line":51,"column":5}},"type":"switch","locations":[{"start":{"line":6,"column":8},"end":{"line":9,"column":18}},{"start":{"line":10,"column":8},"end":{"line":13,"column":18}},{"start":{"line":14,"column":8},"end":{"line":16,"column":44}},{"start":{"line":17,"column":8},"end":{"line":17,"column":33}},{"start":{"line":18,"column":8},"end":{"line":21,"column":18}},{"start":{"line":22,"column":8},"end":{"line":25,"column":18}},{"start":{"line":26,"column":8},"end":{"line":29,"column":18}},{"start":{"line":30,"column":12},"end":{"line":30,"column":44}},{"start":{"line":31,"column":8},"end":{"line":34,"column":18}},{"start":{"line":35,"column":8},"end":{"line":38,"column":18}},{"start":{"line":39,"column":8},"end":{"line":42,"column":18}},{"start":{"line":43,"column":8},"end":{"line":46,"column":18}},{"start":{"line":47,"column":8},"end":{"line":50,"column":18}}],"line":5}},"s":{"0":40,"1":40,"2":40,"3":40,"4":6,"5":6,"6":6,"7":4,"8":4,"9":4,"10":0,"11":0,"12":10,"13":10,"14":10,"15":4,"16":4,"17":4,"18":0,"19":0,"20":2,"21":2,"22":2,"23":6,"24":6,"25":6,"26":8,"27":8,"28":8,"29":0,"30":0,"31":0,"32":0,"33":0,"34":0,"35":40,"36":2},"f":{"0":40},"b":{"0":[6,4,0,6,10,4,0,0,2,6,8,0,0]},"_coverageSchema":"1a1c01bbd47fc00a2c39e90264f33305004495a9","hash":"a0b00cccf08251bd426aa02b6d7c81ce0e40a1aa"}
,"D:\\kerjaan\\h8_training\\final_project\\backend\\models\\admin.js": {"path":"D:\\kerjaan\\h8_training\\final_project\\backend\\models\\admin.js","statementMap":{"0":{"start":{"line":4,"column":4},"end":{"line":4,"column":24}},"1":{"start":{"line":5,"column":0},"end":{"line":30,"column":2}},"2":{"start":{"line":14,"column":6},"end":{"line":14,"column":60}},"3":{"start":{"line":17,"column":2},"end":{"line":28,"column":5}},"4":{"start":{"line":25,"column":8},"end":{"line":25,"column":28}},"5":{"start":{"line":29,"column":2},"end":{"line":29,"column":15}}},"fnMap":{"0":{"name":"(anonymous_0)","decl":{"start":{"line":5,"column":17},"end":{"line":5,"column":18}},"loc":{"start":{"line":5,"column":43},"end":{"line":30,"column":1}},"line":5},"1":{"name":"(anonymous_1)","decl":{"start":{"line":12,"column":4},"end":{"line":12,"column":5}},"loc":{"start":{"line":12,"column":29},"end":{"line":15,"column":5}},"line":12},"2":{"name":"(anonymous_2)","decl":{"start":{"line":24,"column":19},"end":{"line":24,"column":20}},"loc":{"start":{"line":24,"column":28},"end":{"line":26,"column":7}},"line":24}},"branchMap":{},"s":{"0":2,"1":2,"2":2,"3":2,"4":1,"5":2},"f":{"0":2,"1":2,"2":1},"b":{},"_coverageSchema":"1a1c01bbd47fc00a2c39e90264f33305004495a9","hash":"30ec5dbd7fb9e220d90058ce9f52a519fbb7159e"}
,"D:\\kerjaan\\h8_training\\final_project\\backend\\models\\index.js": {"path":"D:\\kerjaan\\h8_training\\final_project\\backend\\models\\index.js","statementMap":{"0":{"start":{"line":3,"column":11},"end":{"line":3,"column":24}},"1":{"start":{"line":4,"column":13},"end":{"line":4,"column":28}},"2":{"start":{"line":5,"column":18},"end":{"line":5,"column":38}},"3":{"start":{"line":6,"column":16},"end":{"line":6,"column":34}},"4":{"start":{"line":7,"column":17},"end":{"line":7,"column":42}},"5":{"start":{"line":8,"column":12},"end":{"line":8,"column":49}},"6":{"start":{"line":9,"column":15},"end":{"line":9,"column":65}},"7":{"start":{"line":10,"column":11},"end":{"line":10,"column":13}},"8":{"start":{"line":13,"column":0},"end":{"line":17,"column":1}},"9":{"start":{"line":14,"column":2},"end":{"line":14,"column":74}},"10":{"start":{"line":16,"column":2},"end":{"line":16,"column":87}},"11":{"start":{"line":19,"column":0},"end":{"line":32,"column":5}},"12":{"start":{"line":22,"column":4},"end":{"line":27,"column":6}},"13":{"start":{"line":30,"column":18},"end":{"line":30,"column":85}},"14":{"start":{"line":31,"column":4},"end":{"line":31,"column":27}},"15":{"start":{"line":34,"column":0},"end":{"line":38,"column":3}},"16":{"start":{"line":35,"column":2},"end":{"line":37,"column":3}},"17":{"start":{"line":36,"column":4},"end":{"line":36,"column":32}},"18":{"start":{"line":40,"column":0},"end":{"line":40,"column":25}},"19":{"start":{"line":41,"column":0},"end":{"line":41,"column":25}},"20":{"start":{"line":43,"column":0},"end":{"line":43,"column":20}}},"fnMap":{"0":{"name":"(anonymous_0)","decl":{"start":{"line":21,"column":10},"end":{"line":21,"column":11}},"loc":{"start":{"line":21,"column":18},"end":{"line":28,"column":3}},"line":21},"1":{"name":"(anonymous_1)","decl":{"start":{"line":29,"column":11},"end":{"line":29,"column":12}},"loc":{"start":{"line":29,"column":19},"end":{"line":32,"column":3}},"line":29},"2":{"name":"(anonymous_2)","decl":{"start":{"line":34,"column":24},"end":{"line":34,"column":25}},"loc":{"start":{"line":34,"column":37},"end":{"line":38,"column":1}},"line":34}},"branchMap":{"0":{"loc":{"start":{"line":8,"column":12},"end":{"line":8,"column":49}},"type":"binary-expr","locations":[{"start":{"line":8,"column":12},"end":{"line":8,"column":32}},{"start":{"line":8,"column":36},"end":{"line":8,"column":49}}],"line":8},"1":{"loc":{"start":{"line":13,"column":0},"end":{"line":17,"column":1}},"type":"if","locations":[{"start":{"line":13,"column":0},"end":{"line":17,"column":1}},{"start":{"line":15,"column":7},"end":{"line":17,"column":1}}],"line":13},"2":{"loc":{"start":{"line":23,"column":6},"end":{"line":26,"column":37}},"type":"binary-expr","locations":[{"start":{"line":23,"column":6},"end":{"line":23,"column":29}},{"start":{"line":24,"column":6},"end":{"line":24,"column":23}},{"start":{"line":25,"column":6},"end":{"line":25,"column":30}},{"start":{"line":26,"column":6},"end":{"line":26,"column":37}}],"line":23},"3":{"loc":{"start":{"line":35,"column":2},"end":{"line":37,"column":3}},"type":"if","locations":[{"start":{"line":35,"column":2},"end":{"line":37,"column":3}},{"start":{},"end":{}}],"line":35}},"s":{"0":2,"1":2,"2":2,"3":2,"4":2,"5":2,"6":2,"7":2,"8":2,"9":0,"10":2,"11":2,"12":12,"13":10,"14":10,"15":2,"16":10,"17":10,"18":2,"19":2,"20":2},"f":{"0":12,"1":10,"2":10},"b":{"0":[2,0],"1":[0,2],"2":[12,12,10,10],"3":[10,0]},"_coverageSchema":"1a1c01bbd47fc00a2c39e90264f33305004495a9","hash":"d8fd5362891a5739fd1edba27cd9b89333469b62"}
,"D:\\kerjaan\\h8_training\\final_project\\backend\\models\\item.js": {"path":"D:\\kerjaan\\h8_training\\final_project\\backend\\models\\item.js","statementMap":{"0":{"start":{"line":4,"column":4},"end":{"line":4,"column":24}},"1":{"start":{"line":5,"column":0},"end":{"line":90,"column":2}},"2":{"start":{"line":14,"column":6},"end":{"line":14,"column":53}},"3":{"start":{"line":17,"column":2},"end":{"line":88,"column":5}},"4":{"start":{"line":89,"column":2},"end":{"line":89,"column":14}}},"fnMap":{"0":{"name":"(anonymous_0)","decl":{"start":{"line":5,"column":17},"end":{"line":5,"column":18}},"loc":{"start":{"line":5,"column":43},"end":{"line":90,"column":1}},"line":5},"1":{"name":"(anonymous_1)","decl":{"start":{"line":12,"column":4},"end":{"line":12,"column":5}},"loc":{"start":{"line":12,"column":29},"end":{"line":15,"column":5}},"line":12}},"branchMap":{},"s":{"0":2,"1":2,"2":2,"3":2,"4":2},"f":{"0":2,"1":2},"b":{},"_coverageSchema":"1a1c01bbd47fc00a2c39e90264f33305004495a9","hash":"c7e7c308cfdc73da386d4e08d1c74d09a80aab29"}
,"D:\\kerjaan\\h8_training\\final_project\\backend\\models\\rent.js": {"path":"D:\\kerjaan\\h8_training\\final_project\\backend\\models\\rent.js","statementMap":{"0":{"start":{"line":2,"column":15},"end":{"line":2,"column":32}},"1":{"start":{"line":5,"column":4},"end":{"line":5,"column":24}},"2":{"start":{"line":6,"column":0},"end":{"line":101,"column":2}},"3":{"start":{"line":15,"column":6},"end":{"line":15,"column":55}},"4":{"start":{"line":16,"column":6},"end":{"line":16,"column":59}},"5":{"start":{"line":19,"column":2},"end":{"line":99,"column":5}},"6":{"start":{"line":94,"column":8},"end":{"line":96,"column":10}},"7":{"start":{"line":95,"column":10},"end":{"line":95,"column":41}},"8":{"start":{"line":100,"column":2},"end":{"line":100,"column":14}}},"fnMap":{"0":{"name":"(anonymous_0)","decl":{"start":{"line":6,"column":17},"end":{"line":6,"column":18}},"loc":{"start":{"line":6,"column":43},"end":{"line":101,"column":1}},"line":6},"1":{"name":"(anonymous_1)","decl":{"start":{"line":13,"column":4},"end":{"line":13,"column":5}},"loc":{"start":{"line":13,"column":29},"end":{"line":17,"column":5}},"line":13},"2":{"name":"(anonymous_2)","decl":{"start":{"line":93,"column":23},"end":{"line":93,"column":24}},"loc":{"start":{"line":93,"column":32},"end":{"line":97,"column":7}},"line":93},"3":{"name":"(anonymous_3)","decl":{"start":{"line":94,"column":22},"end":{"line":94,"column":23}},"loc":{"start":{"line":94,"column":28},"end":{"line":96,"column":9}},"line":94}},"branchMap":{},"s":{"0":2,"1":2,"2":2,"3":2,"4":2,"5":2,"6":4,"7":8,"8":2},"f":{"0":2,"1":2,"2":4,"3":8},"b":{},"_coverageSchema":"1a1c01bbd47fc00a2c39e90264f33305004495a9","hash":"14d757b56d828c403d90679218b7422efc13cc35"}
,"D:\\kerjaan\\h8_training\\final_project\\backend\\models\\user.js": {"path":"D:\\kerjaan\\h8_training\\final_project\\backend\\models\\user.js","statementMap":{"0":{"start":{"line":4,"column":4},"end":{"line":4,"column":24}},"1":{"start":{"line":5,"column":0},"end":{"line":31,"column":2}},"2":{"start":{"line":14,"column":6},"end":{"line":14,"column":59}},"3":{"start":{"line":17,"column":2},"end":{"line":29,"column":5}},"4":{"start":{"line":26,"column":8},"end":{"line":26,"column":26}},"5":{"start":{"line":30,"column":2},"end":{"line":30,"column":14}}},"fnMap":{"0":{"name":"(anonymous_0)","decl":{"start":{"line":5,"column":17},"end":{"line":5,"column":18}},"loc":{"start":{"line":5,"column":43},"end":{"line":31,"column":1}},"line":5},"1":{"name":"(anonymous_1)","decl":{"start":{"line":12,"column":4},"end":{"line":12,"column":5}},"loc":{"start":{"line":12,"column":29},"end":{"line":15,"column":5}},"line":12},"2":{"name":"(anonymous_2)","decl":{"start":{"line":25,"column":19},"end":{"line":25,"column":20}},"loc":{"start":{"line":25,"column":27},"end":{"line":27,"column":7}},"line":25}},"branchMap":{},"s":{"0":2,"1":2,"2":2,"3":2,"4":1,"5":2},"f":{"0":2,"1":2,"2":1},"b":{},"_coverageSchema":"1a1c01bbd47fc00a2c39e90264f33305004495a9","hash":"0f012d63894b22eaff19210da4de3475631e58d7"}
,"D:\\kerjaan\\h8_training\\final_project\\backend\\models\\userdata.js": {"path":"D:\\kerjaan\\h8_training\\final_project\\backend\\models\\userdata.js","statementMap":{"0":{"start":{"line":4,"column":4},"end":{"line":4,"column":24}},"1":{"start":{"line":5,"column":25},"end":{"line":5,"column":53}},"2":{"start":{"line":6,"column":0},"end":{"line":83,"column":2}},"3":{"start":{"line":15,"column":6},"end":{"line":15,"column":56}},"4":{"start":{"line":16,"column":6},"end":{"line":16,"column":57}},"5":{"start":{"line":17,"column":6},"end":{"line":17,"column":57}},"6":{"start":{"line":20,"column":2},"end":{"line":81,"column":5}},"7":{"start":{"line":53,"column":10},"end":{"line":55,"column":9}},"8":{"start":{"line":54,"column":12},"end":{"line":54,"column":50}},"9":{"start":{"line":78,"column":8},"end":{"line":78,"column":59}},"10":{"start":{"line":82,"column":2},"end":{"line":82,"column":18}}},"fnMap":{"0":{"name":"(anonymous_0)","decl":{"start":{"line":6,"column":17},"end":{"line":6,"column":18}},"loc":{"start":{"line":6,"column":43},"end":{"line":83,"column":1}},"line":6},"1":{"name":"(anonymous_1)","decl":{"start":{"line":13,"column":4},"end":{"line":13,"column":5}},"loc":{"start":{"line":13,"column":29},"end":{"line":18,"column":5}},"line":13},"2":{"name":"(anonymous_2)","decl":{"start":{"line":52,"column":8},"end":{"line":52,"column":9}},"loc":{"start":{"line":52,"column":22},"end":{"line":56,"column":7}},"line":52},"3":{"name":"(anonymous_3)","decl":{"start":{"line":77,"column":20},"end":{"line":77,"column":21}},"loc":{"start":{"line":77,"column":32},"end":{"line":79,"column":7}},"line":77}},"branchMap":{"0":{"loc":{"start":{"line":53,"column":10},"end":{"line":55,"column":9}},"type":"if","locations":[{"start":{"line":53,"column":10},"end":{"line":55,"column":9}},{"start":{},"end":{}}],"line":53}},"s":{"0":2,"1":2,"2":2,"3":2,"4":2,"5":2,"6":2,"7":8,"8":2,"9":4,"10":2},"f":{"0":2,"1":2,"2":8,"3":4},"b":{"0":[2,6]},"_coverageSchema":"1a1c01bbd47fc00a2c39e90264f33305004495a9","hash":"740e999da4ea350dbb26cc26617aa8ce2069cb7e"}
,"D:\\kerjaan\\h8_training\\final_project\\backend\\routers\\adminRouter.js": {"path":"D:\\kerjaan\\h8_training\\final_project\\backend\\routers\\adminRouter.js","statementMap":{"0":{"start":{"line":1,"column":16},"end":{"line":1,"column":34}},"1":{"start":{"line":2,"column":24},"end":{"line":2,"column":65}},"2":{"start":{"line":3,"column":28},"end":{"line":3,"column":73}},"3":{"start":{"line":4,"column":20},"end":{"line":4,"column":36}},"4":{"start":{"line":6,"column":0},"end":{"line":6,"column":52}},"5":{"start":{"line":7,"column":0},"end":{"line":7,"column":58}},"6":{"start":{"line":8,"column":0},"end":{"line":8,"column":53}},"7":{"start":{"line":9,"column":0},"end":{"line":9,"column":79}},"8":{"start":{"line":10,"column":0},"end":{"line":10,"column":84}},"9":{"start":{"line":11,"column":0},"end":{"line":11,"column":58}},"10":{"start":{"line":12,"column":0},"end":{"line":12,"column":89}},"11":{"start":{"line":15,"column":0},"end":{"line":15,"column":28}}},"fnMap":{},"branchMap":{},"s":{"0":2,"1":2,"2":2,"3":2,"4":2,"5":2,"6":2,"7":2,"8":2,"9":2,"10":2,"11":2},"f":{},"b":{},"_coverageSchema":"1a1c01bbd47fc00a2c39e90264f33305004495a9","hash":"9dd7026443e84733b84272e386df754820a3d1d4"}
,"D:\\kerjaan\\h8_training\\final_project\\backend\\routers\\router.js": {"path":"D:\\kerjaan\\h8_training\\final_project\\backend\\routers\\router.js","statementMap":{"0":{"start":{"line":1,"column":16},"end":{"line":1,"column":34}},"1":{"start":{"line":2,"column":19},"end":{"line":2,"column":42}},"2":{"start":{"line":3,"column":20},"end":{"line":3,"column":44}},"3":{"start":{"line":4,"column":21},"end":{"line":4,"column":59}},"4":{"start":{"line":5,"column":15},"end":{"line":5,"column":31}},"5":{"start":{"line":7,"column":0},"end":{"line":7,"column":30}},"6":{"start":{"line":8,"column":0},"end":{"line":8,"column":32}},"7":{"start":{"line":10,"column":0},"end":{"line":10,"column":24}},"8":{"start":{"line":13,"column":0},"end":{"line":13,"column":23}}},"fnMap":{},"branchMap":{},"s":{"0":2,"1":2,"2":2,"3":2,"4":2,"5":2,"6":2,"7":2,"8":2},"f":{},"b":{},"_coverageSchema":"1a1c01bbd47fc00a2c39e90264f33305004495a9","hash":"1d399e412abd987582c8fcae2fbf42d3b27184ba"}
,"D:\\kerjaan\\h8_training\\final_project\\backend\\routers\\userRouter.js": {"path":"D:\\kerjaan\\h8_training\\final_project\\backend\\routers\\userRouter.js","statementMap":{"0":{"start":{"line":1,"column":16},"end":{"line":1,"column":34}},"1":{"start":{"line":2,"column":23},"end":{"line":2,"column":63}},"2":{"start":{"line":3,"column":23},"end":{"line":3,"column":63}},"3":{"start":{"line":4,"column":19},"end":{"line":4,"column":35}},"4":{"start":{"line":6,"column":0},"end":{"line":6,"column":51}},"5":{"start":{"line":7,"column":0},"end":{"line":7,"column":56}},"6":{"start":{"line":8,"column":0},"end":{"line":8,"column":51}},"7":{"start":{"line":9,"column":0},"end":{"line":9,"column":56}},"8":{"start":{"line":10,"column":0},"end":{"line":10,"column":72}},"9":{"start":{"line":11,"column":0},"end":{"line":11,"column":77}},"10":{"start":{"line":12,"column":0},"end":{"line":12,"column":82}},"11":{"start":{"line":15,"column":0},"end":{"line":15,"column":27}}},"fnMap":{},"branchMap":{},"s":{"0":2,"1":2,"2":2,"3":2,"4":2,"5":2,"6":2,"7":2,"8":2,"9":2,"10":2,"11":2},"f":{},"b":{},"_coverageSchema":"1a1c01bbd47fc00a2c39e90264f33305004495a9","hash":"10097f7f4578f8efb1a346994a854576e50ecec7"}
,"D:\\kerjaan\\h8_training\\final_project\\backend\\services\\adminServices.js": {"path":"D:\\kerjaan\\h8_training\\final_project\\backend\\services\\adminServices.js","statementMap":{"0":{"start":{"line":1,"column":47},"end":{"line":1,"column":67}},"1":{"start":{"line":2,"column":15},"end":{"line":2,"column":35}},"2":{"start":{"line":7,"column":39},"end":{"line":7,"column":44}},"3":{"start":{"line":8,"column":30},"end":{"line":8,"column":32}},"4":{"start":{"line":13,"column":8},"end":{"line":21,"column":9}},"5":{"start":{"line":14,"column":26},"end":{"line":16,"column":15}},"6":{"start":{"line":14,"column":68},"end":{"line":16,"column":13}},"7":{"start":{"line":18,"column":12},"end":{"line":20,"column":14}},"8":{"start":{"line":24,"column":8},"end":{"line":35,"column":9}},"9":{"start":{"line":26,"column":12},"end":{"line":30,"column":13}},"10":{"start":{"line":27,"column":12},"end":{"line":27,"column":36}},"11":{"start":{"line":29,"column":12},"end":{"line":29,"column":54}},"12":{"start":{"line":32,"column":12},"end":{"line":32,"column":40}},"13":{"start":{"line":34,"column":12},"end":{"line":34,"column":48}},"14":{"start":{"line":38,"column":8},"end":{"line":53,"column":9}},"15":{"start":{"line":39,"column":12},"end":{"line":42,"column":13}},"16":{"start":{"line":40,"column":12},"end":{"line":40,"column":30}},"17":{"start":{"line":41,"column":12},"end":{"line":41,"column":40}},"18":{"start":{"line":44,"column":12},"end":{"line":47,"column":13}},"19":{"start":{"line":45,"column":12},"end":{"line":45,"column":49}},"20":{"start":{"line":46,"column":12},"end":{"line":46,"column":42}},"21":{"start":{"line":49,"column":12},"end":{"line":49,"column":22}},"22":{"start":{"line":50,"column":12},"end":{"line":50,"column":23}},"23":{"start":{"line":51,"column":12},"end":{"line":51,"column":40}},"24":{"start":{"line":52,"column":12},"end":{"line":52,"column":42}},"25":{"start":{"line":55,"column":8},"end":{"line":55,"column":83}},"26":{"start":{"line":56,"column":8},"end":{"line":62,"column":8}},"27":{"start":{"line":57,"column":25},"end":{"line":57,"column":58}},"28":{"start":{"line":58,"column":12},"end":{"line":58,"column":23}},"29":{"start":{"line":61,"column":12},"end":{"line":61,"column":21}},"30":{"start":{"line":66,"column":8},"end":{"line":72,"column":9}},"31":{"start":{"line":67,"column":32},"end":{"line":67,"column":78}},"32":{"start":{"line":69,"column":12},"end":{"line":69,"column":30}},"33":{"start":{"line":71,"column":12},"end":{"line":71,"column":21}},"34":{"start":{"line":76,"column":8},"end":{"line":94,"column":9}},"35":{"start":{"line":77,"column":32},"end":{"line":78,"column":76}},"36":{"start":{"line":91,"column":12},"end":{"line":91,"column":30}},"37":{"start":{"line":93,"column":12},"end":{"line":93,"column":21}},"38":{"start":{"line":98,"column":7},"end":{"line":116,"column":8}},"39":{"start":{"line":99,"column":8},"end":{"line":104,"column":9}},"40":{"start":{"line":100,"column":26},"end":{"line":100,"column":58}},"41":{"start":{"line":101,"column":12},"end":{"line":101,"column":58}},"42":{"start":{"line":101,"column":36},"end":{"line":101,"column":58}},"43":{"start":{"line":103,"column":12},"end":{"line":103,"column":68}},"44":{"start":{"line":106,"column":26},"end":{"line":106,"column":70}},"45":{"start":{"line":109,"column":8},"end":{"line":109,"column":24}},"46":{"start":{"line":113,"column":8},"end":{"line":113,"column":26}},"47":{"start":{"line":115,"column":8},"end":{"line":115,"column":17}},"48":{"start":{"line":120,"column":8},"end":{"line":125,"column":9}},"49":{"start":{"line":121,"column":28},"end":{"line":121,"column":51}},"50":{"start":{"line":122,"column":12},"end":{"line":122,"column":26}},"51":{"start":{"line":124,"column":12},"end":{"line":124,"column":21}},"52":{"start":{"line":129,"column":8},"end":{"line":139,"column":9}},"53":{"start":{"line":130,"column":28},"end":{"line":130,"column":108}},"54":{"start":{"line":131,"column":28},"end":{"line":131,"column":54}},"55":{"start":{"line":132,"column":28},"end":{"line":132,"column":63}},"56":{"start":{"line":133,"column":12},"end":{"line":133,"column":68}},"57":{"start":{"line":135,"column":12},"end":{"line":135,"column":28}},"58":{"start":{"line":137,"column":12},"end":{"line":137,"column":30}},"59":{"start":{"line":138,"column":12},"end":{"line":138,"column":21}},"60":{"start":{"line":143,"column":0},"end":{"line":143,"column":30}}},"fnMap":{"0":{"name":"(anonymous_0)","decl":{"start":{"line":6,"column":4},"end":{"line":6,"column":5}},"loc":{"start":{"line":6,"column":43},"end":{"line":63,"column":5}},"line":6},"1":{"name":"(anonymous_1)","decl":{"start":{"line":14,"column":57},"end":{"line":14,"column":58}},"loc":{"start":{"line":14,"column":68},"end":{"line":16,"column":13}},"line":14},"2":{"name":"(anonymous_2)","decl":{"start":{"line":65,"column":4},"end":{"line":65,"column":5}},"loc":{"start":{"line":65,"column":36},"end":{"line":73,"column":5}},"line":65},"3":{"name":"(anonymous_3)","decl":{"start":{"line":75,"column":4},"end":{"line":75,"column":5}},"loc":{"start":{"line":75,"column":35},"end":{"line":95,"column":5}},"line":75},"4":{"name":"(anonymous_4)","decl":{"start":{"line":97,"column":4},"end":{"line":97,"column":5}},"loc":{"start":{"line":97,"column":38},"end":{"line":117,"column":5}},"line":97},"5":{"name":"(anonymous_5)","decl":{"start":{"line":119,"column":4},"end":{"line":119,"column":5}},"loc":{"start":{"line":119,"column":32},"end":{"line":126,"column":5}},"line":119},"6":{"name":"(anonymous_6)","decl":{"start":{"line":128,"column":4},"end":{"line":128,"column":5}},"loc":{"start":{"line":128,"column":38},"end":{"line":140,"column":5}},"line":128}},"branchMap":{"0":{"loc":{"start":{"line":13,"column":8},"end":{"line":21,"column":9}},"type":"if","locations":[{"start":{"line":13,"column":8},"end":{"line":21,"column":9}},{"start":{},"end":{}}],"line":13},"1":{"loc":{"start":{"line":13,"column":12},"end":{"line":13,"column":58}},"type":"binary-expr","locations":[{"start":{"line":13,"column":12},"end":{"line":13,"column":25}},{"start":{"line":13,"column":29},"end":{"line":13,"column":58}}],"line":13},"2":{"loc":{"start":{"line":24,"column":8},"end":{"line":35,"column":9}},"type":"if","locations":[{"start":{"line":24,"column":8},"end":{"line":35,"column":9}},{"start":{"line":33,"column":14},"end":{"line":35,"column":9}}],"line":24},"3":{"loc":{"start":{"line":24,"column":12},"end":{"line":24,"column":54}},"type":"binary-expr","locations":[{"start":{"line":24,"column":12},"end":{"line":24,"column":23}},{"start":{"line":24,"column":27},"end":{"line":24,"column":54}}],"line":24},"4":{"loc":{"start":{"line":26,"column":12},"end":{"line":30,"column":13}},"type":"if","locations":[{"start":{"line":26,"column":12},"end":{"line":30,"column":13}},{"start":{"line":28,"column":19},"end":{"line":30,"column":13}}],"line":26},"5":{"loc":{"start":{"line":38,"column":8},"end":{"line":53,"column":9}},"type":"if","locations":[{"start":{"line":38,"column":8},"end":{"line":53,"column":9}},{"start":{"line":48,"column":15},"end":{"line":53,"column":9}}],"line":38},"6":{"loc":{"start":{"line":38,"column":12},"end":{"line":38,"column":54}},"type":"binary-expr","locations":[{"start":{"line":38,"column":12},"end":{"line":38,"column":23}},{"start":{"line":38,"column":27},"end":{"line":38,"column":54}}],"line":38},"7":{"loc":{"start":{"line":39,"column":12},"end":{"line":42,"column":13}},"type":"if","locations":[{"start":{"line":39,"column":12},"end":{"line":42,"column":13}},{"start":{},"end":{}}],"line":39},"8":{"loc":{"start":{"line":39,"column":16},"end":{"line":39,"column":68}},"type":"binary-expr","locations":[{"start":{"line":39,"column":16},"end":{"line":39,"column":32}},{"start":{"line":39,"column":36},"end":{"line":39,"column":68}}],"line":39},"9":{"loc":{"start":{"line":44,"column":12},"end":{"line":47,"column":13}},"type":"if","locations":[{"start":{"line":44,"column":12},"end":{"line":47,"column":13}},{"start":{},"end":{}}],"line":44},"10":{"loc":{"start":{"line":44,"column":16},"end":{"line":44,"column":72}},"type":"binary-expr","locations":[{"start":{"line":44,"column":16},"end":{"line":44,"column":34}},{"start":{"line":44,"column":38},"end":{"line":44,"column":72}}],"line":44},"11":{"loc":{"start":{"line":101,"column":12},"end":{"line":101,"column":58}},"type":"if","locations":[{"start":{"line":101,"column":12},"end":{"line":101,"column":58}},{"start":{},"end":{}}],"line":101}},"s":{"0":2,"1":2,"2":1,"3":1,"4":1,"5":0,"6":0,"7":0,"8":1,"9":0,"10":0,"11":0,"12":0,"13":1,"14":1,"15":1,"16":1,"17":1,"18":1,"19":1,"20":1,"21":0,"22":0,"23":0,"24":0,"25":1,"26":1,"27":1,"28":1,"29":0,"30":7,"31":7,"32":7,"33":0,"34":1,"35":1,"36":1,"37":0,"38":6,"39":6,"40":12,"41":12,"42":4,"43":8,"44":2,"45":2,"46":4,"47":4,"48":3,"49":3,"50":3,"51":0,"52":1,"53":1,"54":1,"55":1,"56":1,"57":1,"58":0,"59":0,"60":2},"f":{"0":1,"1":0,"2":7,"3":1,"4":6,"5":3,"6":1},"b":{"0":[0,1],"1":[1,1],"2":[0,1],"3":[1,1],"4":[0,0],"5":[1,0],"6":[1,1],"7":[1,0],"8":[1,1],"9":[1,0],"10":[1,1],"11":[4,8]},"_coverageSchema":"1a1c01bbd47fc00a2c39e90264f33305004495a9","hash":"a2f85b25c5f7a5b465470a49ca0e434d20931af8"}
,"D:\\kerjaan\\h8_training\\final_project\\backend\\services\\userServices.js": {"path":"D:\\kerjaan\\h8_training\\final_project\\backend\\services\\userServices.js","statementMap":{"0":{"start":{"line":1,"column":47},"end":{"line":1,"column":67}},"1":{"start":{"line":2,"column":15},"end":{"line":2,"column":35}},"2":{"start":{"line":7,"column":39},"end":{"line":7,"column":44}},"3":{"start":{"line":8,"column":30},"end":{"line":8,"column":32}},"4":{"start":{"line":13,"column":8},"end":{"line":21,"column":9}},"5":{"start":{"line":14,"column":26},"end":{"line":16,"column":15}},"6":{"start":{"line":14,"column":68},"end":{"line":16,"column":13}},"7":{"start":{"line":18,"column":12},"end":{"line":20,"column":14}},"8":{"start":{"line":24,"column":8},"end":{"line":36,"column":9}},"9":{"start":{"line":26,"column":12},"end":{"line":30,"column":13}},"10":{"start":{"line":27,"column":12},"end":{"line":27,"column":36}},"11":{"start":{"line":29,"column":12},"end":{"line":29,"column":54}},"12":{"start":{"line":32,"column":12},"end":{"line":32,"column":40}},"13":{"start":{"line":35,"column":12},"end":{"line":35,"column":48}},"14":{"start":{"line":39,"column":8},"end":{"line":54,"column":9}},"15":{"start":{"line":40,"column":12},"end":{"line":43,"column":13}},"16":{"start":{"line":41,"column":12},"end":{"line":41,"column":30}},"17":{"start":{"line":42,"column":12},"end":{"line":42,"column":40}},"18":{"start":{"line":45,"column":12},"end":{"line":48,"column":13}},"19":{"start":{"line":46,"column":12},"end":{"line":46,"column":49}},"20":{"start":{"line":47,"column":12},"end":{"line":47,"column":42}},"21":{"start":{"line":50,"column":12},"end":{"line":50,"column":22}},"22":{"start":{"line":51,"column":12},"end":{"line":51,"column":23}},"23":{"start":{"line":52,"column":12},"end":{"line":52,"column":40}},"24":{"start":{"line":53,"column":12},"end":{"line":53,"column":42}},"25":{"start":{"line":56,"column":8},"end":{"line":56,"column":83}},"26":{"start":{"line":57,"column":8},"end":{"line":63,"column":8}},"27":{"start":{"line":58,"column":25},"end":{"line":58,"column":58}},"28":{"start":{"line":59,"column":12},"end":{"line":59,"column":23}},"29":{"start":{"line":62,"column":12},"end":{"line":62,"column":21}},"30":{"start":{"line":67,"column":8},"end":{"line":73,"column":9}},"31":{"start":{"line":68,"column":32},"end":{"line":68,"column":78}},"32":{"start":{"line":70,"column":12},"end":{"line":70,"column":30}},"33":{"start":{"line":72,"column":12},"end":{"line":72,"column":21}},"34":{"start":{"line":77,"column":8},"end":{"line":95,"column":9}},"35":{"start":{"line":78,"column":32},"end":{"line":79,"column":76}},"36":{"start":{"line":92,"column":12},"end":{"line":92,"column":30}},"37":{"start":{"line":94,"column":12},"end":{"line":94,"column":21}},"38":{"start":{"line":99,"column":7},"end":{"line":117,"column":8}},"39":{"start":{"line":100,"column":8},"end":{"line":105,"column":9}},"40":{"start":{"line":101,"column":26},"end":{"line":101,"column":58}},"41":{"start":{"line":102,"column":12},"end":{"line":102,"column":58}},"42":{"start":{"line":102,"column":36},"end":{"line":102,"column":58}},"43":{"start":{"line":104,"column":12},"end":{"line":104,"column":68}},"44":{"start":{"line":107,"column":26},"end":{"line":107,"column":70}},"45":{"start":{"line":110,"column":8},"end":{"line":110,"column":24}},"46":{"start":{"line":114,"column":8},"end":{"line":114,"column":26}},"47":{"start":{"line":116,"column":8},"end":{"line":116,"column":17}},"48":{"start":{"line":121,"column":8},"end":{"line":126,"column":9}},"49":{"start":{"line":122,"column":28},"end":{"line":122,"column":51}},"50":{"start":{"line":123,"column":12},"end":{"line":123,"column":26}},"51":{"start":{"line":125,"column":12},"end":{"line":125,"column":21}},"52":{"start":{"line":130,"column":8},"end":{"line":140,"column":9}},"53":{"start":{"line":131,"column":28},"end":{"line":131,"column":108}},"54":{"start":{"line":132,"column":28},"end":{"line":132,"column":54}},"55":{"start":{"line":133,"column":28},"end":{"line":133,"column":63}},"56":{"start":{"line":134,"column":12},"end":{"line":134,"column":68}},"57":{"start":{"line":136,"column":12},"end":{"line":136,"column":28}},"58":{"start":{"line":138,"column":12},"end":{"line":138,"column":30}},"59":{"start":{"line":139,"column":12},"end":{"line":139,"column":21}},"60":{"start":{"line":145,"column":0},"end":{"line":145,"column":29}}},"fnMap":{"0":{"name":"(anonymous_0)","decl":{"start":{"line":6,"column":4},"end":{"line":6,"column":5}},"loc":{"start":{"line":6,"column":43},"end":{"line":64,"column":5}},"line":6},"1":{"name":"(anonymous_1)","decl":{"start":{"line":14,"column":57},"end":{"line":14,"column":58}},"loc":{"start":{"line":14,"column":68},"end":{"line":16,"column":13}},"line":14},"2":{"name":"(anonymous_2)","decl":{"start":{"line":66,"column":4},"end":{"line":66,"column":5}},"loc":{"start":{"line":66,"column":36},"end":{"line":74,"column":5}},"line":66},"3":{"name":"(anonymous_3)","decl":{"start":{"line":76,"column":4},"end":{"line":76,"column":5}},"loc":{"start":{"line":76,"column":35},"end":{"line":96,"column":5}},"line":76},"4":{"name":"(anonymous_4)","decl":{"start":{"line":98,"column":4},"end":{"line":98,"column":5}},"loc":{"start":{"line":98,"column":38},"end":{"line":118,"column":5}},"line":98},"5":{"name":"(anonymous_5)","decl":{"start":{"line":120,"column":4},"end":{"line":120,"column":5}},"loc":{"start":{"line":120,"column":32},"end":{"line":127,"column":5}},"line":120},"6":{"name":"(anonymous_6)","decl":{"start":{"line":129,"column":4},"end":{"line":129,"column":5}},"loc":{"start":{"line":129,"column":38},"end":{"line":141,"column":5}},"line":129}},"branchMap":{"0":{"loc":{"start":{"line":13,"column":8},"end":{"line":21,"column":9}},"type":"if","locations":[{"start":{"line":13,"column":8},"end":{"line":21,"column":9}},{"start":{},"end":{}}],"line":13},"1":{"loc":{"start":{"line":13,"column":12},"end":{"line":13,"column":58}},"type":"binary-expr","locations":[{"start":{"line":13,"column":12},"end":{"line":13,"column":25}},{"start":{"line":13,"column":29},"end":{"line":13,"column":58}}],"line":13},"2":{"loc":{"start":{"line":24,"column":8},"end":{"line":36,"column":9}},"type":"if","locations":[{"start":{"line":24,"column":8},"end":{"line":36,"column":9}},{"start":{"line":34,"column":12},"end":{"line":36,"column":9}}],"line":24},"3":{"loc":{"start":{"line":24,"column":12},"end":{"line":24,"column":54}},"type":"binary-expr","locations":[{"start":{"line":24,"column":12},"end":{"line":24,"column":23}},{"start":{"line":24,"column":27},"end":{"line":24,"column":54}}],"line":24},"4":{"loc":{"start":{"line":26,"column":12},"end":{"line":30,"column":13}},"type":"if","locations":[{"start":{"line":26,"column":12},"end":{"line":30,"column":13}},{"start":{"line":28,"column":19},"end":{"line":30,"column":13}}],"line":26},"5":{"loc":{"start":{"line":39,"column":8},"end":{"line":54,"column":9}},"type":"if","locations":[{"start":{"line":39,"column":8},"end":{"line":54,"column":9}},{"start":{"line":49,"column":15},"end":{"line":54,"column":9}}],"line":39},"6":{"loc":{"start":{"line":39,"column":12},"end":{"line":39,"column":54}},"type":"binary-expr","locations":[{"start":{"line":39,"column":12},"end":{"line":39,"column":23}},{"start":{"line":39,"column":27},"end":{"line":39,"column":54}}],"line":39},"7":{"loc":{"start":{"line":40,"column":12},"end":{"line":43,"column":13}},"type":"if","locations":[{"start":{"line":40,"column":12},"end":{"line":43,"column":13}},{"start":{},"end":{}}],"line":40},"8":{"loc":{"start":{"line":40,"column":16},"end":{"line":40,"column":68}},"type":"binary-expr","locations":[{"start":{"line":40,"column":16},"end":{"line":40,"column":32}},{"start":{"line":40,"column":36},"end":{"line":40,"column":68}}],"line":40},"9":{"loc":{"start":{"line":45,"column":12},"end":{"line":48,"column":13}},"type":"if","locations":[{"start":{"line":45,"column":12},"end":{"line":48,"column":13}},{"start":{},"end":{}}],"line":45},"10":{"loc":{"start":{"line":45,"column":16},"end":{"line":45,"column":72}},"type":"binary-expr","locations":[{"start":{"line":45,"column":16},"end":{"line":45,"column":34}},{"start":{"line":45,"column":38},"end":{"line":45,"column":72}}],"line":45},"11":{"loc":{"start":{"line":102,"column":12},"end":{"line":102,"column":58}},"type":"if","locations":[{"start":{"line":102,"column":12},"end":{"line":102,"column":58}},{"start":{},"end":{}}],"line":102}},"s":{"0":2,"1":2,"2":1,"3":1,"4":1,"5":0,"6":0,"7":0,"8":1,"9":0,"10":0,"11":0,"12":0,"13":1,"14":1,"15":1,"16":1,"17":1,"18":1,"19":1,"20":1,"21":0,"22":0,"23":0,"24":0,"25":1,"26":1,"27":1,"28":1,"29":0,"30":7,"31":7,"32":7,"33":0,"34":1,"35":1,"36":1,"37":0,"38":6,"39":6,"40":12,"41":12,"42":4,"43":8,"44":2,"45":2,"46":4,"47":4,"48":3,"49":3,"50":3,"51":0,"52":1,"53":1,"54":1,"55":1,"56":1,"57":1,"58":0,"59":0,"60":2},"f":{"0":1,"1":0,"2":7,"3":1,"4":6,"5":3,"6":1},"b":{"0":[0,1],"1":[1,1],"2":[0,1],"3":[1,1],"4":[0,0],"5":[1,0],"6":[1,1],"7":[1,0],"8":[1,1],"9":[1,0],"10":[1,1],"11":[4,8]},"_coverageSchema":"1a1c01bbd47fc00a2c39e90264f33305004495a9","hash":"6ea43d1797ec89e4f92263510c611acf8a0fdea8"}
}
