TN:
SF:app.js
FNF:0
FNH:0
DA:1,2
DA:2,2
DA:5,2
DA:6,2
DA:7,2
DA:8,2
DA:9,2
DA:10,2
DA:11,2
DA:13,2
DA:14,2
DA:15,2
DA:16,2
DA:17,2
DA:28,2
LF:15
LH:15
BRDA:1,0,0,2
BRDA:1,0,1,0
BRF:2
BRH:1
end_of_record
TN:
SF:controllers\adminController.js
FN:12,(anonymous_0)
FN:49,(anonymous_1)
FN:69,(anonymous_2)
FN:77,(anonymous_3)
FN:143,(anonymous_4)
FN:167,(anonymous_5)
FN:170,(anonymous_6)
FN:174,(anonymous_7)
FN:219,(anonymous_8)
FN:236,(anonymous_9)
FN:269,(anonymous_10)
FN:300,(anonymous_11)
FN:340,(anonymous_12)
FN:362,(anonymous_13)
FNF:14
FNH:14
FNDA:5,(anonymous_0)
FNDA:9,(anonymous_1)
FNDA:4,(anonymous_2)
FNDA:2,(anonymous_3)
FNDA:1,(anonymous_4)
FNDA:11,(anonymous_5)
FNDA:22,(anonymous_6)
FNDA:22,(anonymous_7)
FNDA:2,(anonymous_8)
FNDA:2,(anonymous_9)
FNDA:2,(anonymous_10)
FNDA:3,(anonymous_11)
FNDA:2,(anonymous_12)
FNDA:1,(anonymous_13)
DA:1,2
DA:2,2
DA:3,2
DA:4,2
DA:5,2
DA:6,2
DA:7,2
DA:13,5
DA:14,5
DA:15,5
DA:16,3
DA:17,3
DA:18,2
DA:20,2
DA:22,2
DA:24,2
DA:26,1
DA:28,1
DA:29,1
DA:31,1
DA:33,1
DA:34,1
DA:35,1
DA:36,1
DA:43,1
DA:45,4
DA:50,9
DA:51,9
DA:52,9
DA:54,6
DA:56,1
DA:58,1
DA:63,1
DA:65,8
DA:70,4
DA:71,4
DA:76,4
DA:77,2
DA:81,2
DA:87,4
DA:89,2
DA:90,1
DA:92,1
DA:95,2
DA:97,2
DA:101,4
DA:102,1
DA:103,1
DA:104,1
DA:107,1
DA:108,1
DA:109,1
DA:112,3
DA:113,3
DA:114,3
DA:115,3
DA:117,4
DA:118,0
DA:121,4
DA:123,4
DA:124,4
DA:126,4
DA:128,4
DA:130,4
DA:137,4
DA:139,0
DA:144,1
DA:145,1
DA:146,1
DA:147,1
DA:148,1
DA:153,1
DA:156,1
DA:161,1
DA:163,0
DA:168,11
DA:169,11
DA:170,11
DA:171,22
DA:174,11
DA:175,22
DA:178,11
DA:179,11
DA:181,11
DA:183,11
DA:185,9
DA:186,13
DA:187,5
DA:192,4
DA:193,6
DA:194,6
DA:195,5
DA:196,5
DA:198,5
DA:199,4
DA:203,2
DA:207,2
DA:212,2
DA:214,9
DA:215,9
DA:220,2
DA:221,2
DA:223,2
DA:225,1
DA:230,1
DA:232,1
DA:237,2
DA:238,2
DA:240,2
DA:242,2
DA:244,1
DA:245,0
DA:249,1
DA:250,1
DA:252,1
DA:256,1
DA:261,1
DA:263,1
DA:264,1
DA:270,2
DA:271,2
DA:272,2
DA:273,2
DA:275,2
DA:276,1
DA:279,1
DA:281,1
DA:285,1
DA:291,1
DA:295,1
DA:296,1
DA:301,3
DA:302,3
DA:303,3
DA:304,3
DA:305,3
DA:306,1
DA:308,2
DA:309,2
DA:310,2
DA:311,2
DA:314,0
DA:317,2
DA:318,1
DA:321,1
DA:322,1
DA:323,1
DA:326,1
DA:332,1
DA:335,2
DA:336,2
DA:341,2
DA:342,2
DA:343,2
DA:344,2
DA:345,2
DA:347,1
DA:348,1
DA:350,1
DA:354,1
DA:357,1
DA:358,1
DA:363,1
DA:364,1
DA:368,1
DA:373,1
DA:375,0
DA:381,2
LF:168
LH:162
BRDA:15,0,0,2
BRDA:15,0,1,3
BRDA:15,1,0,5
BRDA:15,1,1,4
BRDA:17,2,0,1
BRDA:17,2,1,2
BRDA:20,3,0,0
BRDA:20,3,1,2
BRDA:24,4,0,1
BRDA:24,4,1,1
BRDA:52,5,0,3
BRDA:52,5,1,6
BRDA:52,6,0,9
BRDA:52,6,1,9
BRDA:52,6,2,8
BRDA:52,6,3,7
BRDA:76,7,0,2
BRDA:76,7,1,2
BRDA:76,8,0,4
BRDA:76,8,1,4
BRDA:87,9,0,2
BRDA:87,9,1,2
BRDA:87,10,0,4
BRDA:87,10,1,4
BRDA:89,11,0,1
BRDA:89,11,1,1
BRDA:101,12,0,1
BRDA:101,12,1,3
BRDA:101,13,0,4
BRDA:101,13,1,4
BRDA:102,14,0,1
BRDA:102,14,1,0
BRDA:102,15,0,1
BRDA:102,15,1,1
BRDA:107,16,0,1
BRDA:107,16,1,0
BRDA:107,17,0,1
BRDA:107,17,1,1
BRDA:117,18,0,0
BRDA:117,18,1,4
BRDA:117,19,0,4
BRDA:117,19,1,4
BRDA:147,20,0,1
BRDA:147,20,1,0
BRDA:183,21,0,2
BRDA:183,21,1,9
BRDA:183,22,0,11
BRDA:183,22,1,11
BRDA:183,22,2,11
BRDA:186,23,0,5
BRDA:186,23,1,8
BRDA:194,24,0,1
BRDA:194,24,1,5
BRDA:223,25,0,1
BRDA:223,25,1,1
BRDA:242,26,0,1
BRDA:242,26,1,1
BRDA:244,27,0,0
BRDA:244,27,1,1
BRDA:275,28,0,1
BRDA:275,28,1,1
BRDA:275,29,0,2
BRDA:275,29,1,1
BRDA:275,29,2,1
BRDA:275,29,3,1
BRDA:275,29,4,1
BRDA:275,29,5,1
BRDA:305,30,0,1
BRDA:305,30,1,2
BRDA:310,31,0,2
BRDA:310,31,1,0
BRDA:317,32,0,1
BRDA:317,32,1,1
BRDA:317,33,0,2
BRDA:317,33,1,1
BRDA:317,33,2,1
BRDA:317,33,3,1
BRDA:317,33,4,1
BRDA:317,33,5,1
BRDA:345,34,0,1
BRDA:345,34,1,1
BRF:81
BRH:74
end_of_record
TN:
SF:controllers\userController.js
FN:9,cookienize
FN:23,(anonymous_1)
FN:59,(anonymous_2)
FN:78,(anonymous_3)
FN:86,(anonymous_4)
FN:153,(anonymous_5)
FN:170,(anonymous_6)
FN:190,(anonymous_7)
FN:193,(anonymous_8)
FN:197,(anonymous_9)
FN:241,(anonymous_10)
FNF:11
FNH:11
FNDA:1,cookienize
FNDA:5,(anonymous_1)
FNDA:7,(anonymous_2)
FNDA:4,(anonymous_3)
FNDA:2,(anonymous_4)
FNDA:2,(anonymous_5)
FNDA:2,(anonymous_6)
FNDA:13,(anonymous_7)
FNDA:26,(anonymous_8)
FNDA:26,(anonymous_9)
FNDA:3,(anonymous_10)
DA:1,2
DA:2,2
DA:3,2
DA:4,2
DA:5,2
DA:6,2
DA:10,1
DA:11,1
DA:12,1
DA:17,1
DA:19,1
DA:24,5
DA:25,5
DA:26,5
DA:27,3
DA:28,3
DA:29,2
DA:31,2
DA:33,2
DA:35,2
DA:37,1
DA:38,1
DA:39,1
DA:41,1
DA:42,1
DA:43,1
DA:44,1
DA:45,1
DA:52,1
DA:55,4
DA:60,7
DA:61,7
DA:62,7
DA:64,4
DA:66,1
DA:68,1
DA:72,1
DA:74,6
DA:79,4
DA:80,4
DA:85,4
DA:86,2
DA:90,2
DA:96,4
DA:98,2
DA:99,1
DA:101,1
DA:104,2
DA:107,2
DA:111,4
DA:112,1
DA:113,1
DA:114,1
DA:117,1
DA:118,1
DA:119,1
DA:122,3
DA:123,3
DA:124,3
DA:125,3
DA:129,4
DA:130,0
DA:133,4
DA:134,4
DA:135,4
DA:137,4
DA:139,4
DA:141,4
DA:147,4
DA:149,0
DA:154,2
DA:155,2
DA:157,2
DA:159,1
DA:164,1
DA:166,1
DA:171,2
DA:172,2
DA:173,2
DA:174,1
DA:176,1
DA:179,1
DA:184,1
DA:186,1
DA:191,13
DA:192,13
DA:193,13
DA:194,26
DA:197,13
DA:198,26
DA:202,13
DA:203,13
DA:204,13
DA:206,13
DA:208,12
DA:209,16
DA:210,8
DA:213,4
DA:214,6
DA:215,6
DA:216,5
DA:217,5
DA:219,5
DA:220,4
DA:223,2
DA:229,2
DA:234,2
DA:236,11
DA:237,11
DA:242,3
DA:243,3
DA:245,3
DA:247,3
DA:249,2
DA:250,1
DA:253,1
DA:254,1
DA:255,1
DA:256,1
DA:258,1
DA:263,1
DA:268,1
DA:270,2
DA:271,2
DA:277,2
LF:125
LH:123
BRDA:26,0,0,2
BRDA:26,0,1,3
BRDA:26,1,0,5
BRDA:26,1,1,4
BRDA:28,2,0,1
BRDA:28,2,1,2
BRDA:31,3,0,0
BRDA:31,3,1,2
BRDA:35,4,0,1
BRDA:35,4,1,1
BRDA:62,5,0,3
BRDA:62,5,1,4
BRDA:62,6,0,7
BRDA:62,6,1,7
BRDA:62,6,2,6
BRDA:62,6,3,5
BRDA:85,7,0,2
BRDA:85,7,1,2
BRDA:85,8,0,4
BRDA:85,8,1,4
BRDA:96,9,0,2
BRDA:96,9,1,2
BRDA:96,10,0,4
BRDA:96,10,1,4
BRDA:98,11,0,1
BRDA:98,11,1,1
BRDA:111,12,0,1
BRDA:111,12,1,3
BRDA:111,13,0,4
BRDA:111,13,1,4
BRDA:112,14,0,1
BRDA:112,14,1,0
BRDA:112,15,0,1
BRDA:112,15,1,1
BRDA:117,16,0,1
BRDA:117,16,1,0
BRDA:117,17,0,1
BRDA:117,17,1,1
BRDA:129,18,0,0
BRDA:129,18,1,4
BRDA:129,19,0,4
BRDA:129,19,1,4
BRDA:157,20,0,1
BRDA:157,20,1,1
BRDA:173,21,0,1
BRDA:173,21,1,1
BRDA:206,22,0,1
BRDA:206,22,1,12
BRDA:206,23,0,13
BRDA:206,23,1,13
BRDA:206,23,2,13
BRDA:209,24,0,8
BRDA:209,24,1,8
BRDA:215,25,0,1
BRDA:215,25,1,5
BRDA:247,26,0,1
BRDA:247,26,1,2
BRDA:249,27,0,1
BRDA:249,27,1,1
BRF:59
BRH:55
end_of_record
TN:
SF:helpers\bcrypt.js
FN:4,hashPassword
FN:8,comparePassword
FNF:2
FNH:2
FNDA:14,hashPassword
FNDA:4,comparePassword
DA:1,2
DA:2,2
DA:5,14
DA:9,4
DA:12,2
LF:5
LH:5
BRF:0
BRH:0
end_of_record
TN:
SF:helpers\cookies.js
FN:3,cookienize
FN:16,decookienize
FNF:2
FNH:2
FNDA:50,cookienize
FNDA:55,decookienize
DA:1,2
DA:4,50
DA:5,50
DA:6,50
DA:11,50
DA:13,50
DA:17,55
DA:19,55
DA:24,2
LF:9
LH:9
BRF:0
BRH:0
end_of_record
TN:
SF:helpers\imageUploader.js
FN:5,(anonymous_0)
FN:8,(anonymous_1)
FNF:2
FNH:2
FNDA:2,(anonymous_0)
FNDA:2,(anonymous_1)
DA:1,2
DA:2,2
DA:4,2
DA:6,2
DA:9,2
DA:13,2
DA:15,2
LF:7
LH:7
BRF:0
BRH:0
end_of_record
TN:
SF:helpers\jwt.js
FN:4,signToken
FN:8,verifyToken
FNF:2
FNH:2
FNDA:37,signToken
FNDA:52,verifyToken
DA:1,2
DA:2,2
DA:5,37
DA:9,52
DA:12,2
LF:5
LH:5
BRF:0
BRH:0
end_of_record
TN:
SF:helpers\nodeMailer.js
FNF:0
FNH:0
LF:0
LH:0
BRF:0
BRH:0
end_of_record
TN:
SF:middlewares\authentication.js
FN:5,authentication
FNF:1
FNH:1
FNDA:24,authentication
DA:1,2
DA:2,2
DA:3,2
DA:6,24
DA:7,24
DA:8,24
DA:9,1
DA:12,23
DA:14,23
DA:15,23
DA:17,22
DA:19,19
DA:21,19
DA:22,18
DA:27,18
DA:29,6
DA:33,2
LF:17
LH:17
BRDA:8,0,0,1
BRDA:8,0,1,23
BRDA:15,1,0,1
BRDA:15,1,1,22
BRDA:21,2,0,1
BRDA:21,2,1,18
BRF:6
BRH:6
end_of_record
TN:
SF:middlewares\authenticationAdmin.js
FN:7,authenticationAdmin
FNF:1
FNH:1
FNDA:33,authenticationAdmin
DA:1,2
DA:2,2
DA:3,2
DA:8,33
DA:10,33
DA:11,33
DA:12,1
DA:15,32
DA:17,32
DA:18,32
DA:20,30
DA:23,24
DA:25,24
DA:27,23
DA:28,23
DA:30,22
DA:34,22
DA:36,11
DA:40,2
LF:19
LH:19
BRDA:11,0,0,1
BRDA:11,0,1,32
BRDA:18,1,0,2
BRDA:18,1,1,30
BRDA:25,2,0,1
BRDA:25,2,1,23
BRDA:28,3,0,1
BRDA:28,3,1,22
BRF:8
BRH:8
end_of_record
TN:
SF:middlewares\errorHandler.js
FN:1,errorHandler
FNF:1
FNH:1
FNDA:69,errorHandler
DA:2,69
DA:3,69
DA:4,69
DA:5,69
DA:7,8
DA:8,8
DA:9,8
DA:11,4
DA:12,4
DA:13,4
DA:15,0
DA:16,0
DA:18,9
DA:19,9
DA:20,9
DA:22,12
DA:23,12
DA:24,12
DA:26,6
DA:27,6
DA:28,6
DA:30,0
DA:32,0
DA:34,4
DA:35,4
DA:36,4
DA:38,9
DA:39,9
DA:40,9
DA:42,2
DA:43,2
DA:44,2
DA:46,13
DA:47,13
DA:48,13
DA:50,1
DA:51,1
DA:52,1
DA:54,1
DA:55,1
DA:56,1
DA:59,69
DA:62,2
LF:43
LH:39
BRDA:5,0,0,8
BRDA:5,0,1,4
BRDA:5,0,2,0
BRDA:5,0,3,9
BRDA:5,0,4,12
BRDA:5,0,5,6
BRDA:5,0,6,0
BRDA:5,0,7,4
BRDA:5,0,8,9
BRDA:5,0,9,2
BRDA:5,0,10,13
BRDA:5,0,11,1
BRDA:5,0,12,1
BRF:13
BRH:11
end_of_record
TN:
SF:models\admin.js
FN:5,(anonymous_0)
FN:12,(anonymous_1)
FN:24,(anonymous_2)
FNF:3
FNH:3
FNDA:2,(anonymous_0)
FNDA:2,(anonymous_1)
FNDA:1,(anonymous_2)
DA:4,2
DA:5,2
DA:14,2
DA:17,2
DA:25,1
DA:29,2
LF:6
LH:6
BRF:0
BRH:0
end_of_record
TN:
SF:models\index.js
FN:21,(anonymous_0)
FN:29,(anonymous_1)
FN:34,(anonymous_2)
FNF:3
FNH:3
FNDA:12,(anonymous_0)
FNDA:10,(anonymous_1)
FNDA:10,(anonymous_2)
DA:3,2
DA:4,2
DA:5,2
DA:6,2
DA:7,2
DA:8,2
DA:9,2
DA:10,2
DA:13,2
DA:14,0
DA:16,2
DA:19,2
DA:22,12
DA:30,10
DA:31,10
DA:34,2
DA:35,10
DA:36,10
DA:40,2
DA:41,2
DA:43,2
LF:21
LH:20
BRDA:8,0,0,2
BRDA:8,0,1,0
BRDA:13,1,0,0
BRDA:13,1,1,2
BRDA:23,2,0,12
BRDA:23,2,1,12
BRDA:23,2,2,10
BRDA:23,2,3,10
BRDA:35,3,0,10
BRDA:35,3,1,0
BRF:10
BRH:7
end_of_record
TN:
SF:models\item.js
FN:5,(anonymous_0)
FN:12,(anonymous_1)
FNF:2
FNH:2
FNDA:2,(anonymous_0)
FNDA:2,(anonymous_1)
DA:4,2
DA:5,2
DA:14,2
DA:17,2
DA:89,2
LF:5
LH:5
BRF:0
BRH:0
end_of_record
TN:
SF:models\rent.js
FN:6,(anonymous_0)
FN:13,(anonymous_1)
FNF:2
FNH:2
FNDA:2,(anonymous_0)
FNDA:2,(anonymous_1)
DA:2,2
DA:5,2
DA:6,2
DA:15,2
DA:16,2
DA:19,2
DA:109,2
LF:7
LH:7
BRF:0
BRH:0
end_of_record
TN:
SF:models\user.js
FN:5,(anonymous_0)
FN:12,(anonymous_1)
FN:25,(anonymous_2)
FNF:3
FNH:3
FNDA:2,(anonymous_0)
FNDA:2,(anonymous_1)
FNDA:1,(anonymous_2)
DA:4,2
DA:5,2
DA:14,2
DA:17,2
DA:26,1
DA:30,2
LF:6
LH:6
BRF:0
BRH:0
end_of_record
TN:
SF:models\userdata.js
FN:6,(anonymous_0)
FN:13,(anonymous_1)
FN:64,(anonymous_2)
FN:89,(anonymous_3)
FNF:4
FNH:4
FNDA:2,(anonymous_0)
FNDA:2,(anonymous_1)
FNDA:10,(anonymous_2)
FNDA:6,(anonymous_3)
DA:4,2
DA:5,2
DA:6,2
DA:15,2
DA:16,2
DA:17,2
DA:20,2
DA:65,10
DA:66,2
DA:90,6
DA:94,2
LF:11
LH:11
BRDA:65,0,0,2
BRDA:65,0,1,8
BRF:2
BRH:2
end_of_record
TN:
SF:routers\adminRouter.js
FNF:0
FNH:0
DA:1,2
DA:2,2
DA:3,2
DA:4,2
DA:5,2
DA:7,2
DA:8,2
DA:9,2
DA:10,2
DA:11,2
DA:12,2
DA:13,2
DA:14,2
DA:15,2
DA:16,2
DA:17,2
DA:18,2
DA:20,2
LF:18
LH:18
BRF:0
BRH:0
end_of_record
TN:
SF:routers\router.js
FNF:0
FNH:0
DA:1,2
DA:2,2
DA:3,2
DA:4,2
DA:5,2
DA:7,2
DA:8,2
DA:10,2
DA:13,2
LF:9
LH:9
BRF:0
BRH:0
end_of_record
TN:
SF:routers\userRouter.js
FNF:0
FNH:0
DA:1,2
DA:2,2
DA:3,2
DA:4,2
DA:6,2
DA:7,2
DA:8,2
DA:9,2
DA:10,2
DA:11,2
DA:12,2
DA:13,2
DA:16,2
LF:13
LH:13
BRF:0
BRH:0
end_of_record
TN:
SF:services\adminServices.js
FNF:0
FNH:0
DA:1,2
DA:2,2
DA:191,2
LF:3
LH:3
BRF:0
BRH:0
end_of_record
TN:
SF:services\userServices.js
FNF:0
FNH:0
DA:1,2
DA:2,2
DA:3,2
DA:168,2
LF:4
LH:4
BRF:0
BRH:0
end_of_record
