TN:
SF:app.js
FN:17,testInterval
FNF:1
FNH:0
FNDA:0,testInterval
DA:1,2
DA:2,2
DA:5,2
DA:6,2
DA:7,2
DA:8,2
DA:9,2
DA:11,2
DA:12,2
DA:13,2
DA:14,2
DA:15,2
DA:18,0
DA:23,2
LF:14
LH:13
BRDA:1,0,0,2
BRDA:1,0,1,0
BRF:2
BRH:1
end_of_record
TN:
SF:controllers\adminController.js
FN:8,(anonymous_0)
FN:30,(anonymous_1)
FN:45,(anonymous_2)
FN:55,(anonymous_3)
FN:65,(anonymous_4)
FN:67,(anonymous_5)
FN:85,(anonymous_6)
FN:96,(anonymous_7)
FN:116,(anonymous_8)
FNF:9
FNH:8
FNDA:5,(anonymous_0)
FNDA:7,(anonymous_1)
FNDA:1,(anonymous_2)
FNDA:1,(anonymous_3)
FNDA:7,(anonymous_4)
FNDA:14,(anonymous_5)
FNDA:2,(anonymous_6)
FNDA:2,(anonymous_7)
FNDA:0,(anonymous_8)
DA:1,2
DA:2,2
DA:3,2
DA:4,2
DA:9,5
DA:10,5
DA:11,5
DA:12,3
DA:13,3
DA:14,2
DA:16,2
DA:18,2
DA:20,2
DA:22,1
DA:24,1
DA:26,4
DA:31,7
DA:32,7
DA:33,7
DA:35,4
DA:37,1
DA:39,1
DA:41,6
DA:46,1
DA:47,1
DA:49,1
DA:51,0
DA:56,1
DA:57,1
DA:58,1
DA:59,1
DA:61,0
DA:66,7
DA:67,7
DA:68,14
DA:71,7
DA:72,7
DA:73,7
DA:74,7
DA:75,7
DA:77,6
DA:79,2
DA:81,5
DA:86,2
DA:87,2
DA:89,2
DA:90,1
DA:92,1
DA:97,2
DA:98,2
DA:99,2
DA:101,2
DA:103,1
DA:104,0
DA:107,1
DA:109,1
DA:111,1
DA:117,0
DA:120,0
DA:126,2
LF:60
LH:55
BRDA:11,0,0,2
BRDA:11,0,1,3
BRDA:11,1,0,5
BRDA:11,1,1,4
BRDA:13,2,0,1
BRDA:13,2,1,2
BRDA:16,3,0,0
BRDA:16,3,1,2
BRDA:20,4,0,1
BRDA:20,4,1,1
BRDA:33,5,0,3
BRDA:33,5,1,4
BRDA:33,6,0,7
BRDA:33,6,1,6
BRDA:33,6,2,5
BRDA:75,7,0,1
BRDA:75,7,1,6
BRDA:75,8,0,7
BRDA:75,8,1,7
BRDA:75,8,2,7
BRDA:89,9,0,1
BRDA:89,9,1,1
BRDA:101,10,0,1
BRDA:101,10,1,1
BRDA:103,11,0,0
BRDA:103,11,1,1
BRF:26
BRH:24
end_of_record
TN:
SF:controllers\userController.js
FN:9,(anonymous_0)
FN:32,(anonymous_1)
FN:47,(anonymous_2)
FN:57,(anonymous_3)
FN:68,(anonymous_4)
FN:78,(anonymous_5)
FN:80,(anonymous_6)
FN:98,(anonymous_7)
FNF:8
FNH:8
FNDA:5,(anonymous_0)
FNDA:7,(anonymous_1)
FNDA:1,(anonymous_2)
FNDA:2,(anonymous_3)
FNDA:1,(anonymous_4)
FNDA:7,(anonymous_5)
FNDA:14,(anonymous_6)
FNDA:2,(anonymous_7)
DA:1,2
DA:2,2
DA:3,2
DA:4,2
DA:10,5
DA:11,5
DA:12,5
DA:13,3
DA:14,3
DA:15,2
DA:17,2
DA:19,2
DA:21,2
DA:23,1
DA:25,1
DA:28,4
DA:33,7
DA:34,7
DA:35,7
DA:37,4
DA:39,1
DA:41,1
DA:43,6
DA:48,1
DA:49,1
DA:51,1
DA:53,0
DA:58,2
DA:59,2
DA:61,2
DA:62,1
DA:64,1
DA:69,1
DA:70,1
DA:71,1
DA:72,1
DA:74,0
DA:79,7
DA:80,7
DA:81,14
DA:84,7
DA:85,7
DA:86,7
DA:87,7
DA:88,7
DA:90,6
DA:92,2
DA:94,5
DA:99,2
DA:100,2
DA:101,2
DA:103,2
DA:105,1
DA:106,0
DA:109,1
DA:111,1
DA:113,1
DA:119,2
LF:58
LH:55
BRDA:12,0,0,2
BRDA:12,0,1,3
BRDA:12,1,0,5
BRDA:12,1,1,4
BRDA:14,2,0,1
BRDA:14,2,1,2
BRDA:17,3,0,0
BRDA:17,3,1,2
BRDA:21,4,0,1
BRDA:21,4,1,1
BRDA:35,5,0,3
BRDA:35,5,1,4
BRDA:35,6,0,7
BRDA:35,6,1,6
BRDA:35,6,2,5
BRDA:61,7,0,1
BRDA:61,7,1,1
BRDA:88,8,0,1
BRDA:88,8,1,6
BRDA:88,9,0,7
BRDA:88,9,1,7
BRDA:88,9,2,7
BRDA:103,10,0,1
BRDA:103,10,1,1
BRDA:105,11,0,0
BRDA:105,11,1,1
BRF:26
BRH:24
end_of_record
TN:
SF:helpers\bcrypt.js
FN:4,hashPassword
FN:8,comparePassword
FNF:2
FNH:2
FNDA:10,hashPassword
FNDA:4,comparePassword
DA:1,2
DA:2,2
DA:5,10
DA:9,4
DA:12,2
LF:5
LH:5
BRF:0
BRH:0
end_of_record
TN:
SF:helpers\imageUploader.js
FN:5,(anonymous_0)
FN:8,(anonymous_1)
FNF:2
FNH:0
FNDA:0,(anonymous_0)
FNDA:0,(anonymous_1)
DA:1,2
DA:2,2
DA:4,2
DA:6,0
DA:9,0
DA:13,2
DA:15,2
LF:7
LH:5
BRF:0
BRH:0
end_of_record
TN:
SF:helpers\jwt.js
FN:4,signToken
FN:8,verifyToken
FNF:2
FNH:2
FNDA:16,signToken
FNDA:26,verifyToken
DA:1,2
DA:2,2
DA:5,16
DA:9,26
DA:12,2
LF:5
LH:5
BRF:0
BRH:0
end_of_record
TN:
SF:middlewares\authentication.js
FN:4,authentication
FNF:1
FNH:1
FNDA:13,authentication
DA:1,2
DA:2,2
DA:5,13
DA:6,13
DA:8,13
DA:10,13
DA:11,13
DA:12,10
DA:14,10
DA:16,10
DA:17,10
DA:21,10
DA:23,3
DA:27,2
LF:14
LH:14
BRDA:8,0,0,0
BRDA:8,0,1,13
BRDA:12,1,0,0
BRDA:12,1,1,10
BRDA:16,2,0,0
BRDA:16,2,1,10
BRF:6
BRH:3
end_of_record
TN:
SF:middlewares\authenticationAdmin.js
FN:4,authenticationAdmin
FNF:1
FNH:1
FNDA:13,authenticationAdmin
DA:1,2
DA:2,2
DA:5,13
DA:6,13
DA:8,13
DA:10,13
DA:11,13
DA:12,10
DA:14,10
DA:16,10
DA:18,10
DA:19,10
DA:21,10
DA:25,10
DA:27,3
DA:31,2
LF:16
LH:16
BRDA:8,0,0,0
BRDA:8,0,1,13
BRDA:12,1,0,0
BRDA:12,1,1,10
BRDA:16,2,0,0
BRDA:16,2,1,10
BRDA:19,3,0,0
BRDA:19,3,1,10
BRDA:19,4,0,10
BRDA:19,4,1,0
BRF:10
BRH:5
end_of_record
TN:
SF:middlewares\errorHandler.js
FN:1,errorHandler
FNF:1
FNH:1
FNDA:40,errorHandler
DA:2,40
DA:3,40
DA:4,40
DA:5,40
DA:7,6
DA:8,6
DA:9,6
DA:11,4
DA:12,4
DA:13,4
DA:15,0
DA:16,0
DA:19,10
DA:20,10
DA:21,10
DA:23,4
DA:24,4
DA:25,4
DA:27,0
DA:29,0
DA:32,2
DA:33,2
DA:34,2
DA:36,6
DA:37,6
DA:38,6
DA:40,8
DA:41,8
DA:42,8
DA:44,0
DA:45,0
DA:46,0
DA:48,0
DA:49,0
DA:50,0
DA:53,40
DA:56,2
LF:37
LH:27
BRDA:5,0,0,6
BRDA:5,0,1,4
BRDA:5,0,2,0
BRDA:5,0,3,6
BRDA:5,0,4,10
BRDA:5,0,5,4
BRDA:5,0,6,0
BRDA:5,0,7,0
BRDA:5,0,8,2
BRDA:5,0,9,6
BRDA:5,0,10,8
BRDA:5,0,11,0
BRDA:5,0,12,0
BRF:13
BRH:8
end_of_record
TN:
SF:models\admin.js
FN:5,(anonymous_0)
FN:12,(anonymous_1)
FN:24,(anonymous_2)
FNF:3
FNH:3
FNDA:2,(anonymous_0)
FNDA:2,(anonymous_1)
FNDA:1,(anonymous_2)
DA:4,2
DA:5,2
DA:14,2
DA:17,2
DA:25,1
DA:29,2
LF:6
LH:6
BRF:0
BRH:0
end_of_record
TN:
SF:models\index.js
FN:21,(anonymous_0)
FN:29,(anonymous_1)
FN:34,(anonymous_2)
FNF:3
FNH:3
FNDA:12,(anonymous_0)
FNDA:10,(anonymous_1)
FNDA:10,(anonymous_2)
DA:3,2
DA:4,2
DA:5,2
DA:6,2
DA:7,2
DA:8,2
DA:9,2
DA:10,2
DA:13,2
DA:14,0
DA:16,2
DA:19,2
DA:22,12
DA:30,10
DA:31,10
DA:34,2
DA:35,10
DA:36,10
DA:40,2
DA:41,2
DA:43,2
LF:21
LH:20
BRDA:8,0,0,2
BRDA:8,0,1,0
BRDA:13,1,0,0
BRDA:13,1,1,2
BRDA:23,2,0,12
BRDA:23,2,1,12
BRDA:23,2,2,10
BRDA:23,2,3,10
BRDA:35,3,0,10
BRDA:35,3,1,0
BRF:10
BRH:7
end_of_record
TN:
SF:models\item.js
FN:5,(anonymous_0)
FN:12,(anonymous_1)
FNF:2
FNH:2
FNDA:2,(anonymous_0)
FNDA:2,(anonymous_1)
DA:4,2
DA:5,2
DA:14,2
DA:17,2
DA:89,2
LF:5
LH:5
BRF:0
BRH:0
end_of_record
TN:
SF:models\rent.js
FN:6,(anonymous_0)
FN:13,(anonymous_1)
FN:93,(anonymous_2)
FN:94,(anonymous_3)
FNF:4
FNH:4
FNDA:2,(anonymous_0)
FNDA:2,(anonymous_1)
FNDA:4,(anonymous_2)
FNDA:8,(anonymous_3)
DA:2,2
DA:5,2
DA:6,2
DA:15,2
DA:16,2
DA:19,2
DA:94,4
DA:95,8
DA:100,2
LF:9
LH:9
BRF:0
BRH:0
end_of_record
TN:
SF:models\user.js
FN:5,(anonymous_0)
FN:12,(anonymous_1)
FN:25,(anonymous_2)
FNF:3
FNH:3
FNDA:2,(anonymous_0)
FNDA:2,(anonymous_1)
FNDA:1,(anonymous_2)
DA:4,2
DA:5,2
DA:14,2
DA:17,2
DA:26,1
DA:30,2
LF:6
LH:6
BRF:0
BRH:0
end_of_record
TN:
SF:models\userdata.js
FN:6,(anonymous_0)
FN:13,(anonymous_1)
FN:52,(anonymous_2)
FN:77,(anonymous_3)
FNF:4
FNH:4
FNDA:2,(anonymous_0)
FNDA:2,(anonymous_1)
FNDA:8,(anonymous_2)
FNDA:4,(anonymous_3)
DA:4,2
DA:5,2
DA:6,2
DA:15,2
DA:16,2
DA:17,2
DA:20,2
DA:53,8
DA:54,2
DA:78,4
DA:82,2
LF:11
LH:11
BRDA:53,0,0,2
BRDA:53,0,1,6
BRF:2
BRH:2
end_of_record
TN:
SF:routers\adminRouter.js
FNF:0
FNH:0
DA:1,2
DA:2,2
DA:3,2
DA:4,2
DA:5,2
DA:7,2
DA:8,2
DA:9,2
DA:10,2
DA:11,2
DA:12,2
DA:13,2
DA:14,2
DA:17,2
LF:14
LH:14
BRF:0
BRH:0
end_of_record
TN:
SF:routers\router.js
FNF:0
FNH:0
DA:1,2
DA:2,2
DA:3,2
DA:4,2
DA:5,2
DA:7,2
DA:8,2
DA:10,2
DA:13,2
LF:9
LH:9
BRF:0
BRH:0
end_of_record
TN:
SF:routers\userRouter.js
FNF:0
FNH:0
DA:1,2
DA:2,2
DA:3,2
DA:4,2
DA:6,2
DA:7,2
DA:8,2
DA:9,2
DA:10,2
DA:11,2
DA:12,2
DA:15,2
LF:12
LH:12
BRF:0
BRH:0
end_of_record
TN:
SF:services\adminServices.js
FN:6,(anonymous_0)
FN:14,(anonymous_1)
FN:65,(anonymous_2)
FN:75,(anonymous_3)
FN:97,(anonymous_4)
FN:119,(anonymous_5)
FN:128,(anonymous_6)
FNF:7
FNH:6
FNDA:1,(anonymous_0)
FNDA:0,(anonymous_1)
FNDA:7,(anonymous_2)
FNDA:1,(anonymous_3)
FNDA:6,(anonymous_4)
FNDA:3,(anonymous_5)
FNDA:1,(anonymous_6)
DA:1,2
DA:2,2
DA:7,1
DA:8,1
DA:13,1
DA:14,0
DA:18,0
DA:24,1
DA:26,0
DA:27,0
DA:29,0
DA:32,0
DA:34,1
DA:38,1
DA:39,1
DA:40,1
DA:41,1
DA:44,1
DA:45,1
DA:46,1
DA:49,0
DA:50,0
DA:51,0
DA:52,0
DA:55,1
DA:56,1
DA:57,1
DA:58,1
DA:61,0
DA:66,7
DA:67,7
DA:69,7
DA:71,0
DA:76,1
DA:77,1
DA:91,1
DA:93,0
DA:98,6
DA:99,6
DA:100,12
DA:101,12
DA:103,8
DA:106,2
DA:109,2
DA:113,4
DA:115,4
DA:120,3
DA:121,3
DA:122,3
DA:124,0
DA:129,1
DA:130,1
DA:131,1
DA:132,1
DA:133,1
DA:135,1
DA:137,0
DA:138,0
DA:143,2
LF:59
LH:43
BRDA:13,0,0,0
BRDA:13,0,1,1
BRDA:13,1,0,1
BRDA:13,1,1,1
BRDA:24,2,0,0
BRDA:24,2,1,1
BRDA:24,3,0,1
BRDA:24,3,1,1
BRDA:26,4,0,0
BRDA:26,4,1,0
BRDA:38,5,0,1
BRDA:38,5,1,0
BRDA:38,6,0,1
BRDA:38,6,1,1
BRDA:39,7,0,1
BRDA:39,7,1,0
BRDA:39,8,0,1
BRDA:39,8,1,1
BRDA:44,9,0,1
BRDA:44,9,1,0
BRDA:44,10,0,1
BRDA:44,10,1,1
BRDA:101,11,0,4
BRDA:101,11,1,8
BRF:24
BRH:17
end_of_record
TN:
SF:services\userServices.js
FN:6,(anonymous_0)
FN:14,(anonymous_1)
FN:66,(anonymous_2)
FN:76,(anonymous_3)
FN:98,(anonymous_4)
FN:120,(anonymous_5)
FN:129,(anonymous_6)
FNF:7
FNH:6
FNDA:1,(anonymous_0)
FNDA:0,(anonymous_1)
FNDA:7,(anonymous_2)
FNDA:1,(anonymous_3)
FNDA:6,(anonymous_4)
FNDA:3,(anonymous_5)
FNDA:1,(anonymous_6)
DA:1,2
DA:2,2
DA:7,1
DA:8,1
DA:13,1
DA:14,0
DA:18,0
DA:24,1
DA:26,0
DA:27,0
DA:29,0
DA:32,0
DA:35,1
DA:39,1
DA:40,1
DA:41,1
DA:42,1
DA:45,1
DA:46,1
DA:47,1
DA:50,0
DA:51,0
DA:52,0
DA:53,0
DA:56,1
DA:57,1
DA:58,1
DA:59,1
DA:62,0
DA:67,7
DA:68,7
DA:70,7
DA:72,0
DA:77,1
DA:78,1
DA:92,1
DA:94,0
DA:99,6
DA:100,6
DA:101,12
DA:102,12
DA:104,8
DA:107,2
DA:110,2
DA:114,4
DA:116,4
DA:121,3
DA:122,3
DA:123,3
DA:125,0
DA:130,1
DA:131,1
DA:132,1
DA:133,1
DA:134,1
DA:136,1
DA:138,0
DA:139,0
DA:145,2
LF:59
LH:43
BRDA:13,0,0,0
BRDA:13,0,1,1
BRDA:13,1,0,1
BRDA:13,1,1,1
BRDA:24,2,0,0
BRDA:24,2,1,1
BRDA:24,3,0,1
BRDA:24,3,1,1
BRDA:26,4,0,0
BRDA:26,4,1,0
BRDA:39,5,0,1
BRDA:39,5,1,0
BRDA:39,6,0,1
BRDA:39,6,1,1
BRDA:40,7,0,1
BRDA:40,7,1,0
BRDA:40,8,0,1
BRDA:40,8,1,1
BRDA:45,9,0,1
BRDA:45,9,1,0
BRDA:45,10,0,1
BRDA:45,10,1,1
BRDA:102,11,0,4
BRDA:102,11,1,8
BRF:24
BRH:17
end_of_record
